<?xml version="1.0" encoding="UTF-8"?>
<testng-results skipped="0" failed="0" ignored="0" total="2" passed="2">
  <reporter-output>
    <line>
      <![CDATA[Webdriver Listener]]>
    </line>
    <line>
      <![CDATA[Webdriver Listener]]>
    </line>
    <line>
      <![CDATA[Webdriver Listener]]>
    </line>
    <line>
      <![CDATA[Webdriver Listener]]>
    </line>
    <line>
      <![CDATA[Webdriver Listener]]>
    </line>
    <line>
      <![CDATA[Webelement Listener]]>
    </line>
    <line>
      <![CDATA[Webdriver Listener]]>
    </line>
    <line>
      <![CDATA[Webelement Listener]]>
    </line>
    <line>
      <![CDATA[Webdriver Listener]]>
    </line>
    <line>
      <![CDATA[Webelement Listener]]>
    </line>
    <line>
      <![CDATA[Webdriver Listener]]>
    </line>
    <line>
      <![CDATA[Webelement Listener]]>
    </line>
    <line>
      <![CDATA[Webdriver Listener]]>
    </line>
    <line>
      <![CDATA[Webelement Listener]]>
    </line>
    <line>
      <![CDATA[Webdriver Listener]]>
    </line>
    <line>
      <![CDATA[Webelement Listener]]>
    </line>
    <line>
      <![CDATA[Webdriver Listener]]>
    </line>
    <line>
      <![CDATA[Webelement Listener]]>
    </line>
    <line>
      <![CDATA[Webdriver Listener]]>
    </line>
    <line>
      <![CDATA[Webelement Listener]]>
    </line>
    <line>
      <![CDATA[Webdriver Listener]]>
    </line>
    <line>
      <![CDATA[Webelement Listener]]>
    </line>
    <line>
      <![CDATA[Webdriver Listener]]>
    </line>
    <line>
      <![CDATA[Webelement Listener]]>
    </line>
    <line>
      <![CDATA[Webdriver Listener]]>
    </line>
    <line>
      <![CDATA[Webelement Listener]]>
    </line>
    <line>
      <![CDATA[Webdriver Listener]]>
    </line>
    <line>
      <![CDATA[Webelement Listener]]>
    </line>
    <line>
      <![CDATA[Webdriver Listener]]>
    </line>
    <line>
      <![CDATA[Webdriver Listener]]>
    </line>
    <line>
      <![CDATA[Webdriver Listener]]>
    </line>
    <line>
      <![CDATA[Webelement Listener]]>
    </line>
    <line>
      <![CDATA[Webelement Listener]]>
    </line>
    <line>
      <![CDATA[Webelement Listener]]>
    </line>
    <line>
      <![CDATA[Webelement Listener]]>
    </line>
    <line>
      <![CDATA[Webelement Listener]]>
    </line>
    <line>
      <![CDATA[Webelement Listener]]>
    </line>
    <line>
      <![CDATA[Webelement Listener]]>
    </line>
    <line>
      <![CDATA[Webelement Listener]]>
    </line>
    <line>
      <![CDATA[Webelement Listener]]>
    </line>
    <line>
      <![CDATA[Webdriver Listener]]>
    </line>
    <line>
      <![CDATA[Webelement Listener]]>
    </line>
    <line>
      <![CDATA[Webelement Listener]]>
    </line>
    <line>
      <![CDATA[Webelement Listener]]>
    </line>
    <line>
      <![CDATA[Webelement Listener]]>
    </line>
    <line>
      <![CDATA[Webelement Listener]]>
    </line>
    <line>
      <![CDATA[Webelement Listener]]>
    </line>
    <line>
      <![CDATA[Webelement Listener]]>
    </line>
    <line>
      <![CDATA[Webelement Listener]]>
    </line>
    <line>
      <![CDATA[Webelement Listener]]>
    </line>
    <line>
      <![CDATA[Webdriver Listener]]>
    </line>
    <line>
      <![CDATA[Webelement Listener]]>
    </line>
    <line>
      <![CDATA[Webelement Listener]]>
    </line>
    <line>
      <![CDATA[Webelement Listener]]>
    </line>
    <line>
      <![CDATA[Webelement Listener]]>
    </line>
    <line>
      <![CDATA[Webelement Listener]]>
    </line>
    <line>
      <![CDATA[Webelement Listener]]>
    </line>
    <line>
      <![CDATA[Webelement Listener]]>
    </line>
    <line>
      <![CDATA[Webelement Listener]]>
    </line>
    <line>
      <![CDATA[Webelement Listener]]>
    </line>
    <line>
      <![CDATA[Webdriver Listener]]>
    </line>
    <line>
      <![CDATA[Webelement Listener]]>
    </line>
    <line>
      <![CDATA[Webelement Listener]]>
    </line>
    <line>
      <![CDATA[Webelement Listener]]>
    </line>
    <line>
      <![CDATA[Webelement Listener]]>
    </line>
    <line>
      <![CDATA[Webelement Listener]]>
    </line>
    <line>
      <![CDATA[Webelement Listener]]>
    </line>
    <line>
      <![CDATA[Webelement Listener]]>
    </line>
    <line>
      <![CDATA[Webelement Listener]]>
    </line>
    <line>
      <![CDATA[Webelement Listener]]>
    </line>
    <line>
      <![CDATA[Webdriver Listener]]>
    </line>
    <line>
      <![CDATA[Webelement Listener]]>
    </line>
    <line>
      <![CDATA[Webelement Listener]]>
    </line>
    <line>
      <![CDATA[Webelement Listener]]>
    </line>
    <line>
      <![CDATA[Webelement Listener]]>
    </line>
    <line>
      <![CDATA[Webelement Listener]]>
    </line>
    <line>
      <![CDATA[Webelement Listener]]>
    </line>
    <line>
      <![CDATA[Webelement Listener]]>
    </line>
    <line>
      <![CDATA[Webelement Listener]]>
    </line>
    <line>
      <![CDATA[Webelement Listener]]>
    </line>
    <line>
      <![CDATA[Webdriver Listener]]>
    </line>
    <line>
      <![CDATA[Webelement Listener]]>
    </line>
    <line>
      <![CDATA[Webelement Listener]]>
    </line>
    <line>
      <![CDATA[Webelement Listener]]>
    </line>
    <line>
      <![CDATA[Webelement Listener]]>
    </line>
    <line>
      <![CDATA[Webelement Listener]]>
    </line>
    <line>
      <![CDATA[Webelement Listener]]>
    </line>
    <line>
      <![CDATA[Webelement Listener]]>
    </line>
    <line>
      <![CDATA[Webelement Listener]]>
    </line>
    <line>
      <![CDATA[Webelement Listener]]>
    </line>
    <line>
      <![CDATA[Webdriver Listener]]>
    </line>
    <line>
      <![CDATA[Webelement Listener]]>
    </line>
    <line>
      <![CDATA[Webelement Listener]]>
    </line>
    <line>
      <![CDATA[Webelement Listener]]>
    </line>
    <line>
      <![CDATA[Webelement Listener]]>
    </line>
    <line>
      <![CDATA[Webelement Listener]]>
    </line>
    <line>
      <![CDATA[Webelement Listener]]>
    </line>
    <line>
      <![CDATA[Webelement Listener]]>
    </line>
    <line>
      <![CDATA[Webelement Listener]]>
    </line>
    <line>
      <![CDATA[Webelement Listener]]>
    </line>
    <line>
      <![CDATA[Webdriver Listener]]>
    </line>
    <line>
      <![CDATA[Webelement Listener]]>
    </line>
    <line>
      <![CDATA[Webelement Listener]]>
    </line>
    <line>
      <![CDATA[Webelement Listener]]>
    </line>
    <line>
      <![CDATA[Webelement Listener]]>
    </line>
    <line>
      <![CDATA[Webelement Listener]]>
    </line>
    <line>
      <![CDATA[Webelement Listener]]>
    </line>
    <line>
      <![CDATA[Webelement Listener]]>
    </line>
    <line>
      <![CDATA[Webelement Listener]]>
    </line>
    <line>
      <![CDATA[Webelement Listener]]>
    </line>
    <line>
      <![CDATA[Webdriver Listener]]>
    </line>
    <line>
      <![CDATA[Webelement Listener]]>
    </line>
    <line>
      <![CDATA[Webelement Listener]]>
    </line>
    <line>
      <![CDATA[Webelement Listener]]>
    </line>
    <line>
      <![CDATA[Webelement Listener]]>
    </line>
    <line>
      <![CDATA[Webelement Listener]]>
    </line>
    <line>
      <![CDATA[Webelement Listener]]>
    </line>
    <line>
      <![CDATA[Webelement Listener]]>
    </line>
    <line>
      <![CDATA[Webelement Listener]]>
    </line>
    <line>
      <![CDATA[Webelement Listener]]>
    </line>
    <line>
      <![CDATA[Webdriver Listener]]>
    </line>
    <line>
      <![CDATA[Webelement Listener]]>
    </line>
    <line>
      <![CDATA[Webelement Listener]]>
    </line>
    <line>
      <![CDATA[Webelement Listener]]>
    </line>
    <line>
      <![CDATA[Webelement Listener]]>
    </line>
    <line>
      <![CDATA[Webelement Listener]]>
    </line>
    <line>
      <![CDATA[Webelement Listener]]>
    </line>
    <line>
      <![CDATA[Webelement Listener]]>
    </line>
    <line>
      <![CDATA[Webelement Listener]]>
    </line>
    <line>
      <![CDATA[Webelement Listener]]>
    </line>
    <line>
      <![CDATA[Webdriver Listener]]>
    </line>
    <line>
      <![CDATA[Webelement Listener]]>
    </line>
    <line>
      <![CDATA[Webelement Listener]]>
    </line>
    <line>
      <![CDATA[Webelement Listener]]>
    </line>
    <line>
      <![CDATA[Webelement Listener]]>
    </line>
    <line>
      <![CDATA[Webelement Listener]]>
    </line>
    <line>
      <![CDATA[Webelement Listener]]>
    </line>
    <line>
      <![CDATA[Webelement Listener]]>
    </line>
    <line>
      <![CDATA[Webelement Listener]]>
    </line>
    <line>
      <![CDATA[Webelement Listener]]>
    </line>
    <line>
      <![CDATA[Webdriver Listener]]>
    </line>
    <line>
      <![CDATA[Webelement Listener]]>
    </line>
    <line>
      <![CDATA[Webelement Listener]]>
    </line>
    <line>
      <![CDATA[Webelement Listener]]>
    </line>
    <line>
      <![CDATA[Webelement Listener]]>
    </line>
    <line>
      <![CDATA[Webelement Listener]]>
    </line>
    <line>
      <![CDATA[Webelement Listener]]>
    </line>
    <line>
      <![CDATA[Webelement Listener]]>
    </line>
    <line>
      <![CDATA[Webelement Listener]]>
    </line>
    <line>
      <![CDATA[Webelement Listener]]>
    </line>
    <line>
      <![CDATA[Webdriver Listener]]>
    </line>
    <line>
      <![CDATA[Webelement Listener]]>
    </line>
    <line>
      <![CDATA[Webelement Listener]]>
    </line>
    <line>
      <![CDATA[Webelement Listener]]>
    </line>
    <line>
      <![CDATA[Webelement Listener]]>
    </line>
    <line>
      <![CDATA[Webelement Listener]]>
    </line>
    <line>
      <![CDATA[Webelement Listener]]>
    </line>
    <line>
      <![CDATA[Webelement Listener]]>
    </line>
    <line>
      <![CDATA[Webelement Listener]]>
    </line>
    <line>
      <![CDATA[Webelement Listener]]>
    </line>
    <line>
      <![CDATA[Webdriver Listener]]>
    </line>
    <line>
      <![CDATA[Webelement Listener]]>
    </line>
    <line>
      <![CDATA[Webelement Listener]]>
    </line>
    <line>
      <![CDATA[Webelement Listener]]>
    </line>
    <line>
      <![CDATA[Webelement Listener]]>
    </line>
    <line>
      <![CDATA[Webelement Listener]]>
    </line>
    <line>
      <![CDATA[Webelement Listener]]>
    </line>
    <line>
      <![CDATA[Webelement Listener]]>
    </line>
    <line>
      <![CDATA[Webelement Listener]]>
    </line>
    <line>
      <![CDATA[Webelement Listener]]>
    </line>
    <line>
      <![CDATA[Webdriver Listener]]>
    </line>
    <line>
      <![CDATA[Webelement Listener]]>
    </line>
    <line>
      <![CDATA[Webelement Listener]]>
    </line>
    <line>
      <![CDATA[Webelement Listener]]>
    </line>
    <line>
      <![CDATA[Webelement Listener]]>
    </line>
    <line>
      <![CDATA[Webelement Listener]]>
    </line>
    <line>
      <![CDATA[Webelement Listener]]>
    </line>
    <line>
      <![CDATA[Webelement Listener]]>
    </line>
    <line>
      <![CDATA[Webelement Listener]]>
    </line>
    <line>
      <![CDATA[Webelement Listener]]>
    </line>
    <line>
      <![CDATA[Webdriver Listener]]>
    </line>
    <line>
      <![CDATA[Webelement Listener]]>
    </line>
    <line>
      <![CDATA[Webelement Listener]]>
    </line>
    <line>
      <![CDATA[Webelement Listener]]>
    </line>
    <line>
      <![CDATA[Webelement Listener]]>
    </line>
    <line>
      <![CDATA[Webelement Listener]]>
    </line>
    <line>
      <![CDATA[Webelement Listener]]>
    </line>
    <line>
      <![CDATA[Webelement Listener]]>
    </line>
    <line>
      <![CDATA[Webelement Listener]]>
    </line>
    <line>
      <![CDATA[Webelement Listener]]>
    </line>
    <line>
      <![CDATA[Webdriver Listener]]>
    </line>
    <line>
      <![CDATA[Webelement Listener]]>
    </line>
    <line>
      <![CDATA[Webelement Listener]]>
    </line>
    <line>
      <![CDATA[Webelement Listener]]>
    </line>
    <line>
      <![CDATA[Webelement Listener]]>
    </line>
    <line>
      <![CDATA[Webelement Listener]]>
    </line>
    <line>
      <![CDATA[Webelement Listener]]>
    </line>
    <line>
      <![CDATA[Webelement Listener]]>
    </line>
    <line>
      <![CDATA[Webelement Listener]]>
    </line>
    <line>
      <![CDATA[Webelement Listener]]>
    </line>
    <line>
      <![CDATA[Webdriver Listener]]>
    </line>
    <line>
      <![CDATA[Webelement Listener]]>
    </line>
    <line>
      <![CDATA[Webelement Listener]]>
    </line>
    <line>
      <![CDATA[Webelement Listener]]>
    </line>
    <line>
      <![CDATA[Webelement Listener]]>
    </line>
    <line>
      <![CDATA[Webelement Listener]]>
    </line>
    <line>
      <![CDATA[Webelement Listener]]>
    </line>
    <line>
      <![CDATA[Webelement Listener]]>
    </line>
    <line>
      <![CDATA[Webelement Listener]]>
    </line>
    <line>
      <![CDATA[Webelement Listener]]>
    </line>
    <line>
      <![CDATA[Webdriver Listener]]>
    </line>
    <line>
      <![CDATA[Webelement Listener]]>
    </line>
    <line>
      <![CDATA[Webelement Listener]]>
    </line>
    <line>
      <![CDATA[Webelement Listener]]>
    </line>
    <line>
      <![CDATA[Webelement Listener]]>
    </line>
    <line>
      <![CDATA[Webelement Listener]]>
    </line>
    <line>
      <![CDATA[Webelement Listener]]>
    </line>
    <line>
      <![CDATA[Webelement Listener]]>
    </line>
    <line>
      <![CDATA[Webelement Listener]]>
    </line>
    <line>
      <![CDATA[Webelement Listener]]>
    </line>
    <line>
      <![CDATA[Webdriver Listener]]>
    </line>
    <line>
      <![CDATA[Webelement Listener]]>
    </line>
    <line>
      <![CDATA[Webelement Listener]]>
    </line>
    <line>
      <![CDATA[Webelement Listener]]>
    </line>
    <line>
      <![CDATA[Webelement Listener]]>
    </line>
    <line>
      <![CDATA[Webelement Listener]]>
    </line>
    <line>
      <![CDATA[Webelement Listener]]>
    </line>
    <line>
      <![CDATA[Webelement Listener]]>
    </line>
    <line>
      <![CDATA[Webelement Listener]]>
    </line>
    <line>
      <![CDATA[Webelement Listener]]>
    </line>
    <line>
      <![CDATA[Webdriver Listener]]>
    </line>
    <line>
      <![CDATA[Webelement Listener]]>
    </line>
    <line>
      <![CDATA[Webelement Listener]]>
    </line>
    <line>
      <![CDATA[Webelement Listener]]>
    </line>
    <line>
      <![CDATA[Webelement Listener]]>
    </line>
    <line>
      <![CDATA[Webelement Listener]]>
    </line>
    <line>
      <![CDATA[Webelement Listener]]>
    </line>
    <line>
      <![CDATA[Webelement Listener]]>
    </line>
    <line>
      <![CDATA[Webelement Listener]]>
    </line>
    <line>
      <![CDATA[Webelement Listener]]>
    </line>
    <line>
      <![CDATA[Webdriver Listener]]>
    </line>
    <line>
      <![CDATA[Webelement Listener]]>
    </line>
    <line>
      <![CDATA[Webelement Listener]]>
    </line>
    <line>
      <![CDATA[Webelement Listener]]>
    </line>
    <line>
      <![CDATA[Webelement Listener]]>
    </line>
    <line>
      <![CDATA[Webelement Listener]]>
    </line>
    <line>
      <![CDATA[Webelement Listener]]>
    </line>
    <line>
      <![CDATA[Webelement Listener]]>
    </line>
    <line>
      <![CDATA[Webelement Listener]]>
    </line>
    <line>
      <![CDATA[Webelement Listener]]>
    </line>
    <line>
      <![CDATA[Webdriver Listener]]>
    </line>
    <line>
      <![CDATA[Webelement Listener]]>
    </line>
    <line>
      <![CDATA[Webelement Listener]]>
    </line>
    <line>
      <![CDATA[Webelement Listener]]>
    </line>
    <line>
      <![CDATA[Webelement Listener]]>
    </line>
    <line>
      <![CDATA[Webelement Listener]]>
    </line>
    <line>
      <![CDATA[Webelement Listener]]>
    </line>
    <line>
      <![CDATA[Webelement Listener]]>
    </line>
    <line>
      <![CDATA[Webelement Listener]]>
    </line>
    <line>
      <![CDATA[Webelement Listener]]>
    </line>
    <line>
      <![CDATA[Webdriver Listener]]>
    </line>
    <line>
      <![CDATA[Webelement Listener]]>
    </line>
    <line>
      <![CDATA[Webelement Listener]]>
    </line>
    <line>
      <![CDATA[Webelement Listener]]>
    </line>
    <line>
      <![CDATA[Webelement Listener]]>
    </line>
    <line>
      <![CDATA[Webelement Listener]]>
    </line>
    <line>
      <![CDATA[Webelement Listener]]>
    </line>
    <line>
      <![CDATA[Webelement Listener]]>
    </line>
    <line>
      <![CDATA[Webelement Listener]]>
    </line>
    <line>
      <![CDATA[Webelement Listener]]>
    </line>
    <line>
      <![CDATA[Webdriver Listener]]>
    </line>
    <line>
      <![CDATA[Webelement Listener]]>
    </line>
    <line>
      <![CDATA[Webelement Listener]]>
    </line>
    <line>
      <![CDATA[Webelement Listener]]>
    </line>
    <line>
      <![CDATA[Webelement Listener]]>
    </line>
    <line>
      <![CDATA[Webelement Listener]]>
    </line>
    <line>
      <![CDATA[Webelement Listener]]>
    </line>
    <line>
      <![CDATA[Webelement Listener]]>
    </line>
    <line>
      <![CDATA[Webelement Listener]]>
    </line>
    <line>
      <![CDATA[Webelement Listener]]>
    </line>
    <line>
      <![CDATA[Webdriver Listener]]>
    </line>
    <line>
      <![CDATA[Webelement Listener]]>
    </line>
    <line>
      <![CDATA[Webelement Listener]]>
    </line>
    <line>
      <![CDATA[Webelement Listener]]>
    </line>
    <line>
      <![CDATA[Webelement Listener]]>
    </line>
    <line>
      <![CDATA[Webelement Listener]]>
    </line>
    <line>
      <![CDATA[Webelement Listener]]>
    </line>
    <line>
      <![CDATA[Webelement Listener]]>
    </line>
    <line>
      <![CDATA[Webelement Listener]]>
    </line>
    <line>
      <![CDATA[Webelement Listener]]>
    </line>
    <line>
      <![CDATA[Webdriver Listener]]>
    </line>
    <line>
      <![CDATA[Webelement Listener]]>
    </line>
    <line>
      <![CDATA[Webelement Listener]]>
    </line>
    <line>
      <![CDATA[Webelement Listener]]>
    </line>
    <line>
      <![CDATA[Webelement Listener]]>
    </line>
    <line>
      <![CDATA[Webelement Listener]]>
    </line>
    <line>
      <![CDATA[Webelement Listener]]>
    </line>
    <line>
      <![CDATA[Webelement Listener]]>
    </line>
    <line>
      <![CDATA[Webelement Listener]]>
    </line>
    <line>
      <![CDATA[Webelement Listener]]>
    </line>
    <line>
      <![CDATA[Webdriver Listener]]>
    </line>
    <line>
      <![CDATA[Webelement Listener]]>
    </line>
    <line>
      <![CDATA[Webelement Listener]]>
    </line>
    <line>
      <![CDATA[Webelement Listener]]>
    </line>
    <line>
      <![CDATA[Webelement Listener]]>
    </line>
    <line>
      <![CDATA[Webelement Listener]]>
    </line>
    <line>
      <![CDATA[Webelement Listener]]>
    </line>
    <line>
      <![CDATA[Webelement Listener]]>
    </line>
    <line>
      <![CDATA[Webelement Listener]]>
    </line>
    <line>
      <![CDATA[Webelement Listener]]>
    </line>
    <line>
      <![CDATA[Webdriver Listener]]>
    </line>
    <line>
      <![CDATA[Webelement Listener]]>
    </line>
    <line>
      <![CDATA[Webelement Listener]]>
    </line>
    <line>
      <![CDATA[Webelement Listener]]>
    </line>
    <line>
      <![CDATA[Webelement Listener]]>
    </line>
    <line>
      <![CDATA[Webelement Listener]]>
    </line>
    <line>
      <![CDATA[Webelement Listener]]>
    </line>
    <line>
      <![CDATA[Webelement Listener]]>
    </line>
    <line>
      <![CDATA[Webelement Listener]]>
    </line>
    <line>
      <![CDATA[Webelement Listener]]>
    </line>
    <line>
      <![CDATA[Webdriver Listener]]>
    </line>
    <line>
      <![CDATA[Webelement Listener]]>
    </line>
    <line>
      <![CDATA[Webelement Listener]]>
    </line>
    <line>
      <![CDATA[Webelement Listener]]>
    </line>
    <line>
      <![CDATA[Webelement Listener]]>
    </line>
    <line>
      <![CDATA[Webelement Listener]]>
    </line>
    <line>
      <![CDATA[Webelement Listener]]>
    </line>
    <line>
      <![CDATA[Webelement Listener]]>
    </line>
    <line>
      <![CDATA[Webelement Listener]]>
    </line>
    <line>
      <![CDATA[Webelement Listener]]>
    </line>
    <line>
      <![CDATA[Webdriver Listener]]>
    </line>
    <line>
      <![CDATA[Webelement Listener]]>
    </line>
    <line>
      <![CDATA[Webelement Listener]]>
    </line>
    <line>
      <![CDATA[Webelement Listener]]>
    </line>
    <line>
      <![CDATA[Webelement Listener]]>
    </line>
    <line>
      <![CDATA[Webelement Listener]]>
    </line>
    <line>
      <![CDATA[Webelement Listener]]>
    </line>
    <line>
      <![CDATA[Webelement Listener]]>
    </line>
    <line>
      <![CDATA[Webelement Listener]]>
    </line>
    <line>
      <![CDATA[Webelement Listener]]>
    </line>
    <line>
      <![CDATA[Webdriver Listener]]>
    </line>
    <line>
      <![CDATA[Webelement Listener]]>
    </line>
    <line>
      <![CDATA[Webelement Listener]]>
    </line>
    <line>
      <![CDATA[Webelement Listener]]>
    </line>
    <line>
      <![CDATA[Webelement Listener]]>
    </line>
    <line>
      <![CDATA[Webelement Listener]]>
    </line>
    <line>
      <![CDATA[Webelement Listener]]>
    </line>
    <line>
      <![CDATA[Webelement Listener]]>
    </line>
    <line>
      <![CDATA[Webelement Listener]]>
    </line>
    <line>
      <![CDATA[Webelement Listener]]>
    </line>
    <line>
      <![CDATA[Webdriver Listener]]>
    </line>
    <line>
      <![CDATA[Webelement Listener]]>
    </line>
    <line>
      <![CDATA[Webelement Listener]]>
    </line>
    <line>
      <![CDATA[Webelement Listener]]>
    </line>
    <line>
      <![CDATA[Webelement Listener]]>
    </line>
    <line>
      <![CDATA[Webelement Listener]]>
    </line>
    <line>
      <![CDATA[Webelement Listener]]>
    </line>
    <line>
      <![CDATA[Webelement Listener]]>
    </line>
    <line>
      <![CDATA[Webelement Listener]]>
    </line>
    <line>
      <![CDATA[Webelement Listener]]>
    </line>
    <line>
      <![CDATA[Webdriver Listener]]>
    </line>
    <line>
      <![CDATA[Webelement Listener]]>
    </line>
    <line>
      <![CDATA[Webelement Listener]]>
    </line>
    <line>
      <![CDATA[Webelement Listener]]>
    </line>
    <line>
      <![CDATA[Webelement Listener]]>
    </line>
    <line>
      <![CDATA[Webelement Listener]]>
    </line>
    <line>
      <![CDATA[Webelement Listener]]>
    </line>
    <line>
      <![CDATA[Webelement Listener]]>
    </line>
    <line>
      <![CDATA[Webelement Listener]]>
    </line>
    <line>
      <![CDATA[Webelement Listener]]>
    </line>
    <line>
      <![CDATA[Webdriver Listener]]>
    </line>
    <line>
      <![CDATA[Webelement Listener]]>
    </line>
    <line>
      <![CDATA[Webelement Listener]]>
    </line>
    <line>
      <![CDATA[Webelement Listener]]>
    </line>
    <line>
      <![CDATA[Webelement Listener]]>
    </line>
    <line>
      <![CDATA[Webelement Listener]]>
    </line>
    <line>
      <![CDATA[Webelement Listener]]>
    </line>
    <line>
      <![CDATA[Webelement Listener]]>
    </line>
    <line>
      <![CDATA[Webelement Listener]]>
    </line>
    <line>
      <![CDATA[Webelement Listener]]>
    </line>
    <line>
      <![CDATA[Webdriver Listener]]>
    </line>
    <line>
      <![CDATA[Webelement Listener]]>
    </line>
    <line>
      <![CDATA[Webelement Listener]]>
    </line>
    <line>
      <![CDATA[Webelement Listener]]>
    </line>
    <line>
      <![CDATA[Webelement Listener]]>
    </line>
    <line>
      <![CDATA[Webelement Listener]]>
    </line>
    <line>
      <![CDATA[Webelement Listener]]>
    </line>
    <line>
      <![CDATA[Webelement Listener]]>
    </line>
    <line>
      <![CDATA[Webelement Listener]]>
    </line>
    <line>
      <![CDATA[Webelement Listener]]>
    </line>
    <line>
      <![CDATA[Webdriver Listener]]>
    </line>
    <line>
      <![CDATA[Webelement Listener]]>
    </line>
    <line>
      <![CDATA[Webelement Listener]]>
    </line>
    <line>
      <![CDATA[Webelement Listener]]>
    </line>
    <line>
      <![CDATA[Webelement Listener]]>
    </line>
    <line>
      <![CDATA[Webelement Listener]]>
    </line>
    <line>
      <![CDATA[Webelement Listener]]>
    </line>
    <line>
      <![CDATA[Webelement Listener]]>
    </line>
    <line>
      <![CDATA[Webelement Listener]]>
    </line>
    <line>
      <![CDATA[Webelement Listener]]>
    </line>
    <line>
      <![CDATA[Webdriver Listener]]>
    </line>
    <line>
      <![CDATA[Webelement Listener]]>
    </line>
    <line>
      <![CDATA[Webelement Listener]]>
    </line>
    <line>
      <![CDATA[Webelement Listener]]>
    </line>
    <line>
      <![CDATA[Webelement Listener]]>
    </line>
    <line>
      <![CDATA[Webelement Listener]]>
    </line>
    <line>
      <![CDATA[Webelement Listener]]>
    </line>
    <line>
      <![CDATA[Webelement Listener]]>
    </line>
    <line>
      <![CDATA[Webelement Listener]]>
    </line>
    <line>
      <![CDATA[Webelement Listener]]>
    </line>
    <line>
      <![CDATA[Webdriver Listener]]>
    </line>
    <line>
      <![CDATA[Webelement Listener]]>
    </line>
    <line>
      <![CDATA[Webelement Listener]]>
    </line>
    <line>
      <![CDATA[Webelement Listener]]>
    </line>
    <line>
      <![CDATA[Webelement Listener]]>
    </line>
    <line>
      <![CDATA[Webelement Listener]]>
    </line>
    <line>
      <![CDATA[Webelement Listener]]>
    </line>
    <line>
      <![CDATA[Webelement Listener]]>
    </line>
    <line>
      <![CDATA[Webelement Listener]]>
    </line>
    <line>
      <![CDATA[Webelement Listener]]>
    </line>
    <line>
      <![CDATA[Webdriver Listener]]>
    </line>
    <line>
      <![CDATA[Webelement Listener]]>
    </line>
    <line>
      <![CDATA[Webelement Listener]]>
    </line>
    <line>
      <![CDATA[Webelement Listener]]>
    </line>
    <line>
      <![CDATA[Webelement Listener]]>
    </line>
    <line>
      <![CDATA[Webelement Listener]]>
    </line>
    <line>
      <![CDATA[Webelement Listener]]>
    </line>
    <line>
      <![CDATA[Webelement Listener]]>
    </line>
    <line>
      <![CDATA[Webelement Listener]]>
    </line>
    <line>
      <![CDATA[Webelement Listener]]>
    </line>
    <line>
      <![CDATA[Webdriver Listener]]>
    </line>
    <line>
      <![CDATA[Webelement Listener]]>
    </line>
    <line>
      <![CDATA[Webelement Listener]]>
    </line>
    <line>
      <![CDATA[Webelement Listener]]>
    </line>
    <line>
      <![CDATA[Webelement Listener]]>
    </line>
    <line>
      <![CDATA[Webelement Listener]]>
    </line>
    <line>
      <![CDATA[Webelement Listener]]>
    </line>
    <line>
      <![CDATA[Webelement Listener]]>
    </line>
    <line>
      <![CDATA[Webelement Listener]]>
    </line>
    <line>
      <![CDATA[Webelement Listener]]>
    </line>
    <line>
      <![CDATA[Webdriver Listener]]>
    </line>
    <line>
      <![CDATA[Webelement Listener]]>
    </line>
    <line>
      <![CDATA[Webelement Listener]]>
    </line>
    <line>
      <![CDATA[Webelement Listener]]>
    </line>
    <line>
      <![CDATA[Webelement Listener]]>
    </line>
    <line>
      <![CDATA[Webelement Listener]]>
    </line>
    <line>
      <![CDATA[Webelement Listener]]>
    </line>
    <line>
      <![CDATA[Webelement Listener]]>
    </line>
    <line>
      <![CDATA[Webelement Listener]]>
    </line>
    <line>
      <![CDATA[Webelement Listener]]>
    </line>
    <line>
      <![CDATA[Webdriver Listener]]>
    </line>
    <line>
      <![CDATA[Webelement Listener]]>
    </line>
    <line>
      <![CDATA[Webelement Listener]]>
    </line>
    <line>
      <![CDATA[Webelement Listener]]>
    </line>
    <line>
      <![CDATA[Webelement Listener]]>
    </line>
    <line>
      <![CDATA[Webelement Listener]]>
    </line>
    <line>
      <![CDATA[Webelement Listener]]>
    </line>
    <line>
      <![CDATA[Webelement Listener]]>
    </line>
    <line>
      <![CDATA[Webelement Listener]]>
    </line>
    <line>
      <![CDATA[Webelement Listener]]>
    </line>
    <line>
      <![CDATA[Webdriver Listener]]>
    </line>
    <line>
      <![CDATA[Webelement Listener]]>
    </line>
    <line>
      <![CDATA[Webelement Listener]]>
    </line>
    <line>
      <![CDATA[Webelement Listener]]>
    </line>
    <line>
      <![CDATA[Webelement Listener]]>
    </line>
    <line>
      <![CDATA[Webelement Listener]]>
    </line>
    <line>
      <![CDATA[Webelement Listener]]>
    </line>
    <line>
      <![CDATA[Webelement Listener]]>
    </line>
    <line>
      <![CDATA[Webelement Listener]]>
    </line>
    <line>
      <![CDATA[Webelement Listener]]>
    </line>
    <line>
      <![CDATA[Webdriver Listener]]>
    </line>
    <line>
      <![CDATA[Webelement Listener]]>
    </line>
    <line>
      <![CDATA[Webelement Listener]]>
    </line>
    <line>
      <![CDATA[Webelement Listener]]>
    </line>
    <line>
      <![CDATA[Webelement Listener]]>
    </line>
    <line>
      <![CDATA[Webelement Listener]]>
    </line>
    <line>
      <![CDATA[Webelement Listener]]>
    </line>
    <line>
      <![CDATA[Webelement Listener]]>
    </line>
    <line>
      <![CDATA[Webelement Listener]]>
    </line>
    <line>
      <![CDATA[Webelement Listener]]>
    </line>
    <line>
      <![CDATA[Webdriver Listener]]>
    </line>
    <line>
      <![CDATA[Webelement Listener]]>
    </line>
    <line>
      <![CDATA[Webelement Listener]]>
    </line>
    <line>
      <![CDATA[Webelement Listener]]>
    </line>
    <line>
      <![CDATA[Webelement Listener]]>
    </line>
    <line>
      <![CDATA[Webelement Listener]]>
    </line>
    <line>
      <![CDATA[Webelement Listener]]>
    </line>
    <line>
      <![CDATA[Webelement Listener]]>
    </line>
    <line>
      <![CDATA[Webelement Listener]]>
    </line>
    <line>
      <![CDATA[Webelement Listener]]>
    </line>
    <line>
      <![CDATA[Webdriver Listener]]>
    </line>
    <line>
      <![CDATA[Webelement Listener]]>
    </line>
    <line>
      <![CDATA[Webelement Listener]]>
    </line>
    <line>
      <![CDATA[Webelement Listener]]>
    </line>
    <line>
      <![CDATA[Webelement Listener]]>
    </line>
    <line>
      <![CDATA[Webelement Listener]]>
    </line>
    <line>
      <![CDATA[Webelement Listener]]>
    </line>
    <line>
      <![CDATA[Webelement Listener]]>
    </line>
    <line>
      <![CDATA[Webelement Listener]]>
    </line>
    <line>
      <![CDATA[Webelement Listener]]>
    </line>
    <line>
      <![CDATA[Webdriver Listener]]>
    </line>
    <line>
      <![CDATA[<div style="display:block;margin-left:10px;"><div  class="teststeppass"><span class="teststeppass-label">T </span>Given user launch the application</div><div style="display:block;margin-left:10px;"><div  class="info"><span class="info-label">I </span>this is the test listener</div></div><div  class="teststeppass"><span class="teststeppass-label">T </span>When user books the flight using "Flights","Pune, India (PNQ-Lohegaon)","Nagpur, India (NAG-Dr. Ambedkar Intl.)","01/11/2018","02/09/2018"</div><div style="display:block;margin-left:10px;"><div  class="info"><span class="info-label">I </span>this is the test listener</div></div><div  class="teststeppass"><span class="teststeppass-label">T </span>When user verify the results</div><div style="display:block;margin-left:10px;"><div  class="pass"><span class="pass-label">P </span>
Expected: a value greater than &lt;0&gt;
     Actual: &lt;47&gt; was greater than &lt;0&gt; <a href="../img/OrbitzFlightBooking_13iw8q1y308w814716.png" target="_blank">[View Screenshot]</a> </div><div  class="info"><span class="info-label">I </span>1. 10:00pm</div><div  class="info"><span class="info-label">I </span>2. 7:45am</div><div  class="info"><span class="info-label">I </span>3. 1 stop</div><div  class="pass"><span class="pass-label">P </span>Expected By.cssSelector: .tile-media visible : Actual By.cssSelector: .tile-media visible <a href="../img/OrbitzFlightBooking_1rq9f4y14fgyb14717.png" target="_blank">[View Screenshot]</a> </div><div  class="info"><span class="info-label">I </span>4. true</div><div  class="info"><span class="info-label">I </span>1. 11:45pm</div><div  class="info"><span class="info-label">I </span>2. 8:15am</div><div  class="info"><span class="info-label">I </span>3. 1 stop</div><div  class="pass"><span class="pass-label">P </span>Expected By.cssSelector: .tile-media visible : Actual By.cssSelector: .tile-media visible <a href="../img/OrbitzFlightBooking_ihwb343jbk3214718.png" target="_blank">[View Screenshot]</a> </div><div  class="info"><span class="info-label">I </span>4. true</div><div  class="info"><span class="info-label">I </span>1. 8:15pm</div><div  class="info"><span class="info-label">I </span>2. 8:15am</div><div  class="info"><span class="info-label">I </span>3. 1 stop</div><div  class="pass"><span class="pass-label">P </span>Expected By.cssSelector: .tile-media visible : Actual By.cssSelector: .tile-media visible <a href="../img/OrbitzFlightBooking_2q03lclo6z6t14719.png" target="_blank">[View Screenshot]</a> </div><div  class="info"><span class="info-label">I </span>4. true</div><div  class="info"><span class="info-label">I </span>1. 8:15pm</div><div  class="info"><span class="info-label">I </span>2. 4:45pm</div><div  class="info"><span class="info-label">I </span>3. 1 stop</div><div  class="pass"><span class="pass-label">P </span>Expected By.cssSelector: .tile-media visible : Actual By.cssSelector: .tile-media visible <a href="../img/OrbitzFlightBooking_1caw04arexlns14720.png" target="_blank">[View Screenshot]</a> </div><div  class="info"><span class="info-label">I </span>4. true</div><div  class="info"><span class="info-label">I </span>1. 11:45pm</div><div  class="info"><span class="info-label">I </span>2. 4:45pm</div><div  class="info"><span class="info-label">I </span>3. 1 stop</div><div  class="pass"><span class="pass-label">P </span>Expected By.cssSelector: .tile-media visible : Actual By.cssSelector: .tile-media visible <a href="../img/OrbitzFlightBooking_1rypv09ceqbmr14721.png" target="_blank">[View Screenshot]</a> </div><div  class="info"><span class="info-label">I </span>4. true</div><div  class="info"><span class="info-label">I </span>1. 7:40am</div><div  class="info"><span class="info-label">I </span>2. 7:45am</div><div  class="info"><span class="info-label">I </span>3. 1 stop</div><div  class="pass"><span class="pass-label">P </span>Expected By.cssSelector: .tile-media visible : Actual By.cssSelector: .tile-media visible <a href="../img/OrbitzFlightBooking_brv7qia4frg814722.png" target="_blank">[View Screenshot]</a> </div><div  class="info"><span class="info-label">I </span>4. true</div><div  class="info"><span class="info-label">I </span>1. 7:35am</div><div  class="info"><span class="info-label">I </span>2. 8:15am</div><div  class="info"><span class="info-label">I </span>3. 1 stop</div><div  class="pass"><span class="pass-label">P </span>Expected By.cssSelector: .tile-media visible : Actual By.cssSelector: .tile-media visible <a href="../img/OrbitzFlightBooking_1gutkid1tto4d14723.png" target="_blank">[View Screenshot]</a> </div><div  class="info"><span class="info-label">I </span>4. true</div><div  class="info"><span class="info-label">I </span>1. 7:35am</div><div  class="info"><span class="info-label">I </span>2. 4:45pm</div><div  class="info"><span class="info-label">I </span>3. 1 stop</div><div  class="pass"><span class="pass-label">P </span>Expected By.cssSelector: .tile-media visible : Actual By.cssSelector: .tile-media visible <a href="../img/OrbitzFlightBooking_2xty0xo0o76c14724.png" target="_blank">[View Screenshot]</a> </div><div  class="info"><span class="info-label">I </span>4. true</div><div  class="info"><span class="info-label">I </span>1. 3:25pm</div><div  class="info"><span class="info-label">I </span>2. 8:15am</div><div  class="info"><span class="info-label">I </span>3. 1 stop</div><div  class="pass"><span class="pass-label">P </span>Expected By.cssSelector: .tile-media visible : Actual By.cssSelector: .tile-media visible <a href="../img/OrbitzFlightBooking_1qtxlyy9g3e2014725.png" target="_blank">[View Screenshot]</a> </div><div  class="info"><span class="info-label">I </span>4. true</div><div  class="info"><span class="info-label">I </span>1. 11:10am</div><div  class="info"><span class="info-label">I </span>2. 8:15am</div><div  class="info"><span class="info-label">I </span>3. 1 stop</div><div  class="pass"><span class="pass-label">P </span>Expected By.cssSelector: .tile-media visible : Actual By.cssSelector: .tile-media visible <a href="../img/OrbitzFlightBooking_j359y50yetpa14726.png" target="_blank">[View Screenshot]</a> </div><div  class="info"><span class="info-label">I </span>4. true</div><div  class="info"><span class="info-label">I </span>1. 11:10am</div><div  class="info"><span class="info-label">I </span>2. 4:45pm</div><div  class="info"><span class="info-label">I </span>3. 1 stop</div><div  class="pass"><span class="pass-label">P </span>Expected By.cssSelector: .tile-media visible : Actual By.cssSelector: .tile-media visible <a href="../img/OrbitzFlightBooking_1mnnmkdp7u35b14727.png" target="_blank">[View Screenshot]</a> </div><div  class="info"><span class="info-label">I </span>4. true</div><div  class="info"><span class="info-label">I </span>1. 5:50am</div><div  class="info"><span class="info-label">I </span>2. 4:45pm</div><div  class="info"><span class="info-label">I </span>3. 1 stop</div><div  class="pass"><span class="pass-label">P </span>Expected By.cssSelector: .tile-media visible : Actual By.cssSelector: .tile-media visible <a href="../img/OrbitzFlightBooking_cxn4us28cgyl14728.png" target="_blank">[View Screenshot]</a> </div><div  class="info"><span class="info-label">I </span>4. true</div><div  class="info"><span class="info-label">I </span>1. 3:25pm</div><div  class="info"><span class="info-label">I </span>2. 4:45pm</div><div  class="info"><span class="info-label">I </span>3. 1 stop</div><div  class="pass"><span class="pass-label">P </span>Expected By.cssSelector: .tile-media visible : Actual By.cssSelector: .tile-media visible <a href="../img/OrbitzFlightBooking_y7bsefhukph14729.png" target="_blank">[View Screenshot]</a> </div><div  class="info"><span class="info-label">I </span>4. true</div><div  class="info"><span class="info-label">I </span>1. 5:50am</div><div  class="info"><span class="info-label">I </span>2. 8:15am</div><div  class="info"><span class="info-label">I </span>3. 1 stop</div><div  class="pass"><span class="pass-label">P </span>Expected By.cssSelector: .tile-media visible : Actual By.cssSelector: .tile-media visible <a href="../img/OrbitzFlightBooking_19d3wqnbvs8aw14730.png" target="_blank">[View Screenshot]</a> </div><div  class="info"><span class="info-label">I </span>4. true</div><div  class="info"><span class="info-label">I </span>1. 5:55am</div><div  class="info"><span class="info-label">I </span>2. 4:50pm</div><div  class="info"><span class="info-label">I </span>3. 2 stops</div><div  class="pass"><span class="pass-label">P </span>Expected By.cssSelector: .tile-media visible : Actual By.cssSelector: .tile-media visible <a href="../img/OrbitzFlightBooking_1hg4riz71y72414731.png" target="_blank">[View Screenshot]</a> </div><div  class="info"><span class="info-label">I </span>4. true</div><div  class="info"><span class="info-label">I </span>1. 5:55am</div><div  class="info"><span class="info-label">I </span>2. 4:50pm</div><div  class="info"><span class="info-label">I </span>3. 2 stops</div><div  class="pass"><span class="pass-label">P </span>Expected By.cssSelector: .tile-media visible : Actual By.cssSelector: .tile-media visible <a href="../img/OrbitzFlightBooking_1cgb09z5kpfiy14732.png" target="_blank">[View Screenshot]</a> </div><div  class="info"><span class="info-label">I </span>4. true</div><div  class="info"><span class="info-label">I </span>1. 4:00pm</div><div  class="info"><span class="info-label">I </span>2. 9:50am</div><div  class="info"><span class="info-label">I </span>3. 2 stops</div><div  class="pass"><span class="pass-label">P </span>Expected By.cssSelector: .tile-media visible : Actual By.cssSelector: .tile-media visible <a href="../img/OrbitzFlightBooking_1qjith6ybrsf614733.png" target="_blank">[View Screenshot]</a> </div><div  class="info"><span class="info-label">I </span>4. true</div><div  class="info"><span class="info-label">I </span>1. 3:25am</div><div  class="info"><span class="info-label">I </span>2. 4:45pm</div><div  class="info"><span class="info-label">I </span>3. 2 stops</div><div  class="pass"><span class="pass-label">P </span>Expected By.cssSelector: .tile-media visible : Actual By.cssSelector: .tile-media visible <a href="../img/OrbitzFlightBooking_1qjinc43xt5uk14734.png" target="_blank">[View Screenshot]</a> </div><div  class="info"><span class="info-label">I </span>4. true</div><div  class="info"><span class="info-label">I </span>1. 3:25am</div><div  class="info"><span class="info-label">I </span>2. 4:45pm</div><div  class="info"><span class="info-label">I </span>3. 2 stops</div><div  class="pass"><span class="pass-label">P </span>Expected By.cssSelector: .tile-media visible : Actual By.cssSelector: .tile-media visible <a href="../img/OrbitzFlightBooking_oroeh4j4waqs14735.png" target="_blank">[View Screenshot]</a> </div><div  class="info"><span class="info-label">I </span>4. true</div><div  class="info"><span class="info-label">I </span>1. 4:00pm</div><div  class="info"><span class="info-label">I </span>2. 9:50am</div><div  class="info"><span class="info-label">I </span>3. 2 stops</div><div  class="pass"><span class="pass-label">P </span>Expected By.cssSelector: .tile-media visible : Actual By.cssSelector: .tile-media visible <a href="../img/OrbitzFlightBooking_1xi1cipaqv6614736.png" target="_blank">[View Screenshot]</a> </div><div  class="info"><span class="info-label">I </span>4. true</div><div  class="info"><span class="info-label">I </span>1. 8:25pm</div><div  class="info"><span class="info-label">I </span>2. 9:50am</div><div  class="info"><span class="info-label">I </span>3. 2 stops</div><div  class="pass"><span class="pass-label">P </span>Expected By.cssSelector: .tile-media visible : Actual By.cssSelector: .tile-media visible <a href="../img/OrbitzFlightBooking_1k5plh5ir5sxq14737.png" target="_blank">[View Screenshot]</a> </div><div  class="info"><span class="info-label">I </span>4. true</div><div  class="info"><span class="info-label">I </span>1. 8:25pm</div><div  class="info"><span class="info-label">I </span>2. 9:50am</div><div  class="info"><span class="info-label">I </span>3. 2 stops</div><div  class="pass"><span class="pass-label">P </span>Expected By.cssSelector: .tile-media visible : Actual By.cssSelector: .tile-media visible <a href="../img/OrbitzFlightBooking_1n3bht971rcd114738.png" target="_blank">[View Screenshot]</a> </div><div  class="info"><span class="info-label">I </span>4. true</div><div  class="info"><span class="info-label">I </span>1. 11:45pm</div><div  class="info"><span class="info-label">I </span>2. 4:50pm</div><div  class="info"><span class="info-label">I </span>3. 2 stops</div><div  class="pass"><span class="pass-label">P </span>Expected By.cssSelector: .tile-media visible : Actual By.cssSelector: .tile-media visible <a href="../img/OrbitzFlightBooking_4gtyz17bemxe14739.png" target="_blank">[View Screenshot]</a> </div><div  class="info"><span class="info-label">I </span>4. true</div><div  class="info"><span class="info-label">I </span>1. 11:45pm</div><div  class="info"><span class="info-label">I </span>2. 4:50pm</div><div  class="info"><span class="info-label">I </span>3. 2 stops</div><div  class="pass"><span class="pass-label">P </span>Expected By.cssSelector: .tile-media visible : Actual By.cssSelector: .tile-media visible <a href="../img/OrbitzFlightBooking_cmwoi5h016ua14740.png" target="_blank">[View Screenshot]</a> </div><div  class="info"><span class="info-label">I </span>4. true</div><div  class="info"><span class="info-label">I </span>1. 5:55am</div><div  class="info"><span class="info-label">I </span>2. 4:50pm</div><div  class="info"><span class="info-label">I </span>3. 2 stops</div><div  class="pass"><span class="pass-label">P </span>Expected By.cssSelector: .tile-media visible : Actual By.cssSelector: .tile-media visible <a href="../img/OrbitzFlightBooking_1x2gebn574ljr14741.png" target="_blank">[View Screenshot]</a> </div><div  class="info"><span class="info-label">I </span>4. true</div><div  class="info"><span class="info-label">I </span>1. 5:55am</div><div  class="info"><span class="info-label">I </span>2. 4:50pm</div><div  class="info"><span class="info-label">I </span>3. 2 stops</div><div  class="pass"><span class="pass-label">P </span>Expected By.cssSelector: .tile-media visible : Actual By.cssSelector: .tile-media visible <a href="../img/OrbitzFlightBooking_1b3qthbrxllvv14742.png" target="_blank">[View Screenshot]</a> </div><div  class="info"><span class="info-label">I </span>4. true</div><div  class="info"><span class="info-label">I </span>1. 5:55am</div><div  class="info"><span class="info-label">I </span>2. 4:45pm</div><div  class="info"><span class="info-label">I </span>3. 2 stops</div><div  class="pass"><span class="pass-label">P </span>Expected By.cssSelector: .tile-media visible : Actual By.cssSelector: .tile-media visible <a href="../img/OrbitzFlightBooking_1ospbx3m3m4dh14743.png" target="_blank">[View Screenshot]</a> </div><div  class="info"><span class="info-label">I </span>4. true</div><div  class="info"><span class="info-label">I </span>1. 5:55am</div><div  class="info"><span class="info-label">I </span>2. 4:45pm</div><div  class="info"><span class="info-label">I </span>3. 2 stops</div><div  class="pass"><span class="pass-label">P </span>Expected By.cssSelector: .tile-media visible : Actual By.cssSelector: .tile-media visible <a href="../img/OrbitzFlightBooking_1rbyi1qoh2wze14744.png" target="_blank">[View Screenshot]</a> </div><div  class="info"><span class="info-label">I </span>4. true</div><div  class="info"><span class="info-label">I </span>1. 7:40am</div><div  class="info"><span class="info-label">I </span>2. 8:35pm</div><div  class="info"><span class="info-label">I </span>3. 2 stops</div><div  class="pass"><span class="pass-label">P </span>Expected By.cssSelector: .tile-media visible : Actual By.cssSelector: .tile-media visible <a href="../img/OrbitzFlightBooking_184x4plgnyels14745.png" target="_blank">[View Screenshot]</a> </div><div  class="info"><span class="info-label">I </span>4. true</div><div  class="info"><span class="info-label">I </span>1. 8:15pm</div><div  class="info"><span class="info-label">I </span>2. 9:50am</div><div  class="info"><span class="info-label">I </span>3. 2 stops</div><div  class="pass"><span class="pass-label">P </span>Expected By.cssSelector: .tile-media visible : Actual By.cssSelector: .tile-media visible <a href="../img/OrbitzFlightBooking_1t8i1gp0qs2hx14746.png" target="_blank">[View Screenshot]</a> </div><div  class="info"><span class="info-label">I </span>4. true</div><div  class="info"><span class="info-label">I </span>1. 8:15pm</div><div  class="info"><span class="info-label">I </span>2. 9:50am</div><div  class="info"><span class="info-label">I </span>3. 2 stops</div><div  class="pass"><span class="pass-label">P </span>Expected By.cssSelector: .tile-media visible : Actual By.cssSelector: .tile-media visible <a href="../img/OrbitzFlightBooking_xy1tvlh3qbrs14747.png" target="_blank">[View Screenshot]</a> </div><div  class="info"><span class="info-label">I </span>4. true</div><div  class="info"><span class="info-label">I </span>1. 5:55am</div><div  class="info"><span class="info-label">I </span>2. 4:50pm</div><div  class="info"><span class="info-label">I </span>3. 2 stops</div><div  class="pass"><span class="pass-label">P </span>Expected By.cssSelector: .tile-media visible : Actual By.cssSelector: .tile-media visible <a href="../img/OrbitzFlightBooking_11y04sxiynmlu14748.png" target="_blank">[View Screenshot]</a> </div><div  class="info"><span class="info-label">I </span>4. true</div><div  class="info"><span class="info-label">I </span>1. 5:55am</div><div  class="info"><span class="info-label">I </span>2. 4:45pm</div><div  class="info"><span class="info-label">I </span>3. 2 stops</div><div  class="pass"><span class="pass-label">P </span>Expected By.cssSelector: .tile-media visible : Actual By.cssSelector: .tile-media visible <a href="../img/OrbitzFlightBooking_bt4zzo0r4c4a14749.png" target="_blank">[View Screenshot]</a> </div><div  class="info"><span class="info-label">I </span>4. true</div><div  class="info"><span class="info-label">I </span>1. 5:50am</div><div  class="info"><span class="info-label">I </span>2. 4:50pm</div><div  class="info"><span class="info-label">I </span>3. 2 stops</div><div  class="pass"><span class="pass-label">P </span>Expected By.cssSelector: .tile-media visible : Actual By.cssSelector: .tile-media visible <a href="../img/OrbitzFlightBooking_i2nffiz5wd6s14750.png" target="_blank">[View Screenshot]</a> </div><div  class="info"><span class="info-label">I </span>4. true</div><div  class="info"><span class="info-label">I </span>1. 5:50am</div><div  class="info"><span class="info-label">I </span>2. 4:50pm</div><div  class="info"><span class="info-label">I </span>3. 2 stops</div><div  class="pass"><span class="pass-label">P </span>Expected By.cssSelector: .tile-media visible : Actual By.cssSelector: .tile-media visible <a href="../img/OrbitzFlightBooking_1eceanv6bllsu14751.png" target="_blank">[View Screenshot]</a> </div><div  class="info"><span class="info-label">I </span>4. true</div><div  class="info"><span class="info-label">I </span>1. 7:35am</div><div  class="info"><span class="info-label">I </span>2. 4:50pm</div><div  class="info"><span class="info-label">I </span>3. 2 stops</div><div  class="pass"><span class="pass-label">P </span>Expected By.cssSelector: .tile-media visible : Actual By.cssSelector: .tile-media visible <a href="../img/OrbitzFlightBooking_f261ujmxblrh14752.png" target="_blank">[View Screenshot]</a> </div><div  class="info"><span class="info-label">I </span>4. true</div><div  class="info"><span class="info-label">I </span>1. 3:25am</div><div  class="info"><span class="info-label">I </span>2. 4:50pm</div><div  class="info"><span class="info-label">I </span>3. 2 stops</div><div  class="pass"><span class="pass-label">P </span>Expected By.cssSelector: .tile-media visible : Actual By.cssSelector: .tile-media visible <a href="../img/OrbitzFlightBooking_sbbbq0iw5uc114753.png" target="_blank">[View Screenshot]</a> </div><div  class="info"><span class="info-label">I </span>4. true</div><div  class="info"><span class="info-label">I </span>1. 3:25am</div><div  class="info"><span class="info-label">I </span>2. 4:50pm</div><div  class="info"><span class="info-label">I </span>3. 2 stops</div><div  class="pass"><span class="pass-label">P </span>Expected By.cssSelector: .tile-media visible : Actual By.cssSelector: .tile-media visible <a href="../img/OrbitzFlightBooking_ygygka9fuhs214754.png" target="_blank">[View Screenshot]</a> </div><div  class="info"><span class="info-label">I </span>4. true</div><div  class="info"><span class="info-label">I </span>1. 5:50am</div><div  class="info"><span class="info-label">I </span>2. 4:50pm</div><div  class="info"><span class="info-label">I </span>3. 2 stops</div><div  class="pass"><span class="pass-label">P </span>Expected By.cssSelector: .tile-media visible : Actual By.cssSelector: .tile-media visible <a href="../img/OrbitzFlightBooking_kv5ga3j5ihjn14755.png" target="_blank">[View Screenshot]</a> </div><div  class="info"><span class="info-label">I </span>4. true</div><div  class="info"><span class="info-label">I </span>1. 7:35am</div><div  class="info"><span class="info-label">I </span>2. 4:50pm</div><div  class="info"><span class="info-label">I </span>3. 2 stops</div><div  class="pass"><span class="pass-label">P </span>Expected By.cssSelector: .tile-media visible : Actual By.cssSelector: .tile-media visible <a href="../img/OrbitzFlightBooking_15g9zwrqt5msk14756.png" target="_blank">[View Screenshot]</a> </div><div  class="info"><span class="info-label">I </span>4. true</div><div  class="info"><span class="info-label">I </span>1. 5:55am</div><div  class="info"><span class="info-label">I </span>2. 4:50pm</div><div  class="info"><span class="info-label">I </span>3. 2 stops</div><div  class="pass"><span class="pass-label">P </span>Expected By.cssSelector: .tile-media visible : Actual By.cssSelector: .tile-media visible <a href="../img/OrbitzFlightBooking_92fu53kmtoib14757.png" target="_blank">[View Screenshot]</a> </div><div  class="info"><span class="info-label">I </span>4. true</div><div  class="info"><span class="info-label">I </span>1. 8:25pm</div><div  class="info"><span class="info-label">I </span>2. 8:15am</div><div  class="info"><span class="info-label">I </span>3. 2 stops</div><div  class="pass"><span class="pass-label">P </span>Expected By.cssSelector: .tile-media visible : Actual By.cssSelector: .tile-media visible <a href="../img/OrbitzFlightBooking_ov3mr172d9rx14758.png" target="_blank">[View Screenshot]</a> </div><div  class="info"><span class="info-label">I </span>4. true</div><div  class="info"><span class="info-label">I </span>1. 5:55am</div><div  class="info"><span class="info-label">I </span>2. 4:45pm</div><div  class="info"><span class="info-label">I </span>3. 2 stops</div><div  class="pass"><span class="pass-label">P </span>Expected By.cssSelector: .tile-media visible : Actual By.cssSelector: .tile-media visible <a href="../img/OrbitzFlightBooking_13uytt00cegrs14759.png" target="_blank">[View Screenshot]</a> </div><div  class="info"><span class="info-label">I </span>4. true</div><div  class="info"><span class="info-label">I </span>1. 7:00pm</div><div  class="info"><span class="info-label">I </span>2. 7:15am</div><div  class="info"><span class="info-label">I </span>3. 2 stops</div><div  class="pass"><span class="pass-label">P </span>Expected By.cssSelector: .tile-media visible : Actual By.cssSelector: .tile-media visible <a href="../img/OrbitzFlightBooking_19ns1slobspne14760.png" target="_blank">[View Screenshot]</a> </div><div  class="info"><span class="info-label">I </span>4. true</div><div  class="info"><span class="info-label">I </span>1. 5:50am</div><div  class="info"><span class="info-label">I </span>2. 4:50pm</div><div  class="info"><span class="info-label">I </span>3. 2 stops</div><div  class="pass"><span class="pass-label">P </span>Expected By.cssSelector: .tile-media visible : Actual By.cssSelector: .tile-media visible <a href="../img/OrbitzFlightBooking_capgabp5mofn14761.png" target="_blank">[View Screenshot]</a> </div><div  class="info"><span class="info-label">I </span>4. true</div><div  class="info"><span class="info-label">I </span>1. 7:35am</div><div  class="info"><span class="info-label">I </span>2. 4:50pm</div><div  class="info"><span class="info-label">I </span>3. 2 stops</div><div  class="pass"><span class="pass-label">P </span>Expected By.cssSelector: .tile-media visible : Actual By.cssSelector: .tile-media visible <a href="../img/OrbitzFlightBooking_jaacku3r3kdt14762.png" target="_blank">[View Screenshot]</a> </div><div  class="info"><span class="info-label">I </span>4. true</div><div  class="info"><span class="info-label">I </span>1. 5:50am</div><div  class="info"><span class="info-label">I </span>2. 4:50pm</div><div  class="info"><span class="info-label">I </span>3. 4 stops</div><div  class="pass"><span class="pass-label">P </span>Expected By.cssSelector: .tile-media visible : Actual By.cssSelector: .tile-media visible <a href="../img/OrbitzFlightBooking_p2tgc54baxbb14763.png" target="_blank">[View Screenshot]</a> </div><div  class="info"><span class="info-label">I </span>4. true</div><div  class="info"><span class="info-label">I </span>this is the test listener</div></div></div>]]>
    </line>
    <line>
      <![CDATA[<div style="display:block;margin-left:10px;"></div>]]>
    </line>
    <line>
      <![CDATA[Webdriver Listener]]>
    </line>
  </reporter-output>
  <suite name="QAS Demo" duration-ms="48720" started-at="2018-01-10T04:56:35Z" finished-at="2018-01-10T04:57:24Z">
    <groups>
      <group name="P1">
        <method signature="scenarios.qafOrbitzAutomation.bdd.OrbitzFlightBooking()[pri:1000, instance:com.qmetry.qaf.automation.step.client.Scenario@3e8]" name="OrbitzFlightBooking" class="com.qmetry.qaf.automation.step.client.Scenario"/>
      </group> <!-- P1 -->
      <group name="P2">
        <method signature="scenarios.qafOrbitzAutomation.bdd.OrbitzFlightBooking()[pri:1000, instance:com.qmetry.qaf.automation.step.client.Scenario@3e8]" name="OrbitzFlightBooking" class="com.qmetry.qaf.automation.step.client.Scenario"/>
      </group> <!-- P2 -->
      <group name="SMOKE">
        <method signature="scenarios.qafOrbitzAutomation.bdd.OrbitzFlightBooking()[pri:1000, instance:com.qmetry.qaf.automation.step.client.Scenario@3e8]" name="OrbitzFlightBooking" class="com.qmetry.qaf.automation.step.client.Scenario"/>
        <method signature="scenarios.suite1.bdd.SampleTest()[pri:1001, instance:com.qmetry.qaf.automation.step.client.Scenario@3e9]" name="SampleTest" class="com.qmetry.qaf.automation.step.client.Scenario"/>
      </group> <!-- SMOKE -->
    </groups>
    <test name="BDD Test" duration-ms="48720" started-at="2018-01-10T04:56:35Z" finished-at="2018-01-10T04:57:24Z">
      <class name="com.qmetry.qaf.automation.step.client.Scenario">
        <test-method status="PASS" signature="setupSuit(org.testng.ITestContext)[pri:0, instance:com.qmetry.qaf.automation.step.client.Scenario@3e9]" test-instance-name="OrbitzFlightBooking" name="setupSuit" is-config="true" duration-ms="31" started-at="2018-01-10T10:26:35Z" finished-at="2018-01-10T10:26:35Z">
          <params>
            <param index="0">
              <value>
                <![CDATA[org.testng.TestRunner@2aa5fe93]]>
              </value>
            </param>
          </params>
          <reporter-output>
          </reporter-output>
        </test-method> <!-- setupSuit -->
        <test-method status="PASS" signature="setupTest(org.testng.ITestContext)[pri:0, instance:com.qmetry.qaf.automation.step.client.Scenario@3e9]" test-instance-name="OrbitzFlightBooking" name="setupTest" is-config="true" duration-ms="0" started-at="2018-01-10T10:26:35Z" finished-at="2018-01-10T10:26:35Z">
          <params>
            <param index="0">
              <value>
                <![CDATA[org.testng.TestRunner@2aa5fe93]]>
              </value>
            </param>
          </params>
          <reporter-output>
          </reporter-output>
        </test-method> <!-- setupTest -->
        <test-method status="PASS" signature="setup(org.testng.ITestContext)[pri:0, instance:com.qmetry.qaf.automation.step.client.Scenario@3e9]" test-instance-name="OrbitzFlightBooking" name="setup" is-config="true" duration-ms="0" started-at="2018-01-10T10:26:35Z" finished-at="2018-01-10T10:26:35Z">
          <params>
            <param index="0">
              <value>
                <![CDATA[org.testng.TestRunner@2aa5fe93]]>
              </value>
            </param>
          </params>
          <reporter-output>
          </reporter-output>
        </test-method> <!-- setup -->
        <test-method status="PASS" signature="OrbitzFlightBooking()[pri:1000, instance:com.qmetry.qaf.automation.step.client.Scenario@3e8]" test-instance-name="OrbitzFlightBooking" name="OrbitzFlightBooking" duration-ms="48619" started-at="2018-01-10T10:26:35Z" finished-at="2018-01-10T10:27:24Z">
          <reporter-output>
            <line>
              <![CDATA[Webdriver Listener]]>
            </line>
            <line>
              <![CDATA[Webdriver Listener]]>
            </line>
            <line>
              <![CDATA[Webdriver Listener]]>
            </line>
            <line>
              <![CDATA[Webdriver Listener]]>
            </line>
            <line>
              <![CDATA[Webdriver Listener]]>
            </line>
            <line>
              <![CDATA[Webelement Listener]]>
            </line>
            <line>
              <![CDATA[Webdriver Listener]]>
            </line>
            <line>
              <![CDATA[Webelement Listener]]>
            </line>
            <line>
              <![CDATA[Webdriver Listener]]>
            </line>
            <line>
              <![CDATA[Webelement Listener]]>
            </line>
            <line>
              <![CDATA[Webdriver Listener]]>
            </line>
            <line>
              <![CDATA[Webelement Listener]]>
            </line>
            <line>
              <![CDATA[Webdriver Listener]]>
            </line>
            <line>
              <![CDATA[Webelement Listener]]>
            </line>
            <line>
              <![CDATA[Webdriver Listener]]>
            </line>
            <line>
              <![CDATA[Webelement Listener]]>
            </line>
            <line>
              <![CDATA[Webdriver Listener]]>
            </line>
            <line>
              <![CDATA[Webelement Listener]]>
            </line>
            <line>
              <![CDATA[Webdriver Listener]]>
            </line>
            <line>
              <![CDATA[Webelement Listener]]>
            </line>
            <line>
              <![CDATA[Webdriver Listener]]>
            </line>
            <line>
              <![CDATA[Webelement Listener]]>
            </line>
            <line>
              <![CDATA[Webdriver Listener]]>
            </line>
            <line>
              <![CDATA[Webelement Listener]]>
            </line>
            <line>
              <![CDATA[Webdriver Listener]]>
            </line>
            <line>
              <![CDATA[Webelement Listener]]>
            </line>
            <line>
              <![CDATA[Webdriver Listener]]>
            </line>
            <line>
              <![CDATA[Webelement Listener]]>
            </line>
            <line>
              <![CDATA[Webdriver Listener]]>
            </line>
            <line>
              <![CDATA[Webdriver Listener]]>
            </line>
            <line>
              <![CDATA[Webdriver Listener]]>
            </line>
            <line>
              <![CDATA[Webelement Listener]]>
            </line>
            <line>
              <![CDATA[Webelement Listener]]>
            </line>
            <line>
              <![CDATA[Webelement Listener]]>
            </line>
            <line>
              <![CDATA[Webelement Listener]]>
            </line>
            <line>
              <![CDATA[Webelement Listener]]>
            </line>
            <line>
              <![CDATA[Webelement Listener]]>
            </line>
            <line>
              <![CDATA[Webelement Listener]]>
            </line>
            <line>
              <![CDATA[Webelement Listener]]>
            </line>
            <line>
              <![CDATA[Webelement Listener]]>
            </line>
            <line>
              <![CDATA[Webdriver Listener]]>
            </line>
            <line>
              <![CDATA[Webelement Listener]]>
            </line>
            <line>
              <![CDATA[Webelement Listener]]>
            </line>
            <line>
              <![CDATA[Webelement Listener]]>
            </line>
            <line>
              <![CDATA[Webelement Listener]]>
            </line>
            <line>
              <![CDATA[Webelement Listener]]>
            </line>
            <line>
              <![CDATA[Webelement Listener]]>
            </line>
            <line>
              <![CDATA[Webelement Listener]]>
            </line>
            <line>
              <![CDATA[Webelement Listener]]>
            </line>
            <line>
              <![CDATA[Webelement Listener]]>
            </line>
            <line>
              <![CDATA[Webdriver Listener]]>
            </line>
            <line>
              <![CDATA[Webelement Listener]]>
            </line>
            <line>
              <![CDATA[Webelement Listener]]>
            </line>
            <line>
              <![CDATA[Webelement Listener]]>
            </line>
            <line>
              <![CDATA[Webelement Listener]]>
            </line>
            <line>
              <![CDATA[Webelement Listener]]>
            </line>
            <line>
              <![CDATA[Webelement Listener]]>
            </line>
            <line>
              <![CDATA[Webelement Listener]]>
            </line>
            <line>
              <![CDATA[Webelement Listener]]>
            </line>
            <line>
              <![CDATA[Webelement Listener]]>
            </line>
            <line>
              <![CDATA[Webdriver Listener]]>
            </line>
            <line>
              <![CDATA[Webelement Listener]]>
            </line>
            <line>
              <![CDATA[Webelement Listener]]>
            </line>
            <line>
              <![CDATA[Webelement Listener]]>
            </line>
            <line>
              <![CDATA[Webelement Listener]]>
            </line>
            <line>
              <![CDATA[Webelement Listener]]>
            </line>
            <line>
              <![CDATA[Webelement Listener]]>
            </line>
            <line>
              <![CDATA[Webelement Listener]]>
            </line>
            <line>
              <![CDATA[Webelement Listener]]>
            </line>
            <line>
              <![CDATA[Webelement Listener]]>
            </line>
            <line>
              <![CDATA[Webdriver Listener]]>
            </line>
            <line>
              <![CDATA[Webelement Listener]]>
            </line>
            <line>
              <![CDATA[Webelement Listener]]>
            </line>
            <line>
              <![CDATA[Webelement Listener]]>
            </line>
            <line>
              <![CDATA[Webelement Listener]]>
            </line>
            <line>
              <![CDATA[Webelement Listener]]>
            </line>
            <line>
              <![CDATA[Webelement Listener]]>
            </line>
            <line>
              <![CDATA[Webelement Listener]]>
            </line>
            <line>
              <![CDATA[Webelement Listener]]>
            </line>
            <line>
              <![CDATA[Webelement Listener]]>
            </line>
            <line>
              <![CDATA[Webdriver Listener]]>
            </line>
            <line>
              <![CDATA[Webelement Listener]]>
            </line>
            <line>
              <![CDATA[Webelement Listener]]>
            </line>
            <line>
              <![CDATA[Webelement Listener]]>
            </line>
            <line>
              <![CDATA[Webelement Listener]]>
            </line>
            <line>
              <![CDATA[Webelement Listener]]>
            </line>
            <line>
              <![CDATA[Webelement Listener]]>
            </line>
            <line>
              <![CDATA[Webelement Listener]]>
            </line>
            <line>
              <![CDATA[Webelement Listener]]>
            </line>
            <line>
              <![CDATA[Webelement Listener]]>
            </line>
            <line>
              <![CDATA[Webdriver Listener]]>
            </line>
            <line>
              <![CDATA[Webelement Listener]]>
            </line>
            <line>
              <![CDATA[Webelement Listener]]>
            </line>
            <line>
              <![CDATA[Webelement Listener]]>
            </line>
            <line>
              <![CDATA[Webelement Listener]]>
            </line>
            <line>
              <![CDATA[Webelement Listener]]>
            </line>
            <line>
              <![CDATA[Webelement Listener]]>
            </line>
            <line>
              <![CDATA[Webelement Listener]]>
            </line>
            <line>
              <![CDATA[Webelement Listener]]>
            </line>
            <line>
              <![CDATA[Webelement Listener]]>
            </line>
            <line>
              <![CDATA[Webdriver Listener]]>
            </line>
            <line>
              <![CDATA[Webelement Listener]]>
            </line>
            <line>
              <![CDATA[Webelement Listener]]>
            </line>
            <line>
              <![CDATA[Webelement Listener]]>
            </line>
            <line>
              <![CDATA[Webelement Listener]]>
            </line>
            <line>
              <![CDATA[Webelement Listener]]>
            </line>
            <line>
              <![CDATA[Webelement Listener]]>
            </line>
            <line>
              <![CDATA[Webelement Listener]]>
            </line>
            <line>
              <![CDATA[Webelement Listener]]>
            </line>
            <line>
              <![CDATA[Webelement Listener]]>
            </line>
            <line>
              <![CDATA[Webdriver Listener]]>
            </line>
            <line>
              <![CDATA[Webelement Listener]]>
            </line>
            <line>
              <![CDATA[Webelement Listener]]>
            </line>
            <line>
              <![CDATA[Webelement Listener]]>
            </line>
            <line>
              <![CDATA[Webelement Listener]]>
            </line>
            <line>
              <![CDATA[Webelement Listener]]>
            </line>
            <line>
              <![CDATA[Webelement Listener]]>
            </line>
            <line>
              <![CDATA[Webelement Listener]]>
            </line>
            <line>
              <![CDATA[Webelement Listener]]>
            </line>
            <line>
              <![CDATA[Webelement Listener]]>
            </line>
            <line>
              <![CDATA[Webdriver Listener]]>
            </line>
            <line>
              <![CDATA[Webelement Listener]]>
            </line>
            <line>
              <![CDATA[Webelement Listener]]>
            </line>
            <line>
              <![CDATA[Webelement Listener]]>
            </line>
            <line>
              <![CDATA[Webelement Listener]]>
            </line>
            <line>
              <![CDATA[Webelement Listener]]>
            </line>
            <line>
              <![CDATA[Webelement Listener]]>
            </line>
            <line>
              <![CDATA[Webelement Listener]]>
            </line>
            <line>
              <![CDATA[Webelement Listener]]>
            </line>
            <line>
              <![CDATA[Webelement Listener]]>
            </line>
            <line>
              <![CDATA[Webdriver Listener]]>
            </line>
            <line>
              <![CDATA[Webelement Listener]]>
            </line>
            <line>
              <![CDATA[Webelement Listener]]>
            </line>
            <line>
              <![CDATA[Webelement Listener]]>
            </line>
            <line>
              <![CDATA[Webelement Listener]]>
            </line>
            <line>
              <![CDATA[Webelement Listener]]>
            </line>
            <line>
              <![CDATA[Webelement Listener]]>
            </line>
            <line>
              <![CDATA[Webelement Listener]]>
            </line>
            <line>
              <![CDATA[Webelement Listener]]>
            </line>
            <line>
              <![CDATA[Webelement Listener]]>
            </line>
            <line>
              <![CDATA[Webdriver Listener]]>
            </line>
            <line>
              <![CDATA[Webelement Listener]]>
            </line>
            <line>
              <![CDATA[Webelement Listener]]>
            </line>
            <line>
              <![CDATA[Webelement Listener]]>
            </line>
            <line>
              <![CDATA[Webelement Listener]]>
            </line>
            <line>
              <![CDATA[Webelement Listener]]>
            </line>
            <line>
              <![CDATA[Webelement Listener]]>
            </line>
            <line>
              <![CDATA[Webelement Listener]]>
            </line>
            <line>
              <![CDATA[Webelement Listener]]>
            </line>
            <line>
              <![CDATA[Webelement Listener]]>
            </line>
            <line>
              <![CDATA[Webdriver Listener]]>
            </line>
            <line>
              <![CDATA[Webelement Listener]]>
            </line>
            <line>
              <![CDATA[Webelement Listener]]>
            </line>
            <line>
              <![CDATA[Webelement Listener]]>
            </line>
            <line>
              <![CDATA[Webelement Listener]]>
            </line>
            <line>
              <![CDATA[Webelement Listener]]>
            </line>
            <line>
              <![CDATA[Webelement Listener]]>
            </line>
            <line>
              <![CDATA[Webelement Listener]]>
            </line>
            <line>
              <![CDATA[Webelement Listener]]>
            </line>
            <line>
              <![CDATA[Webelement Listener]]>
            </line>
            <line>
              <![CDATA[Webdriver Listener]]>
            </line>
            <line>
              <![CDATA[Webelement Listener]]>
            </line>
            <line>
              <![CDATA[Webelement Listener]]>
            </line>
            <line>
              <![CDATA[Webelement Listener]]>
            </line>
            <line>
              <![CDATA[Webelement Listener]]>
            </line>
            <line>
              <![CDATA[Webelement Listener]]>
            </line>
            <line>
              <![CDATA[Webelement Listener]]>
            </line>
            <line>
              <![CDATA[Webelement Listener]]>
            </line>
            <line>
              <![CDATA[Webelement Listener]]>
            </line>
            <line>
              <![CDATA[Webelement Listener]]>
            </line>
            <line>
              <![CDATA[Webdriver Listener]]>
            </line>
            <line>
              <![CDATA[Webelement Listener]]>
            </line>
            <line>
              <![CDATA[Webelement Listener]]>
            </line>
            <line>
              <![CDATA[Webelement Listener]]>
            </line>
            <line>
              <![CDATA[Webelement Listener]]>
            </line>
            <line>
              <![CDATA[Webelement Listener]]>
            </line>
            <line>
              <![CDATA[Webelement Listener]]>
            </line>
            <line>
              <![CDATA[Webelement Listener]]>
            </line>
            <line>
              <![CDATA[Webelement Listener]]>
            </line>
            <line>
              <![CDATA[Webelement Listener]]>
            </line>
            <line>
              <![CDATA[Webdriver Listener]]>
            </line>
            <line>
              <![CDATA[Webelement Listener]]>
            </line>
            <line>
              <![CDATA[Webelement Listener]]>
            </line>
            <line>
              <![CDATA[Webelement Listener]]>
            </line>
            <line>
              <![CDATA[Webelement Listener]]>
            </line>
            <line>
              <![CDATA[Webelement Listener]]>
            </line>
            <line>
              <![CDATA[Webelement Listener]]>
            </line>
            <line>
              <![CDATA[Webelement Listener]]>
            </line>
            <line>
              <![CDATA[Webelement Listener]]>
            </line>
            <line>
              <![CDATA[Webelement Listener]]>
            </line>
            <line>
              <![CDATA[Webdriver Listener]]>
            </line>
            <line>
              <![CDATA[Webelement Listener]]>
            </line>
            <line>
              <![CDATA[Webelement Listener]]>
            </line>
            <line>
              <![CDATA[Webelement Listener]]>
            </line>
            <line>
              <![CDATA[Webelement Listener]]>
            </line>
            <line>
              <![CDATA[Webelement Listener]]>
            </line>
            <line>
              <![CDATA[Webelement Listener]]>
            </line>
            <line>
              <![CDATA[Webelement Listener]]>
            </line>
            <line>
              <![CDATA[Webelement Listener]]>
            </line>
            <line>
              <![CDATA[Webelement Listener]]>
            </line>
            <line>
              <![CDATA[Webdriver Listener]]>
            </line>
            <line>
              <![CDATA[Webelement Listener]]>
            </line>
            <line>
              <![CDATA[Webelement Listener]]>
            </line>
            <line>
              <![CDATA[Webelement Listener]]>
            </line>
            <line>
              <![CDATA[Webelement Listener]]>
            </line>
            <line>
              <![CDATA[Webelement Listener]]>
            </line>
            <line>
              <![CDATA[Webelement Listener]]>
            </line>
            <line>
              <![CDATA[Webelement Listener]]>
            </line>
            <line>
              <![CDATA[Webelement Listener]]>
            </line>
            <line>
              <![CDATA[Webelement Listener]]>
            </line>
            <line>
              <![CDATA[Webdriver Listener]]>
            </line>
            <line>
              <![CDATA[Webelement Listener]]>
            </line>
            <line>
              <![CDATA[Webelement Listener]]>
            </line>
            <line>
              <![CDATA[Webelement Listener]]>
            </line>
            <line>
              <![CDATA[Webelement Listener]]>
            </line>
            <line>
              <![CDATA[Webelement Listener]]>
            </line>
            <line>
              <![CDATA[Webelement Listener]]>
            </line>
            <line>
              <![CDATA[Webelement Listener]]>
            </line>
            <line>
              <![CDATA[Webelement Listener]]>
            </line>
            <line>
              <![CDATA[Webelement Listener]]>
            </line>
            <line>
              <![CDATA[Webdriver Listener]]>
            </line>
            <line>
              <![CDATA[Webelement Listener]]>
            </line>
            <line>
              <![CDATA[Webelement Listener]]>
            </line>
            <line>
              <![CDATA[Webelement Listener]]>
            </line>
            <line>
              <![CDATA[Webelement Listener]]>
            </line>
            <line>
              <![CDATA[Webelement Listener]]>
            </line>
            <line>
              <![CDATA[Webelement Listener]]>
            </line>
            <line>
              <![CDATA[Webelement Listener]]>
            </line>
            <line>
              <![CDATA[Webelement Listener]]>
            </line>
            <line>
              <![CDATA[Webelement Listener]]>
            </line>
            <line>
              <![CDATA[Webdriver Listener]]>
            </line>
            <line>
              <![CDATA[Webelement Listener]]>
            </line>
            <line>
              <![CDATA[Webelement Listener]]>
            </line>
            <line>
              <![CDATA[Webelement Listener]]>
            </line>
            <line>
              <![CDATA[Webelement Listener]]>
            </line>
            <line>
              <![CDATA[Webelement Listener]]>
            </line>
            <line>
              <![CDATA[Webelement Listener]]>
            </line>
            <line>
              <![CDATA[Webelement Listener]]>
[...]
an class="info-label">I </span>4. true</div><div  class="info"><span class="info-label">I </span>1. 11:45pm</div><div  class="info"><span class="info-label">I </span>2. 4:50pm</div><div  class="info"><span class="info-label">I </span>3. 2 stops</div><div  class="pass"><span class="pass-label">P </span>Expected By.cssSelector: .tile-media visible : Actual By.cssSelector: .tile-media visible <a href="../img/OrbitzFlightBooking_cmwoi5h016ua14740.png" target="_blank">[View Screenshot]</a> </div><div  class="info"><span class="info-label">I </span>4. true</div><div  class="info"><span class="info-label">I </span>1. 5:55am</div><div  class="info"><span class="info-label">I </span>2. 4:50pm</div><div  class="info"><span class="info-label">I </span>3. 2 stops</div><div  class="pass"><span class="pass-label">P </span>Expected By.cssSelector: .tile-media visible : Actual By.cssSelector: .tile-media visible <a href="../img/OrbitzFlightBooking_1x2gebn574ljr14741.png" target="_blank">[View Screenshot]</a> </div><div  class="info"><span class="info-label">I </span>4. true</div><div  class="info"><span class="info-label">I </span>1. 5:55am</div><div  class="info"><span class="info-label">I </span>2. 4:50pm</div><div  class="info"><span class="info-label">I </span>3. 2 stops</div><div  class="pass"><span class="pass-label">P </span>Expected By.cssSelector: .tile-media visible : Actual By.cssSelector: .tile-media visible <a href="../img/OrbitzFlightBooking_1b3qthbrxllvv14742.png" target="_blank">[View Screenshot]</a> </div><div  class="info"><span class="info-label">I </span>4. true</div><div  class="info"><span class="info-label">I </span>1. 5:55am</div><div  class="info"><span class="info-label">I </span>2. 4:45pm</div><div  class="info"><span class="info-label">I </span>3. 2 stops</div><div  class="pass"><span class="pass-label">P </span>Expected By.cssSelector: .tile-media visible : Actual By.cssSelector: .tile-media visible <a href="../img/OrbitzFlightBooking_1ospbx3m3m4dh14743.png" target="_blank">[View Screenshot]</a> </div><div  class="info"><span class="info-label">I </span>4. true</div><div  class="info"><span class="info-label">I </span>1. 5:55am</div><div  class="info"><span class="info-label">I </span>2. 4:45pm</div><div  class="info"><span class="info-label">I </span>3. 2 stops</div><div  class="pass"><span class="pass-label">P </span>Expected By.cssSelector: .tile-media visible : Actual By.cssSelector: .tile-media visible <a href="../img/OrbitzFlightBooking_1rbyi1qoh2wze14744.png" target="_blank">[View Screenshot]</a> </div><div  class="info"><span class="info-label">I </span>4. true</div><div  class="info"><span class="info-label">I </span>1. 7:40am</div><div  class="info"><span class="info-label">I </span>2. 8:35pm</div><div  class="info"><span class="info-label">I </span>3. 2 stops</div><div  class="pass"><span class="pass-label">P </span>Expected By.cssSelector: .tile-media visible : Actual By.cssSelector: .tile-media visible <a href="../img/OrbitzFlightBooking_184x4plgnyels14745.png" target="_blank">[View Screenshot]</a> </div><div  class="info"><span class="info-label">I </span>4. true</div><div  class="info"><span class="info-label">I </span>1. 8:15pm</div><div  class="info"><span class="info-label">I </span>2. 9:50am</div><div  class="info"><span class="info-label">I </span>3. 2 stops</div><div  class="pass"><span class="pass-label">P </span>Expected By.cssSelector: .tile-media visible : Actual By.cssSelector: .tile-media visible <a href="../img/OrbitzFlightBooking_1t8i1gp0qs2hx14746.png" target="_blank">[View Screenshot]</a> </div><div  class="info"><span class="info-label">I </span>4. true</div><div  class="info"><span class="info-label">I </span>1. 8:15pm</div><div  class="info"><span class="info-label">I </span>2. 9:50am</div><div  class="info"><span class="info-label">I </span>3. 2 stops</div><div  class="pass"><span class="pass-label">P </span>Expected By.cssSelector: .tile-media visible : Actual By.cssSelector: .tile-media visible <a href="../img/OrbitzFlightBooking_xy1tvlh3qbrs14747.png" target="_blank">[View Screenshot]</a> </div><div  class="info"><span class="info-label">I </span>4. true</div><div  class="info"><span class="info-label">I </span>1. 5:55am</div><div  class="info"><span class="info-label">I </span>2. 4:50pm</div><div  class="info"><span class="info-label">I </span>3. 2 stops</div><div  class="pass"><span class="pass-label">P </span>Expected By.cssSelector: .tile-media visible : Actual By.cssSelector: .tile-media visible <a href="../img/OrbitzFlightBooking_11y04sxiynmlu14748.png" target="_blank">[View Screenshot]</a> </div><div  class="info"><span class="info-label">I </span>4. true</div><div  class="info"><span class="info-label">I </span>1. 5:55am</div><div  class="info"><span class="info-label">I </span>2. 4:45pm</div><div  class="info"><span class="info-label">I </span>3. 2 stops</div><div  class="pass"><span class="pass-label">P </span>Expected By.cssSelector: .tile-media visible : Actual By.cssSelector: .tile-media visible <a href="../img/OrbitzFlightBooking_bt4zzo0r4c4a14749.png" target="_blank">[View Screenshot]</a> </div><div  class="info"><span class="info-label">I </span>4. true</div><div  class="info"><span class="info-label">I </span>1. 5:50am</div><div  class="info"><span class="info-label">I </span>2. 4:50pm</div><div  class="info"><span class="info-label">I </span>3. 2 stops</div><div  class="pass"><span class="pass-label">P </span>Expected By.cssSelector: .tile-media visible : Actual By.cssSelector: .tile-media visible <a href="../img/OrbitzFlightBooking_i2nffiz5wd6s14750.png" target="_blank">[View Screenshot]</a> </div><div  class="info"><span class="info-label">I </span>4. true</div><div  class="info"><span class="info-label">I </span>1. 5:50am</div><div  class="info"><span class="info-label">I </span>2. 4:50pm</div><div  class="info"><span class="info-label">I </span>3. 2 stops</div><div  class="pass"><span class="pass-label">P </span>Expected By.cssSelector: .tile-media visible : Actual By.cssSelector: .tile-media visible <a href="../img/OrbitzFlightBooking_1eceanv6bllsu14751.png" target="_blank">[View Screenshot]</a> </div><div  class="info"><span class="info-label">I </span>4. true</div><div  class="info"><span class="info-label">I </span>1. 7:35am</div><div  class="info"><span class="info-label">I </span>2. 4:50pm</div><div  class="info"><span class="info-label">I </span>3. 2 stops</div><div  class="pass"><span class="pass-label">P </span>Expected By.cssSelector: .tile-media visible : Actual By.cssSelector: .tile-media visible <a href="../img/OrbitzFlightBooking_f261ujmxblrh14752.png" target="_blank">[View Screenshot]</a> </div><div  class="info"><span class="info-label">I </span>4. true</div><div  class="info"><span class="info-label">I </span>1. 3:25am</div><div  class="info"><span class="info-label">I </span>2. 4:50pm</div><div  class="info"><span class="info-label">I </span>3. 2 stops</div><div  class="pass"><span class="pass-label">P </span>Expected By.cssSelector: .tile-media visible : Actual By.cssSelector: .tile-media visible <a href="../img/OrbitzFlightBooking_sbbbq0iw5uc114753.png" target="_blank">[View Screenshot]</a> </div><div  class="info"><span class="info-label">I </span>4. true</div><div  class="info"><span class="info-label">I </span>1. 3:25am</div><div  class="info"><span class="info-label">I </span>2. 4:50pm</div><div  class="info"><span class="info-label">I </span>3. 2 stops</div><div  class="pass"><span class="pass-label">P </span>Expected By.cssSelector: .tile-media visible : Actual By.cssSelector: .tile-media visible <a href="../img/OrbitzFlightBooking_ygygka9fuhs214754.png" target="_blank">[View Screenshot]</a> </div><div  class="info"><span class="info-label">I </span>4. true</div><div  class="info"><span class="info-label">I </span>1. 5:50am</div><div  class="info"><span class="info-label">I </span>2. 4:50pm</div><div  class="info"><span class="info-label">I </span>3. 2 stops</div><div  class="pass"><span class="pass-label">P </span>Expected By.cssSelector: .tile-media visible : Actual By.cssSelector: .tile-media visible <a href="../img/OrbitzFlightBooking_kv5ga3j5ihjn14755.png" target="_blank">[View Screenshot]</a> </div><div  class="info"><span class="info-label">I </span>4. true</div><div  class="info"><span class="info-label">I </span>1. 7:35am</div><div  class="info"><span class="info-label">I </span>2. 4:50pm</div><div  class="info"><span class="info-label">I </span>3. 2 stops</div><div  class="pass"><span class="pass-label">P </span>Expected By.cssSelector: .tile-media visible : Actual By.cssSelector: .tile-media visible <a href="../img/OrbitzFlightBooking_15g9zwrqt5msk14756.png" target="_blank">[View Screenshot]</a> </div><div  class="info"><span class="info-label">I </span>4. true</div><div  class="info"><span class="info-label">I </span>1. 5:55am</div><div  class="info"><span class="info-label">I </span>2. 4:50pm</div><div  class="info"><span class="info-label">I </span>3. 2 stops</div><div  class="pass"><span class="pass-label">P </span>Expected By.cssSelector: .tile-media visible : Actual By.cssSelector: .tile-media visible <a href="../img/OrbitzFlightBooking_92fu53kmtoib14757.png" target="_blank">[View Screenshot]</a> </div><div  class="info"><span class="info-label">I </span>4. true</div><div  class="info"><span class="info-label">I </span>1. 8:25pm</div><div  class="info"><span class="info-label">I </span>2. 8:15am</div><div  class="info"><span class="info-label">I </span>3. 2 stops</div><div  class="pass"><span class="pass-label">P </span>Expected By.cssSelector: .tile-media visible : Actual By.cssSelector: .tile-media visible <a href="../img/OrbitzFlightBooking_ov3mr172d9rx14758.png" target="_blank">[View Screenshot]</a> </div><div  class="info"><span class="info-label">I </span>4. true</div><div  class="info"><span class="info-label">I </span>1. 5:55am</div><div  class="info"><span class="info-label">I </span>2. 4:45pm</div><div  class="info"><span class="info-label">I </span>3. 2 stops</div><div  class="pass"><span class="pass-label">P </span>Expected By.cssSelector: .tile-media visible : Actual By.cssSelector: .tile-media visible <a href="../img/OrbitzFlightBooking_13uytt00cegrs14759.png" target="_blank">[View Screenshot]</a> </div><div  class="info"><span class="info-label">I </span>4. true</div><div  class="info"><span class="info-label">I </span>1. 7:00pm</div><div  class="info"><span class="info-label">I </span>2. 7:15am</div><div  class="info"><span class="info-label">I </span>3. 2 stops</div><div  class="pass"><span class="pass-label">P </span>Expected By.cssSelector: .tile-media visible : Actual By.cssSelector: .tile-media visible <a href="../img/OrbitzFlightBooking_19ns1slobspne14760.png" target="_blank">[View Screenshot]</a> </div><div  class="info"><span class="info-label">I </span>4. true</div><div  class="info"><span class="info-label">I </span>1. 5:50am</div><div  class="info"><span class="info-label">I </span>2. 4:50pm</div><div  class="info"><span class="info-label">I </span>3. 2 stops</div><div  class="pass"><span class="pass-label">P </span>Expected By.cssSelector: .tile-media visible : Actual By.cssSelector: .tile-media visible <a href="../img/OrbitzFlightBooking_capgabp5mofn14761.png" target="_blank">[View Screenshot]</a> </div><div  class="info"><span class="info-label">I </span>4. true</div><div  class="info"><span class="info-label">I </span>1. 7:35am</div><div  class="info"><span class="info-label">I </span>2. 4:50pm</div><div  class="info"><span class="info-label">I </span>3. 2 stops</div><div  class="pass"><span class="pass-label">P </span>Expected By.cssSelector: .tile-media visible : Actual By.cssSelector: .tile-media visible <a href="../img/OrbitzFlightBooking_jaacku3r3kdt14762.png" target="_blank">[View Screenshot]</a> </div><div  class="info"><span class="info-label">I </span>4. true</div><div  class="info"><span class="info-label">I </span>1. 5:50am</div><div  class="info"><span class="info-label">I </span>2. 4:50pm</div><div  class="info"><span class="info-label">I </span>3. 4 stops</div><div  class="pass"><span class="pass-label">P </span>Expected By.cssSelector: .tile-media visible : Actual By.cssSelector: .tile-media visible <a href="../img/OrbitzFlightBooking_p2tgc54baxbb14763.png" target="_blank">[View Screenshot]</a> </div><div  class="info"><span class="info-label">I </span>4. true</div><div  class="info"><span class="info-label">I </span>this is the test listener</div></div></div>]]>
            </line>
          </reporter-output>
        </test-method> <!-- OrbitzFlightBooking -->
        <test-method status="PASS" signature="setupMethod(java.lang.reflect.Method, org.testng.ITestContext)[pri:0, instance:com.qmetry.qaf.automation.step.client.Scenario@3e9]" test-instance-name="OrbitzFlightBooking" name="setupMethod" is-config="true" duration-ms="0" started-at="2018-01-10T10:26:35Z" finished-at="2018-01-10T10:26:35Z">
          <params>
            <param index="0">
              <value>
                <![CDATA[public void com.qmetry.qaf.automation.step.client.Scenario.scenario()]]>
              </value>
            </param>
            <param index="1">
              <value>
                <![CDATA[org.testng.TestRunner@2aa5fe93]]>
              </value>
            </param>
          </params>
          <reporter-output>
          </reporter-output>
        </test-method> <!-- setupMethod -->
        <test-method status="PASS" signature="afterMethod(org.testng.ITestContext, org.testng.ITestResult)[pri:0, instance:com.qmetry.qaf.automation.step.client.Scenario@3e9]" test-instance-name="OrbitzFlightBooking" name="afterMethod" is-config="true" duration-ms="0" started-at="2018-01-10T10:27:24Z" finished-at="2018-01-10T10:27:24Z">
          <params>
            <param index="0">
              <value>
                <![CDATA[org.testng.TestRunner@2aa5fe93]]>
              </value>
            </param>
            <param index="1">
              <value>
                <![CDATA[[TestResult name=OrbitzFlightBooking status=SUCCESS method=scenarios.qafOrbitzAutomation.bdd.OrbitzFlightBooking()[pri:1000, instance:com.qmetry.qaf.automation.step.client.Scenario@3e8] output=Webdriver Listener]]]>
              </value>
            </param>
          </params>
          <reporter-output>
          </reporter-output>
        </test-method> <!-- afterMethod -->
        <test-method status="PASS" signature="SampleTest()[pri:1001, instance:com.qmetry.qaf.automation.step.client.Scenario@3e9]" test-instance-name="SampleTest" name="SampleTest" duration-ms="0" started-at="2018-01-10T10:27:24Z" description="Sample Test Scenario" finished-at="2018-01-10T10:27:24Z">
          <reporter-output>
            <line>
              <![CDATA[<div style="display:block;margin-left:10px;"></div>]]>
            </line>
          </reporter-output>
        </test-method> <!-- SampleTest -->
        <test-method status="PASS" signature="afterTest(org.testng.ITestContext)[pri:0, instance:com.qmetry.qaf.automation.step.client.Scenario@3e9]" test-instance-name="OrbitzFlightBooking" name="afterTest" is-config="true" duration-ms="54" started-at="2018-01-10T10:27:24Z" finished-at="2018-01-10T10:27:24Z">
          <params>
            <param index="0">
              <value>
                <![CDATA[org.testng.TestRunner@2aa5fe93]]>
              </value>
            </param>
          </params>
          <reporter-output>
            <line>
              <![CDATA[Webdriver Listener]]>
            </line>
          </reporter-output>
        </test-method> <!-- afterTest -->
        <test-method status="PASS" signature="setup(org.testng.ITestContext)[pri:0, instance:com.qmetry.qaf.automation.step.client.Scenario@3e9]" test-instance-name="SampleTest" name="setup" is-config="true" duration-ms="0" started-at="2018-01-10T10:27:24Z" finished-at="2018-01-10T10:27:24Z">
          <params>
            <param index="0">
              <value>
                <![CDATA[org.testng.TestRunner@2aa5fe93]]>
              </value>
            </param>
          </params>
          <reporter-output>
          </reporter-output>
        </test-method> <!-- setup -->
        <test-method status="PASS" signature="afterMethod(org.testng.ITestContext, org.testng.ITestResult)[pri:0, instance:com.qmetry.qaf.automation.step.client.Scenario@3e9]" test-instance-name="SampleTest" name="afterMethod" is-config="true" duration-ms="0" started-at="2018-01-10T10:27:24Z" finished-at="2018-01-10T10:27:24Z">
          <params>
            <param index="0">
              <value>
                <![CDATA[org.testng.TestRunner@2aa5fe93]]>
              </value>
            </param>
            <param index="1">
              <value>
                <![CDATA[[TestResult name=SampleTest status=SUCCESS method=scenarios.suite1.bdd.SampleTest()[pri:1001, instance:com.qmetry.qaf.automation.step.client.Scenario@3e9] output=<div style="display:block;margin-left:10px;"></div>]]]>
              </value>
            </param>
          </params>
          <reporter-output>
          </reporter-output>
        </test-method> <!-- afterMethod -->
        <test-method status="PASS" signature="setupMethod(java.lang.reflect.Method, org.testng.ITestContext)[pri:0, instance:com.qmetry.qaf.automation.step.client.Scenario@3e9]" test-instance-name="SampleTest" name="setupMethod" is-config="true" duration-ms="0" started-at="2018-01-10T10:27:24Z" finished-at="2018-01-10T10:27:24Z">
          <params>
            <param index="0">
              <value>
                <![CDATA[public void com.qmetry.qaf.automation.step.client.Scenario.scenario()]]>
              </value>
            </param>
            <param index="1">
              <value>
                <![CDATA[org.testng.TestRunner@2aa5fe93]]>
              </value>
            </param>
          </params>
          <reporter-output>
          </reporter-output>
        </test-method> <!-- setupMethod -->
        <test-method status="PASS" signature="afterClass(org.testng.ITestContext)[pri:0, instance:com.qmetry.qaf.automation.step.client.Scenario@3e9]" test-instance-name="SampleTest" name="afterClass" is-config="true" duration-ms="0" started-at="2018-01-10T10:27:24Z" finished-at="2018-01-10T10:27:24Z">
          <params>
            <param index="0">
              <value>
                <![CDATA[org.testng.TestRunner@2aa5fe93]]>
              </value>
            </param>
          </params>
          <reporter-output>
          </reporter-output>
        </test-method> <!-- afterClass -->
        <test-method status="PASS" signature="afterClass(org.testng.ITestContext)[pri:0, instance:com.qmetry.qaf.automation.step.client.Scenario@3e9]" test-instance-name="OrbitzFlightBooking" name="afterClass" is-config="true" duration-ms="0" started-at="2018-01-10T10:27:24Z" finished-at="2018-01-10T10:27:24Z">
          <params>
            <param index="0">
              <value>
                <![CDATA[org.testng.TestRunner@2aa5fe93]]>
              </value>
            </param>
          </params>
          <reporter-output>
          </reporter-output>
        </test-method> <!-- afterClass -->
        <test-method status="PASS" signature="afterSuit(org.testng.ITestContext)[pri:0, instance:com.qmetry.qaf.automation.step.client.Scenario@3e9]" test-instance-name="OrbitzFlightBooking" name="afterSuit" is-config="true" duration-ms="16" started-at="2018-01-10T10:27:24Z" finished-at="2018-01-10T10:27:24Z">
          <params>
            <param index="0">
              <value>
                <![CDATA[org.testng.TestRunner@2aa5fe93]]>
              </value>
            </param>
          </params>
          <reporter-output>
          </reporter-output>
        </test-method> <!-- afterSuit -->
      </class> <!-- com.qmetry.qaf.automation.step.client.Scenario -->
    </test> <!-- BDD Test -->
  </suite> <!-- QAS Demo -->
</testng-results>
