<?xml version="1.0" encoding="UTF-8"?>
<testng-results skipped="0" failed="0" ignored="0" total="1" passed="1">
  <reporter-output>
    <line>
      <![CDATA[Webdriver Listener]]>
    </line>
    <line>
      <![CDATA[Webdriver Listener]]>
    </line>
    <line>
      <![CDATA[Webdriver Listener]]>
    </line>
    <line>
      <![CDATA[Webdriver Listener]]>
    </line>
    <line>
      <![CDATA[Webdriver Listener]]>
    </line>
    <line>
      <![CDATA[Webelement Listener]]>
    </line>
    <line>
      <![CDATA[Webdriver Listener]]>
    </line>
    <line>
      <![CDATA[Webelement Listener]]>
    </line>
    <line>
      <![CDATA[Webdriver Listener]]>
    </line>
    <line>
      <![CDATA[Webelement Listener]]>
    </line>
    <line>
      <![CDATA[Webdriver Listener]]>
    </line>
    <line>
      <![CDATA[Webelement Listener]]>
    </line>
    <line>
      <![CDATA[Webdriver Listener]]>
    </line>
    <line>
      <![CDATA[Webelement Listener]]>
    </line>
    <line>
      <![CDATA[Webdriver Listener]]>
    </line>
    <line>
      <![CDATA[Webelement Listener]]>
    </line>
    <line>
      <![CDATA[Webdriver Listener]]>
    </line>
    <line>
      <![CDATA[Webelement Listener]]>
    </line>
    <line>
      <![CDATA[Webdriver Listener]]>
    </line>
    <line>
      <![CDATA[Webelement Listener]]>
    </line>
    <line>
      <![CDATA[Webdriver Listener]]>
    </line>
    <line>
      <![CDATA[Webelement Listener]]>
    </line>
    <line>
      <![CDATA[Webdriver Listener]]>
    </line>
    <line>
      <![CDATA[Webelement Listener]]>
    </line>
    <line>
      <![CDATA[Webdriver Listener]]>
    </line>
    <line>
      <![CDATA[Webelement Listener]]>
    </line>
    <line>
      <![CDATA[Webdriver Listener]]>
    </line>
    <line>
      <![CDATA[Webelement Listener]]>
    </line>
    <line>
      <![CDATA[Webdriver Listener]]>
    </line>
    <line>
      <![CDATA[Webdriver Listener]]>
    </line>
    <line>
      <![CDATA[Webdriver Listener]]>
    </line>
    <line>
      <![CDATA[Webelement Listener]]>
    </line>
    <line>
      <![CDATA[Webelement Listener]]>
    </line>
    <line>
      <![CDATA[Webelement Listener]]>
    </line>
    <line>
      <![CDATA[Webelement Listener]]>
    </line>
    <line>
      <![CDATA[Webelement Listener]]>
    </line>
    <line>
      <![CDATA[Webelement Listener]]>
    </line>
    <line>
      <![CDATA[Webelement Listener]]>
    </line>
    <line>
      <![CDATA[Webelement Listener]]>
    </line>
    <line>
      <![CDATA[Webelement Listener]]>
    </line>
    <line>
      <![CDATA[Webdriver Listener]]>
    </line>
    <line>
      <![CDATA[Webelement Listener]]>
    </line>
    <line>
      <![CDATA[Webelement Listener]]>
    </line>
    <line>
      <![CDATA[Webelement Listener]]>
    </line>
    <line>
      <![CDATA[Webelement Listener]]>
    </line>
    <line>
      <![CDATA[Webelement Listener]]>
    </line>
    <line>
      <![CDATA[Webelement Listener]]>
    </line>
    <line>
      <![CDATA[Webelement Listener]]>
    </line>
    <line>
      <![CDATA[Webelement Listener]]>
    </line>
    <line>
      <![CDATA[Webelement Listener]]>
    </line>
    <line>
      <![CDATA[Webdriver Listener]]>
    </line>
    <line>
      <![CDATA[Webelement Listener]]>
    </line>
    <line>
      <![CDATA[Webelement Listener]]>
    </line>
    <line>
      <![CDATA[Webelement Listener]]>
    </line>
    <line>
      <![CDATA[Webelement Listener]]>
    </line>
    <line>
      <![CDATA[Webelement Listener]]>
    </line>
    <line>
      <![CDATA[Webelement Listener]]>
    </line>
    <line>
      <![CDATA[Webelement Listener]]>
    </line>
    <line>
      <![CDATA[Webelement Listener]]>
    </line>
    <line>
      <![CDATA[Webelement Listener]]>
    </line>
    <line>
      <![CDATA[Webdriver Listener]]>
    </line>
    <line>
      <![CDATA[Webelement Listener]]>
    </line>
    <line>
      <![CDATA[Webelement Listener]]>
    </line>
    <line>
      <![CDATA[Webelement Listener]]>
    </line>
    <line>
      <![CDATA[Webelement Listener]]>
    </line>
    <line>
      <![CDATA[Webelement Listener]]>
    </line>
    <line>
      <![CDATA[Webelement Listener]]>
    </line>
    <line>
      <![CDATA[Webelement Listener]]>
    </line>
    <line>
      <![CDATA[Webelement Listener]]>
    </line>
    <line>
      <![CDATA[Webelement Listener]]>
    </line>
    <line>
      <![CDATA[Webdriver Listener]]>
    </line>
    <line>
      <![CDATA[Webelement Listener]]>
    </line>
    <line>
      <![CDATA[Webelement Listener]]>
    </line>
    <line>
      <![CDATA[Webelement Listener]]>
    </line>
    <line>
      <![CDATA[Webelement Listener]]>
    </line>
    <line>
      <![CDATA[Webelement Listener]]>
    </line>
    <line>
      <![CDATA[Webelement Listener]]>
    </line>
    <line>
      <![CDATA[Webelement Listener]]>
    </line>
    <line>
      <![CDATA[Webelement Listener]]>
    </line>
    <line>
      <![CDATA[Webelement Listener]]>
    </line>
    <line>
      <![CDATA[Webdriver Listener]]>
    </line>
    <line>
      <![CDATA[Webelement Listener]]>
    </line>
    <line>
      <![CDATA[Webelement Listener]]>
    </line>
    <line>
      <![CDATA[Webelement Listener]]>
    </line>
    <line>
      <![CDATA[Webelement Listener]]>
    </line>
    <line>
      <![CDATA[Webelement Listener]]>
    </line>
    <line>
      <![CDATA[Webelement Listener]]>
    </line>
    <line>
      <![CDATA[Webelement Listener]]>
    </line>
    <line>
      <![CDATA[Webelement Listener]]>
    </line>
    <line>
      <![CDATA[Webelement Listener]]>
    </line>
    <line>
      <![CDATA[Webdriver Listener]]>
    </line>
    <line>
      <![CDATA[Webelement Listener]]>
    </line>
    <line>
      <![CDATA[Webelement Listener]]>
    </line>
    <line>
      <![CDATA[Webelement Listener]]>
    </line>
    <line>
      <![CDATA[Webelement Listener]]>
    </line>
    <line>
      <![CDATA[Webelement Listener]]>
    </line>
    <line>
      <![CDATA[Webelement Listener]]>
    </line>
    <line>
      <![CDATA[Webelement Listener]]>
    </line>
    <line>
      <![CDATA[Webelement Listener]]>
    </line>
    <line>
      <![CDATA[Webelement Listener]]>
    </line>
    <line>
      <![CDATA[Webdriver Listener]]>
    </line>
    <line>
      <![CDATA[Webelement Listener]]>
    </line>
    <line>
      <![CDATA[Webelement Listener]]>
    </line>
    <line>
      <![CDATA[Webelement Listener]]>
    </line>
    <line>
      <![CDATA[Webelement Listener]]>
    </line>
    <line>
      <![CDATA[Webelement Listener]]>
    </line>
    <line>
      <![CDATA[Webelement Listener]]>
    </line>
    <line>
      <![CDATA[Webelement Listener]]>
    </line>
    <line>
      <![CDATA[Webelement Listener]]>
    </line>
    <line>
      <![CDATA[Webelement Listener]]>
    </line>
    <line>
      <![CDATA[Webdriver Listener]]>
    </line>
    <line>
      <![CDATA[Webelement Listener]]>
    </line>
    <line>
      <![CDATA[Webelement Listener]]>
    </line>
    <line>
      <![CDATA[Webelement Listener]]>
    </line>
    <line>
      <![CDATA[Webelement Listener]]>
    </line>
    <line>
      <![CDATA[Webelement Listener]]>
    </line>
    <line>
      <![CDATA[Webelement Listener]]>
    </line>
    <line>
      <![CDATA[Webelement Listener]]>
    </line>
    <line>
      <![CDATA[Webelement Listener]]>
    </line>
    <line>
      <![CDATA[Webelement Listener]]>
    </line>
    <line>
      <![CDATA[Webdriver Listener]]>
    </line>
    <line>
      <![CDATA[Webelement Listener]]>
    </line>
    <line>
      <![CDATA[Webelement Listener]]>
    </line>
    <line>
      <![CDATA[Webelement Listener]]>
    </line>
    <line>
      <![CDATA[Webelement Listener]]>
    </line>
    <line>
      <![CDATA[Webelement Listener]]>
    </line>
    <line>
      <![CDATA[Webelement Listener]]>
    </line>
    <line>
      <![CDATA[Webelement Listener]]>
    </line>
    <line>
      <![CDATA[Webelement Listener]]>
    </line>
    <line>
      <![CDATA[Webelement Listener]]>
    </line>
    <line>
      <![CDATA[Webdriver Listener]]>
    </line>
    <line>
      <![CDATA[Webelement Listener]]>
    </line>
    <line>
      <![CDATA[Webelement Listener]]>
    </line>
    <line>
      <![CDATA[Webelement Listener]]>
    </line>
    <line>
      <![CDATA[Webelement Listener]]>
    </line>
    <line>
      <![CDATA[Webelement Listener]]>
    </line>
    <line>
      <![CDATA[Webelement Listener]]>
    </line>
    <line>
      <![CDATA[Webelement Listener]]>
    </line>
    <line>
      <![CDATA[Webelement Listener]]>
    </line>
    <line>
      <![CDATA[Webelement Listener]]>
    </line>
    <line>
      <![CDATA[Webdriver Listener]]>
    </line>
    <line>
      <![CDATA[Webelement Listener]]>
    </line>
    <line>
      <![CDATA[Webelement Listener]]>
    </line>
    <line>
      <![CDATA[Webelement Listener]]>
    </line>
    <line>
      <![CDATA[Webelement Listener]]>
    </line>
    <line>
      <![CDATA[Webelement Listener]]>
    </line>
    <line>
      <![CDATA[Webelement Listener]]>
    </line>
    <line>
      <![CDATA[Webelement Listener]]>
    </line>
    <line>
      <![CDATA[Webelement Listener]]>
    </line>
    <line>
      <![CDATA[Webelement Listener]]>
    </line>
    <line>
      <![CDATA[Webdriver Listener]]>
    </line>
    <line>
      <![CDATA[Webelement Listener]]>
    </line>
    <line>
      <![CDATA[Webelement Listener]]>
    </line>
    <line>
      <![CDATA[Webelement Listener]]>
    </line>
    <line>
      <![CDATA[Webelement Listener]]>
    </line>
    <line>
      <![CDATA[Webelement Listener]]>
    </line>
    <line>
      <![CDATA[Webelement Listener]]>
    </line>
    <line>
      <![CDATA[Webelement Listener]]>
    </line>
    <line>
      <![CDATA[Webelement Listener]]>
    </line>
    <line>
      <![CDATA[Webelement Listener]]>
    </line>
    <line>
      <![CDATA[Webdriver Listener]]>
    </line>
    <line>
      <![CDATA[Webelement Listener]]>
    </line>
    <line>
      <![CDATA[Webelement Listener]]>
    </line>
    <line>
      <![CDATA[Webelement Listener]]>
    </line>
    <line>
      <![CDATA[Webelement Listener]]>
    </line>
    <line>
      <![CDATA[Webelement Listener]]>
    </line>
    <line>
      <![CDATA[Webelement Listener]]>
    </line>
    <line>
      <![CDATA[Webelement Listener]]>
    </line>
    <line>
      <![CDATA[Webelement Listener]]>
    </line>
    <line>
      <![CDATA[Webelement Listener]]>
    </line>
    <line>
      <![CDATA[Webdriver Listener]]>
    </line>
    <line>
      <![CDATA[Webelement Listener]]>
    </line>
    <line>
      <![CDATA[Webelement Listener]]>
    </line>
    <line>
      <![CDATA[Webelement Listener]]>
    </line>
    <line>
      <![CDATA[Webelement Listener]]>
    </line>
    <line>
      <![CDATA[Webelement Listener]]>
    </line>
    <line>
      <![CDATA[Webelement Listener]]>
    </line>
    <line>
      <![CDATA[Webelement Listener]]>
    </line>
    <line>
      <![CDATA[Webelement Listener]]>
    </line>
    <line>
      <![CDATA[Webelement Listener]]>
    </line>
    <line>
      <![CDATA[Webdriver Listener]]>
    </line>
    <line>
      <![CDATA[Webelement Listener]]>
    </line>
    <line>
      <![CDATA[Webelement Listener]]>
    </line>
    <line>
      <![CDATA[Webelement Listener]]>
    </line>
    <line>
      <![CDATA[Webelement Listener]]>
    </line>
    <line>
      <![CDATA[Webelement Listener]]>
    </line>
    <line>
      <![CDATA[Webelement Listener]]>
    </line>
    <line>
      <![CDATA[Webelement Listener]]>
    </line>
    <line>
      <![CDATA[Webelement Listener]]>
    </line>
    <line>
      <![CDATA[Webelement Listener]]>
    </line>
    <line>
      <![CDATA[Webdriver Listener]]>
    </line>
    <line>
      <![CDATA[Webelement Listener]]>
    </line>
    <line>
      <![CDATA[Webelement Listener]]>
    </line>
    <line>
      <![CDATA[Webelement Listener]]>
    </line>
    <line>
      <![CDATA[Webelement Listener]]>
    </line>
    <line>
      <![CDATA[Webelement Listener]]>
    </line>
    <line>
      <![CDATA[Webelement Listener]]>
    </line>
    <line>
      <![CDATA[Webelement Listener]]>
    </line>
    <line>
      <![CDATA[Webelement Listener]]>
    </line>
    <line>
      <![CDATA[Webelement Listener]]>
    </line>
    <line>
      <![CDATA[Webdriver Listener]]>
    </line>
    <line>
      <![CDATA[Webelement Listener]]>
    </line>
    <line>
      <![CDATA[Webelement Listener]]>
    </line>
    <line>
      <![CDATA[Webelement Listener]]>
    </line>
    <line>
      <![CDATA[Webelement Listener]]>
    </line>
    <line>
      <![CDATA[Webelement Listener]]>
    </line>
    <line>
      <![CDATA[Webelement Listener]]>
    </line>
    <line>
      <![CDATA[Webelement Listener]]>
    </line>
    <line>
      <![CDATA[Webelement Listener]]>
    </line>
    <line>
      <![CDATA[Webelement Listener]]>
    </line>
    <line>
      <![CDATA[Webdriver Listener]]>
    </line>
    <line>
      <![CDATA[Webelement Listener]]>
    </line>
    <line>
      <![CDATA[Webelement Listener]]>
    </line>
    <line>
      <![CDATA[Webelement Listener]]>
    </line>
    <line>
      <![CDATA[Webelement Listener]]>
    </line>
    <line>
      <![CDATA[Webelement Listener]]>
    </line>
    <line>
      <![CDATA[Webelement Listener]]>
    </line>
    <line>
      <![CDATA[Webelement Listener]]>
    </line>
    <line>
      <![CDATA[Webelement Listener]]>
    </line>
    <line>
      <![CDATA[Webelement Listener]]>
    </line>
    <line>
      <![CDATA[Webdriver Listener]]>
    </line>
    <line>
      <![CDATA[Webelement Listener]]>
    </line>
    <line>
      <![CDATA[Webelement Listener]]>
    </line>
    <line>
      <![CDATA[Webelement Listener]]>
    </line>
    <line>
      <![CDATA[Webelement Listener]]>
    </line>
    <line>
      <![CDATA[Webelement Listener]]>
    </line>
    <line>
      <![CDATA[Webelement Listener]]>
    </line>
    <line>
      <![CDATA[Webelement Listener]]>
    </line>
    <line>
      <![CDATA[Webelement Listener]]>
    </line>
    <line>
      <![CDATA[Webelement Listener]]>
    </line>
    <line>
      <![CDATA[Webdriver Listener]]>
    </line>
    <line>
      <![CDATA[Webelement Listener]]>
    </line>
    <line>
      <![CDATA[Webelement Listener]]>
    </line>
    <line>
      <![CDATA[Webelement Listener]]>
    </line>
    <line>
      <![CDATA[Webelement Listener]]>
    </line>
    <line>
      <![CDATA[Webelement Listener]]>
    </line>
    <line>
      <![CDATA[Webelement Listener]]>
    </line>
    <line>
      <![CDATA[Webelement Listener]]>
    </line>
    <line>
      <![CDATA[Webelement Listener]]>
    </line>
    <line>
      <![CDATA[Webelement Listener]]>
    </line>
    <line>
      <![CDATA[Webdriver Listener]]>
    </line>
    <line>
      <![CDATA[Webelement Listener]]>
    </line>
    <line>
      <![CDATA[Webelement Listener]]>
    </line>
    <line>
      <![CDATA[Webelement Listener]]>
    </line>
    <line>
      <![CDATA[Webelement Listener]]>
    </line>
    <line>
      <![CDATA[Webelement Listener]]>
    </line>
    <line>
      <![CDATA[Webelement Listener]]>
    </line>
    <line>
      <![CDATA[Webelement Listener]]>
    </line>
    <line>
      <![CDATA[Webelement Listener]]>
    </line>
    <line>
      <![CDATA[Webelement Listener]]>
    </line>
    <line>
      <![CDATA[Webdriver Listener]]>
    </line>
    <line>
      <![CDATA[Webelement Listener]]>
    </line>
    <line>
      <![CDATA[Webelement Listener]]>
    </line>
    <line>
      <![CDATA[Webelement Listener]]>
    </line>
    <line>
      <![CDATA[Webelement Listener]]>
    </line>
    <line>
      <![CDATA[Webelement Listener]]>
    </line>
    <line>
      <![CDATA[Webelement Listener]]>
    </line>
    <line>
      <![CDATA[Webelement Listener]]>
    </line>
    <line>
      <![CDATA[Webelement Listener]]>
    </line>
    <line>
      <![CDATA[Webelement Listener]]>
    </line>
    <line>
      <![CDATA[Webdriver Listener]]>
    </line>
    <line>
      <![CDATA[Webelement Listener]]>
    </line>
    <line>
      <![CDATA[Webelement Listener]]>
    </line>
    <line>
      <![CDATA[Webelement Listener]]>
    </line>
    <line>
      <![CDATA[Webelement Listener]]>
    </line>
    <line>
      <![CDATA[Webelement Listener]]>
    </line>
    <line>
      <![CDATA[Webelement Listener]]>
    </line>
    <line>
      <![CDATA[Webelement Listener]]>
    </line>
    <line>
      <![CDATA[Webelement Listener]]>
    </line>
    <line>
      <![CDATA[Webelement Listener]]>
    </line>
    <line>
      <![CDATA[Webdriver Listener]]>
    </line>
    <line>
      <![CDATA[Webelement Listener]]>
    </line>
    <line>
      <![CDATA[Webelement Listener]]>
    </line>
    <line>
      <![CDATA[Webelement Listener]]>
    </line>
    <line>
      <![CDATA[Webelement Listener]]>
    </line>
    <line>
      <![CDATA[Webelement Listener]]>
    </line>
    <line>
      <![CDATA[Webelement Listener]]>
    </line>
    <line>
      <![CDATA[Webelement Listener]]>
    </line>
    <line>
      <![CDATA[Webelement Listener]]>
    </line>
    <line>
      <![CDATA[Webelement Listener]]>
    </line>
    <line>
      <![CDATA[Webdriver Listener]]>
    </line>
    <line>
      <![CDATA[Webelement Listener]]>
    </line>
    <line>
      <![CDATA[Webelement Listener]]>
    </line>
    <line>
      <![CDATA[Webelement Listener]]>
    </line>
    <line>
      <![CDATA[Webelement Listener]]>
    </line>
    <line>
      <![CDATA[Webelement Listener]]>
    </line>
    <line>
      <![CDATA[Webelement Listener]]>
    </line>
    <line>
      <![CDATA[Webelement Listener]]>
    </line>
    <line>
      <![CDATA[Webelement Listener]]>
    </line>
    <line>
      <![CDATA[Webelement Listener]]>
    </line>
    <line>
      <![CDATA[Webdriver Listener]]>
    </line>
    <line>
      <![CDATA[Webelement Listener]]>
    </line>
    <line>
      <![CDATA[Webelement Listener]]>
    </line>
    <line>
      <![CDATA[Webelement Listener]]>
    </line>
    <line>
      <![CDATA[Webelement Listener]]>
    </line>
    <line>
      <![CDATA[Webelement Listener]]>
    </line>
    <line>
      <![CDATA[Webelement Listener]]>
    </line>
    <line>
      <![CDATA[Webelement Listener]]>
    </line>
    <line>
      <![CDATA[Webelement Listener]]>
    </line>
    <line>
      <![CDATA[Webelement Listener]]>
    </line>
    <line>
      <![CDATA[Webdriver Listener]]>
    </line>
    <line>
      <![CDATA[Webelement Listener]]>
    </line>
    <line>
      <![CDATA[Webelement Listener]]>
    </line>
    <line>
      <![CDATA[Webelement Listener]]>
    </line>
    <line>
      <![CDATA[Webelement Listener]]>
    </line>
    <line>
      <![CDATA[Webelement Listener]]>
    </line>
    <line>
      <![CDATA[Webelement Listener]]>
    </line>
    <line>
      <![CDATA[Webelement Listener]]>
    </line>
    <line>
      <![CDATA[Webelement Listener]]>
    </line>
    <line>
      <![CDATA[Webelement Listener]]>
    </line>
    <line>
      <![CDATA[Webdriver Listener]]>
    </line>
    <line>
      <![CDATA[Webelement Listener]]>
    </line>
    <line>
      <![CDATA[Webelement Listener]]>
    </line>
    <line>
      <![CDATA[Webelement Listener]]>
    </line>
    <line>
      <![CDATA[Webelement Listener]]>
    </line>
    <line>
      <![CDATA[Webelement Listener]]>
    </line>
    <line>
      <![CDATA[Webelement Listener]]>
    </line>
    <line>
      <![CDATA[Webelement Listener]]>
    </line>
    <line>
      <![CDATA[Webelement Listener]]>
    </line>
    <line>
      <![CDATA[Webelement Listener]]>
    </line>
    <line>
      <![CDATA[Webdriver Listener]]>
    </line>
    <line>
      <![CDATA[Webelement Listener]]>
    </line>
    <line>
      <![CDATA[Webelement Listener]]>
    </line>
    <line>
      <![CDATA[Webelement Listener]]>
    </line>
    <line>
      <![CDATA[Webelement Listener]]>
    </line>
    <line>
      <![CDATA[Webelement Listener]]>
    </line>
    <line>
      <![CDATA[Webelement Listener]]>
    </line>
    <line>
      <![CDATA[Webelement Listener]]>
    </line>
    <line>
      <![CDATA[Webelement Listener]]>
    </line>
    <line>
      <![CDATA[Webelement Listener]]>
    </line>
    <line>
      <![CDATA[Webdriver Listener]]>
    </line>
    <line>
      <![CDATA[Webelement Listener]]>
    </line>
    <line>
      <![CDATA[Webelement Listener]]>
    </line>
    <line>
      <![CDATA[Webelement Listener]]>
    </line>
    <line>
      <![CDATA[Webelement Listener]]>
    </line>
    <line>
      <![CDATA[Webelement Listener]]>
    </line>
    <line>
      <![CDATA[Webelement Listener]]>
    </line>
    <line>
      <![CDATA[Webelement Listener]]>
    </line>
    <line>
      <![CDATA[Webelement Listener]]>
    </line>
    <line>
      <![CDATA[Webelement Listener]]>
    </line>
    <line>
      <![CDATA[Webdriver Listener]]>
    </line>
    <line>
      <![CDATA[Webelement Listener]]>
    </line>
    <line>
      <![CDATA[Webelement Listener]]>
    </line>
    <line>
      <![CDATA[Webelement Listener]]>
    </line>
    <line>
      <![CDATA[Webelement Listener]]>
    </line>
    <line>
      <![CDATA[Webelement Listener]]>
    </line>
    <line>
      <![CDATA[Webelement Listener]]>
    </line>
    <line>
      <![CDATA[Webelement Listener]]>
    </line>
    <line>
      <![CDATA[Webelement Listener]]>
    </line>
    <line>
      <![CDATA[Webelement Listener]]>
    </line>
    <line>
      <![CDATA[Webdriver Listener]]>
    </line>
    <line>
      <![CDATA[Webelement Listener]]>
    </line>
    <line>
      <![CDATA[Webelement Listener]]>
    </line>
    <line>
      <![CDATA[Webelement Listener]]>
    </line>
    <line>
      <![CDATA[Webelement Listener]]>
    </line>
    <line>
      <![CDATA[Webelement Listener]]>
    </line>
    <line>
      <![CDATA[Webelement Listener]]>
    </line>
    <line>
      <![CDATA[Webelement Listener]]>
    </line>
    <line>
      <![CDATA[Webelement Listener]]>
    </line>
    <line>
      <![CDATA[Webelement Listener]]>
    </line>
    <line>
      <![CDATA[Webdriver Listener]]>
    </line>
    <line>
      <![CDATA[Webelement Listener]]>
    </line>
    <line>
      <![CDATA[Webelement Listener]]>
    </line>
    <line>
      <![CDATA[Webelement Listener]]>
    </line>
    <line>
      <![CDATA[Webelement Listener]]>
    </line>
    <line>
      <![CDATA[Webelement Listener]]>
    </line>
    <line>
      <![CDATA[Webelement Listener]]>
    </line>
    <line>
      <![CDATA[Webelement Listener]]>
    </line>
    <line>
      <![CDATA[Webelement Listener]]>
    </line>
    <line>
      <![CDATA[Webelement Listener]]>
    </line>
    <line>
      <![CDATA[Webdriver Listener]]>
    </line>
    <line>
      <![CDATA[Webelement Listener]]>
    </line>
    <line>
      <![CDATA[Webelement Listener]]>
    </line>
    <line>
      <![CDATA[Webelement Listener]]>
    </line>
    <line>
      <![CDATA[Webelement Listener]]>
    </line>
    <line>
      <![CDATA[Webelement Listener]]>
    </line>
    <line>
      <![CDATA[Webelement Listener]]>
    </line>
    <line>
      <![CDATA[Webelement Listener]]>
    </line>
    <line>
      <![CDATA[Webelement Listener]]>
    </line>
    <line>
      <![CDATA[Webelement Listener]]>
    </line>
    <line>
      <![CDATA[Webdriver Listener]]>
    </line>
    <line>
      <![CDATA[Webelement Listener]]>
    </line>
    <line>
      <![CDATA[Webelement Listener]]>
    </line>
    <line>
      <![CDATA[Webelement Listener]]>
    </line>
    <line>
      <![CDATA[Webelement Listener]]>
    </line>
    <line>
      <![CDATA[Webelement Listener]]>
    </line>
    <line>
      <![CDATA[Webelement Listener]]>
    </line>
    <line>
      <![CDATA[Webelement Listener]]>
    </line>
    <line>
      <![CDATA[Webelement Listener]]>
    </line>
    <line>
      <![CDATA[Webelement Listener]]>
    </line>
    <line>
      <![CDATA[Webdriver Listener]]>
    </line>
    <line>
      <![CDATA[Webelement Listener]]>
    </line>
    <line>
      <![CDATA[Webelement Listener]]>
    </line>
    <line>
      <![CDATA[Webelement Listener]]>
    </line>
    <line>
      <![CDATA[Webelement Listener]]>
    </line>
    <line>
      <![CDATA[Webelement Listener]]>
    </line>
    <line>
      <![CDATA[Webelement Listener]]>
    </line>
    <line>
      <![CDATA[Webelement Listener]]>
    </line>
    <line>
      <![CDATA[Webelement Listener]]>
    </line>
    <line>
      <![CDATA[Webelement Listener]]>
    </line>
    <line>
      <![CDATA[Webdriver Listener]]>
    </line>
    <line>
      <![CDATA[Webelement Listener]]>
    </line>
    <line>
      <![CDATA[Webelement Listener]]>
    </line>
    <line>
      <![CDATA[Webelement Listener]]>
    </line>
    <line>
      <![CDATA[Webelement Listener]]>
    </line>
    <line>
      <![CDATA[Webelement Listener]]>
    </line>
    <line>
      <![CDATA[Webelement Listener]]>
    </line>
    <line>
      <![CDATA[Webelement Listener]]>
    </line>
    <line>
      <![CDATA[Webelement Listener]]>
    </line>
    <line>
      <![CDATA[Webelement Listener]]>
    </line>
    <line>
      <![CDATA[Webdriver Listener]]>
    </line>
    <line>
      <![CDATA[Webelement Listener]]>
    </line>
    <line>
      <![CDATA[Webelement Listener]]>
    </line>
    <line>
      <![CDATA[Webelement Listener]]>
    </line>
    <line>
      <![CDATA[Webelement Listener]]>
    </line>
    <line>
      <![CDATA[Webelement Listener]]>
    </line>
    <line>
      <![CDATA[Webelement Listener]]>
    </line>
    <line>
      <![CDATA[Webelement Listener]]>
    </line>
    <line>
      <![CDATA[Webelement Listener]]>
    </line>
    <line>
      <![CDATA[Webelement Listener]]>
    </line>
    <line>
      <![CDATA[Webdriver Listener]]>
    </line>
    <line>
      <![CDATA[Webelement Listener]]>
    </line>
    <line>
      <![CDATA[Webelement Listener]]>
    </line>
    <line>
      <![CDATA[Webelement Listener]]>
    </line>
    <line>
      <![CDATA[Webelement Listener]]>
    </line>
    <line>
      <![CDATA[Webelement Listener]]>
    </line>
    <line>
      <![CDATA[Webelement Listener]]>
    </line>
    <line>
      <![CDATA[Webelement Listener]]>
    </line>
    <line>
      <![CDATA[Webelement Listener]]>
    </line>
    <line>
      <![CDATA[Webelement Listener]]>
    </line>
    <line>
      <![CDATA[Webdriver Listener]]>
    </line>
    <line>
      <![CDATA[Webelement Listener]]>
    </line>
    <line>
      <![CDATA[Webelement Listener]]>
    </line>
    <line>
      <![CDATA[Webelement Listener]]>
    </line>
    <line>
      <![CDATA[Webelement Listener]]>
    </line>
    <line>
      <![CDATA[Webelement Listener]]>
    </line>
    <line>
      <![CDATA[Webelement Listener]]>
    </line>
    <line>
      <![CDATA[Webelement Listener]]>
    </line>
    <line>
      <![CDATA[Webelement Listener]]>
    </line>
    <line>
      <![CDATA[Webelement Listener]]>
    </line>
    <line>
      <![CDATA[Webdriver Listener]]>
    </line>
    <line>
      <![CDATA[Webelement Listener]]>
    </line>
    <line>
      <![CDATA[Webelement Listener]]>
    </line>
    <line>
      <![CDATA[Webelement Listener]]>
    </line>
    <line>
      <![CDATA[Webelement Listener]]>
    </line>
    <line>
      <![CDATA[Webelement Listener]]>
    </line>
    <line>
      <![CDATA[Webelement Listener]]>
    </line>
    <line>
      <![CDATA[Webelement Listener]]>
    </line>
    <line>
      <![CDATA[Webelement Listener]]>
    </line>
    <line>
      <![CDATA[Webelement Listener]]>
    </line>
    <line>
      <![CDATA[Webdriver Listener]]>
    </line>
    <line>
      <![CDATA[Webelement Listener]]>
    </line>
    <line>
      <![CDATA[Webelement Listener]]>
    </line>
    <line>
      <![CDATA[Webelement Listener]]>
    </line>
    <line>
      <![CDATA[Webelement Listener]]>
    </line>
    <line>
      <![CDATA[Webelement Listener]]>
    </line>
    <line>
      <![CDATA[Webelement Listener]]>
    </line>
    <line>
      <![CDATA[Webelement Listener]]>
    </line>
    <line>
      <![CDATA[Webelement Listener]]>
    </line>
    <line>
      <![CDATA[Webelement Listener]]>
    </line>
    <line>
      <![CDATA[Webdriver Listener]]>
    </line>
    <line>
      <![CDATA[Webelement Listener]]>
    </line>
    <line>
      <![CDATA[Webelement Listener]]>
    </line>
    <line>
      <![CDATA[Webelement Listener]]>
    </line>
    <line>
      <![CDATA[Webelement Listener]]>
    </line>
    <line>
      <![CDATA[Webelement Listener]]>
    </line>
    <line>
      <![CDATA[Webelement Listener]]>
    </line>
    <line>
      <![CDATA[Webelement Listener]]>
    </line>
    <line>
      <![CDATA[Webelement Listener]]>
    </line>
    <line>
      <![CDATA[Webelement Listener]]>
    </line>
    <line>
      <![CDATA[Webdriver Listener]]>
    </line>
    <line>
      <![CDATA[Webelement Listener]]>
    </line>
    <line>
      <![CDATA[Webelement Listener]]>
    </line>
    <line>
      <![CDATA[Webelement Listener]]>
    </line>
    <line>
      <![CDATA[Webelement Listener]]>
    </line>
    <line>
      <![CDATA[Webelement Listener]]>
    </line>
    <line>
      <![CDATA[Webelement Listener]]>
    </line>
    <line>
      <![CDATA[Webelement Listener]]>
    </line>
    <line>
      <![CDATA[Webelement Listener]]>
    </line>
    <line>
      <![CDATA[Webelement Listener]]>
    </line>
    <line>
      <![CDATA[Webdriver Listener]]>
    </line>
    <line>
      <![CDATA[Webelement Listener]]>
    </line>
    <line>
      <![CDATA[Webelement Listener]]>
    </line>
    <line>
      <![CDATA[Webelement Listener]]>
    </line>
    <line>
      <![CDATA[Webelement Listener]]>
    </line>
    <line>
      <![CDATA[Webelement Listener]]>
    </line>
    <line>
      <![CDATA[Webelement Listener]]>
    </line>
    <line>
      <![CDATA[Webelement Listener]]>
    </line>
    <line>
      <![CDATA[Webelement Listener]]>
    </line>
    <line>
      <![CDATA[Webelement Listener]]>
    </line>
    <line>
      <![CDATA[Webdriver Listener]]>
    </line>
    <line>
      <![CDATA[Webelement Listener]]>
    </line>
    <line>
      <![CDATA[Webelement Listener]]>
    </line>
    <line>
      <![CDATA[Webelement Listener]]>
    </line>
    <line>
      <![CDATA[Webelement Listener]]>
    </line>
    <line>
      <![CDATA[Webelement Listener]]>
    </line>
    <line>
      <![CDATA[Webelement Listener]]>
    </line>
    <line>
      <![CDATA[Webelement Listener]]>
    </line>
    <line>
      <![CDATA[Webelement Listener]]>
    </line>
    <line>
      <![CDATA[Webelement Listener]]>
    </line>
    <line>
      <![CDATA[Webdriver Listener]]>
    </line>
    <line>
      <![CDATA[Webelement Listener]]>
    </line>
    <line>
      <![CDATA[Webelement Listener]]>
    </line>
    <line>
      <![CDATA[Webelement Listener]]>
    </line>
    <line>
      <![CDATA[Webelement Listener]]>
    </line>
    <line>
      <![CDATA[Webelement Listener]]>
    </line>
    <line>
      <![CDATA[Webelement Listener]]>
    </line>
    <line>
      <![CDATA[Webelement Listener]]>
    </line>
    <line>
      <![CDATA[Webelement Listener]]>
    </line>
    <line>
      <![CDATA[Webelement Listener]]>
    </line>
    <line>
      <![CDATA[Webdriver Listener]]>
    </line>
    <line>
      <![CDATA[Webelement Listener]]>
    </line>
    <line>
      <![CDATA[Webelement Listener]]>
    </line>
    <line>
      <![CDATA[Webelement Listener]]>
    </line>
    <line>
      <![CDATA[Webelement Listener]]>
    </line>
    <line>
      <![CDATA[Webelement Listener]]>
    </line>
    <line>
      <![CDATA[Webelement Listener]]>
    </line>
    <line>
      <![CDATA[Webelement Listener]]>
    </line>
    <line>
      <![CDATA[Webelement Listener]]>
    </line>
    <line>
      <![CDATA[Webelement Listener]]>
    </line>
    <line>
      <![CDATA[Webdriver Listener]]>
    </line>
    <line>
      <![CDATA[Webelement Listener]]>
    </line>
    <line>
      <![CDATA[Webelement Listener]]>
    </line>
    <line>
      <![CDATA[Webelement Listener]]>
    </line>
    <line>
      <![CDATA[Webelement Listener]]>
    </line>
    <line>
      <![CDATA[Webelement Listener]]>
    </line>
    <line>
      <![CDATA[Webelement Listener]]>
    </line>
    <line>
      <![CDATA[Webelement Listener]]>
    </line>
    <line>
      <![CDATA[Webelement Listener]]>
    </line>
    <line>
      <![CDATA[Webelement Listener]]>
    </line>
    <line>
      <![CDATA[Webdriver Listener]]>
    </line>
    <line>
      <![CDATA[Webelement Listener]]>
    </line>
    <line>
      <![CDATA[Webelement Listener]]>
    </line>
    <line>
      <![CDATA[Webelement Listener]]>
    </line>
    <line>
      <![CDATA[Webelement Listener]]>
    </line>
    <line>
      <![CDATA[Webelement Listener]]>
    </line>
    <line>
      <![CDATA[Webelement Listener]]>
    </line>
    <line>
      <![CDATA[Webelement Listener]]>
    </line>
    <line>
      <![CDATA[Webelement Listener]]>
    </line>
    <line>
      <![CDATA[Webelement Listener]]>
    </line>
    <line>
      <![CDATA[Webdriver Listener]]>
    </line>
    <line>
      <![CDATA[Webelement Listener]]>
    </line>
    <line>
      <![CDATA[Webelement Listener]]>
    </line>
    <line>
      <![CDATA[Webelement Listener]]>
    </line>
    <line>
      <![CDATA[Webelement Listener]]>
    </line>
    <line>
      <![CDATA[Webelement Listener]]>
    </line>
    <line>
      <![CDATA[Webelement Listener]]>
    </line>
    <line>
      <![CDATA[Webelement Listener]]>
    </line>
    <line>
      <![CDATA[Webelement Listener]]>
    </line>
    <line>
      <![CDATA[Webelement Listener]]>
    </line>
    <line>
      <![CDATA[Webdriver Listener]]>
    </line>
    <line>
      <![CDATA[Webelement Listener]]>
    </line>
    <line>
      <![CDATA[Webelement Listener]]>
    </line>
    <line>
      <![CDATA[Webelement Listener]]>
    </line>
    <line>
      <![CDATA[Webelement Listener]]>
    </line>
    <line>
      <![CDATA[Webelement Listener]]>
    </line>
    <line>
      <![CDATA[Webelement Listener]]>
    </line>
    <line>
      <![CDATA[Webelement Listener]]>
    </line>
    <line>
      <![CDATA[Webelement Listener]]>
    </line>
    <line>
      <![CDATA[Webelement Listener]]>
    </line>
    <line>
      <![CDATA[Webdriver Listener]]>
    </line>
    <line>
      <![CDATA[Webelement Listener]]>
    </line>
    <line>
      <![CDATA[Webelement Listener]]>
    </line>
    <line>
      <![CDATA[Webelement Listener]]>
    </line>
    <line>
      <![CDATA[Webelement Listener]]>
    </line>
    <line>
      <![CDATA[Webelement Listener]]>
    </line>
    <line>
      <![CDATA[Webelement Listener]]>
    </line>
    <line>
      <![CDATA[Webelement Listener]]>
    </line>
    <line>
      <![CDATA[Webelement Listener]]>
    </line>
    <line>
      <![CDATA[Webelement Listener]]>
    </line>
    <line>
      <![CDATA[Webdriver Listener]]>
    </line>
    <line>
      <![CDATA[Webelement Listener]]>
    </line>
    <line>
      <![CDATA[Webelement Listener]]>
    </line>
    <line>
      <![CDATA[Webelement Listener]]>
    </line>
    <line>
      <![CDATA[Webelement Listener]]>
    </line>
    <line>
      <![CDATA[Webelement Listener]]>
    </line>
    <line>
      <![CDATA[Webelement Listener]]>
    </line>
    <line>
      <![CDATA[Webelement Listener]]>
    </line>
    <line>
      <![CDATA[Webelement Listener]]>
    </line>
    <line>
      <![CDATA[Webelement Listener]]>
    </line>
    <line>
      <![CDATA[Webdriver Listener]]>
    </line>
    <line>
      <![CDATA[Webelement Listener]]>
    </line>
    <line>
      <![CDATA[Webelement Listener]]>
    </line>
    <line>
      <![CDATA[Webelement Listener]]>
    </line>
    <line>
      <![CDATA[Webelement Listener]]>
    </line>
    <line>
      <![CDATA[Webelement Listener]]>
    </line>
    <line>
      <![CDATA[Webelement Listener]]>
    </line>
    <line>
      <![CDATA[Webelement Listener]]>
    </line>
    <line>
      <![CDATA[Webelement Listener]]>
    </line>
    <line>
      <![CDATA[Webelement Listener]]>
    </line>
    <line>
      <![CDATA[Webdriver Listener]]>
    </line>
    <line>
      <![CDATA[Webelement Listener]]>
    </line>
    <line>
      <![CDATA[Webelement Listener]]>
    </line>
    <line>
      <![CDATA[Webelement Listener]]>
    </line>
    <line>
      <![CDATA[Webelement Listener]]>
    </line>
    <line>
      <![CDATA[Webelement Listener]]>
    </line>
    <line>
      <![CDATA[Webelement Listener]]>
    </line>
    <line>
      <![CDATA[Webelement Listener]]>
    </line>
    <line>
      <![CDATA[Webelement Listener]]>
    </line>
    <line>
      <![CDATA[Webelement Listener]]>
    </line>
    <line>
      <![CDATA[Webdriver Listener]]>
    </line>
    <line>
      <![CDATA[Webelement Listener]]>
    </line>
    <line>
      <![CDATA[Webelement Listener]]>
    </line>
    <line>
      <![CDATA[Webelement Listener]]>
    </line>
    <line>
      <![CDATA[Webelement Listener]]>
    </line>
    <line>
      <![CDATA[Webelement Listener]]>
    </line>
    <line>
      <![CDATA[Webelement Listener]]>
    </line>
    <line>
      <![CDATA[Webelement Listener]]>
    </line>
    <line>
      <![CDATA[Webelement Listener]]>
    </line>
    <line>
      <![CDATA[Webelement Listener]]>
    </line>
    <line>
      <![CDATA[Webdriver Listener]]>
    </line>
    <line>
      <![CDATA[Webelement Listener]]>
    </line>
    <line>
      <![CDATA[Webelement Listener]]>
    </line>
    <line>
      <![CDATA[Webelement Listener]]>
    </line>
    <line>
      <![CDATA[Webelement Listener]]>
    </line>
    <line>
      <![CDATA[Webelement Listener]]>
    </line>
    <line>
      <![CDATA[Webelement Listener]]>
    </line>
    <line>
      <![CDATA[Webelement Listener]]>
    </line>
    <line>
      <![CDATA[Webelement Listener]]>
    </line>
    <line>
      <![CDATA[Webelement Listener]]>
    </line>
    <line>
      <![CDATA[Webdriver Listener]]>
    </line>
    <line>
      <![CDATA[Webelement Listener]]>
    </line>
    <line>
      <![CDATA[Webelement Listener]]>
    </line>
    <line>
      <![CDATA[Webelement Listener]]>
    </line>
    <line>
      <![CDATA[Webelement Listener]]>
    </line>
    <line>
      <![CDATA[Webelement Listener]]>
    </line>
    <line>
      <![CDATA[Webelement Listener]]>
    </line>
    <line>
      <![CDATA[Webelement Listener]]>
    </line>
    <line>
      <![CDATA[Webelement Listener]]>
    </line>
    <line>
      <![CDATA[Webelement Listener]]>
    </line>
    <line>
      <![CDATA[Webdriver Listener]]>
    </line>
    <line>
      <![CDATA[<div style="display:block;margin-left:10px;"><div  class="pass"><span class="pass-label">P </span>
Expected: a value greater than &lt;0&gt;
     Actual: &lt;60&gt; was greater than &lt;0&gt; <a href="../img/orbizTestCases_ay4cqkd34p3w51975.png" target="_blank">[View Screenshot]</a> </div><div  class="info"><span class="info-label">I </span>1. 10:00pm</div><div  class="info"><span class="info-label">I </span>2. 7:45am</div><div  class="info"><span class="info-label">I </span>3. 1 stop</div><div  class="pass"><span class="pass-label">P </span>Expected By.cssSelector: .tile-media visible : Actual By.cssSelector: .tile-media visible <a href="../img/orbizTestCases_nxaqsd896xay51976.png" target="_blank">[View Screenshot]</a> </div><div  class="info"><span class="info-label">I </span>4. true</div><div  class="info"><span class="info-label">I </span>1. 8:15pm</div><div  class="info"><span class="info-label">I </span>2. 8:15am</div><div  class="info"><span class="info-label">I </span>3. 1 stop</div><div  class="pass"><span class="pass-label">P </span>Expected By.cssSelector: .tile-media visible : Actual By.cssSelector: .tile-media visible <a href="../img/orbizTestCases_29pbeen35ez551977.png" target="_blank">[View Screenshot]</a> </div><div  class="info"><span class="info-label">I </span>4. true</div><div  class="info"><span class="info-label">I </span>1. 11:45pm</div><div  class="info"><span class="info-label">I </span>2. 8:15am</div><div  class="info"><span class="info-label">I </span>3. 1 stop</div><div  class="pass"><span class="pass-label">P </span>Expected By.cssSelector: .tile-media visible : Actual By.cssSelector: .tile-media visible <a href="../img/orbizTestCases_i8fl5q4by9i051978.png" target="_blank">[View Screenshot]</a> </div><div  class="info"><span class="info-label">I </span>4. true</div><div  class="info"><span class="info-label">I </span>1. 7:35am</div><div  class="info"><span class="info-label">I </span>2. 4:45pm</div><div  class="info"><span class="info-label">I </span>3. 1 stop</div><div  class="pass"><span class="pass-label">P </span>Expected By.cssSelector: .tile-media visible : Actual By.cssSelector: .tile-media visible <a href="../img/orbizTestCases_1fuvcx2ltkyui51979.png" target="_blank">[View Screenshot]</a> </div><div  class="info"><span class="info-label">I </span>4. true</div><div  class="info"><span class="info-label">I </span>1. 3:25pm</div><div  class="info"><span class="info-label">I </span>2. 8:15am</div><div  class="info"><span class="info-label">I </span>3. 1 stop</div><div  class="pass"><span class="pass-label">P </span>Expected By.cssSelector: .tile-media visible : Actual By.cssSelector: .tile-media visible <a href="../img/orbizTestCases_7sfg2olrk2w051980.png" target="_blank">[View Screenshot]</a> </div><div  class="info"><span class="info-label">I </span>4. true</div><div  class="info"><span class="info-label">I </span>1. 7:35am</div><div  class="info"><span class="info-label">I </span>2. 8:15am</div><div  class="info"><span class="info-label">I </span>3. 1 stop</div><div  class="pass"><span class="pass-label">P </span>Expected By.cssSelector: .tile-media visible : Actual By.cssSelector: .tile-media visible <a href="../img/orbizTestCases_16f2bilr6obuc51981.png" target="_blank">[View Screenshot]</a> </div><div  class="info"><span class="info-label">I </span>4. true</div><div  class="info"><span class="info-label">I </span>1. 11:10am</div><div  class="info"><span class="info-label">I </span>2. 8:15am</div><div  class="info"><span class="info-label">I </span>3. 1 stop</div><div  class="pass"><span class="pass-label">P </span>Expected By.cssSelector: .tile-media visible : Actual By.cssSelector: .tile-media visible <a href="../img/orbizTestCases_1ku123a2xk92c51982.png" target="_blank">[View Screenshot]</a> </div><div  class="info"><span class="info-label">I </span>4. true</div><div  class="info"><span class="info-label">I </span>1. 11:10am</div><div  class="info"><span class="info-label">I </span>2. 4:45pm</div><div  class="info"><span class="info-label">I </span>3. 1 stop</div><div  class="pass"><span class="pass-label">P </span>Expected By.cssSelector: .tile-media visible : Actual By.cssSelector: .tile-media visible <a href="../img/orbizTestCases_1g1d2223vgt4151983.png" target="_blank">[View Screenshot]</a> </div><div  class="info"><span class="info-label">I </span>4. true</div><div  class="info"><span class="info-label">I </span>1. 5:55am</div><div  class="info"><span class="info-label">I </span>2. 4:50pm</div><div  class="info"><span class="info-label">I </span>3. 2 stops</div><div  class="pass"><span class="pass-label">P </span>Expected By.cssSelector: .tile-media visible : Actual By.cssSelector: .tile-media visible <a href="../img/orbizTestCases_7mygrlflxsg551984.png" target="_blank">[View Screenshot]</a> </div><div  class="info"><span class="info-label">I </span>4. true</div><div  class="info"><span class="info-label">I </span>1. 5:55am</div><div  class="info"><span class="info-label">I </span>2. 4:50pm</div><div  class="info"><span class="info-label">I </span>3. 2 stops</div><div  class="pass"><span class="pass-label">P </span>Expected By.cssSelector: .tile-media visible : Actual By.cssSelector: .tile-media visible <a href="../img/orbizTestCases_1f94v80peob8b51985.png" target="_blank">[View Screenshot]</a> </div><div  class="info"><span class="info-label">I </span>4. true</div><div  class="info"><span class="info-label">I </span>1. 5:55am</div><div  class="info"><span class="info-label">I </span>2. 4:50pm</div><div  class="info"><span class="info-label">I </span>3. 2 stops</div><div  class="pass"><span class="pass-label">P </span>Expected By.cssSelector: .tile-media visible : Actual By.cssSelector: .tile-media visible <a href="../img/orbizTestCases_1w6zbecgg9p6m51986.png" target="_blank">[View Screenshot]</a> </div><div  class="info"><span class="info-label">I </span>4. true</div><div  class="info"><span class="info-label">I </span>1. 5:50am</div><div  class="info"><span class="info-label">I </span>2. 8:15am</div><div  class="info"><span class="info-label">I </span>3. 1 stop</div><div  class="pass"><span class="pass-label">P </span>Expected By.cssSelector: .tile-media visible : Actual By.cssSelector: .tile-media visible <a href="../img/orbizTestCases_1agnlg3iekhyn51987.png" target="_blank">[View Screenshot]</a> </div><div  class="info"><span class="info-label">I </span>4. true</div><div  class="info"><span class="info-label">I </span>1. 5:50am</div><div  class="info"><span class="info-label">I </span>2. 4:45pm</div><div  class="info"><span class="info-label">I </span>3. 1 stop</div><div  class="pass"><span class="pass-label">P </span>Expected By.cssSelector: .tile-media visible : Actual By.cssSelector: .tile-media visible <a href="../img/orbizTestCases_ic0cl55n283151988.png" target="_blank">[View Screenshot]</a> </div><div  class="info"><span class="info-label">I </span>4. true</div><div  class="info"><span class="info-label">I </span>1. 5:55am</div><div  class="info"><span class="info-label">I </span>2. 4:50pm</div><div  class="info"><span class="info-label">I </span>3. 2 stops</div><div  class="pass"><span class="pass-label">P </span>Expected By.cssSelector: .tile-media visible : Actual By.cssSelector: .tile-media visible <a href="../img/orbizTestCases_87cm0k4iym3v51989.png" target="_blank">[View Screenshot]</a> </div><div  class="info"><span class="info-label">I </span>4. true</div><div  class="info"><span class="info-label">I </span>1. 3:25am</div><div  class="info"><span class="info-label">I </span>2. 4:45pm</div><div  class="info"><span class="info-label">I </span>3. 2 stops</div><div  class="pass"><span class="pass-label">P </span>Expected By.cssSelector: .tile-media visible : Actual By.cssSelector: .tile-media visible <a href="../img/orbizTestCases_q0l83fa1o51q51990.png" target="_blank">[View Screenshot]</a> </div><div  class="info"><span class="info-label">I </span>4. true</div><div  class="info"><span class="info-label">I </span>1. 5:55am</div><div  class="info"><span class="info-label">I </span>2. 4:50pm</div><div  class="info"><span class="info-label">I </span>3. 2 stops</div><div  class="pass"><span class="pass-label">P </span>Expected By.cssSelector: .tile-media visible : Actual By.cssSelector: .tile-media visible <a href="../img/orbizTestCases_9pa9p0x97yca51991.png" target="_blank">[View Screenshot]</a> </div><div  class="info"><span class="info-label">I </span>4. true</div><div  class="info"><span class="info-label">I </span>1. 5:55am</div><div  class="info"><span class="info-label">I </span>2. 4:45pm</div><div  class="info"><span class="info-label">I </span>3. 2 stops</div><div  class="pass"><span class="pass-label">P </span>Expected By.cssSelector: .tile-media visible : Actual By.cssSelector: .tile-media visible <a href="../img/orbizTestCases_1frkzt18kc2m851992.png" target="_blank">[View Screenshot]</a> </div><div  class="info"><span class="info-label">I </span>4. true</div><div  class="info"><span class="info-label">I </span>1. 11:45pm</div><div  class="info"><span class="info-label">I </span>2. 4:50pm</div><div  class="info"><span class="info-label">I </span>3. 2 stops</div><div  class="pass"><span class="pass-label">P </span>Expected By.cssSelector: .tile-media visible : Actual By.cssSelector: .tile-media visible <a href="../img/orbizTestCases_136yumx4ig55951993.png" target="_blank">[View Screenshot]</a> </div><div  class="info"><span class="info-label">I </span>4. true</div><div  class="info"><span class="info-label">I </span>1. 11:45pm</div><div  class="info"><span class="info-label">I </span>2. 4:50pm</div><div  class="info"><span class="info-label">I </span>3. 2 stops</div><div  class="pass"><span class="pass-label">P </span>Expected By.cssSelector: .tile-media visible : Actual By.cssSelector: .tile-media visible <a href="../img/orbizTestCases_16q21zq3h36ap51994.png" target="_blank">[View Screenshot]</a> </div><div  class="info"><span class="info-label">I </span>4. true</div><div  class="info"><span class="info-label">I </span>1. 11:45pm</div><div  class="info"><span class="info-label">I </span>2. 4:50pm</div><div  class="info"><span class="info-label">I </span>3. 2 stops</div><div  class="pass"><span class="pass-label">P </span>Expected By.cssSelector: .tile-media visible : Actual By.cssSelector: .tile-media visible <a href="../img/orbizTestCases_rz9flmb3zliv51995.png" target="_blank">[View Screenshot]</a> </div><div  class="info"><span class="info-label">I </span>4. true</div><div  class="info"><span class="info-label">I </span>1. 5:55am</div><div  class="info"><span class="info-label">I </span>2. 4:45pm</div><div  class="info"><span class="info-label">I </span>3. 2 stops</div><div  class="pass"><span class="pass-label">P </span>Expected By.cssSelector: .tile-media visible : Actual By.cssSelector: .tile-media visible <a href="../img/orbizTestCases_1pcsefl0ozzoq51996.png" target="_blank">[View Screenshot]</a> </div><div  class="info"><span class="info-label">I </span>4. true</div><div  class="info"><span class="info-label">I </span>1. 7:40am</div><div  class="info"><span class="info-label">I </span>2. 7:45am</div><div  class="info"><span class="info-label">I </span>3. 1 stop</div><div  class="pass"><span class="pass-label">P </span>Expected By.cssSelector: .tile-media visible : Actual By.cssSelector: .tile-media visible <a href="../img/orbizTestCases_xcar6rknxj2v51997.png" target="_blank">[View Screenshot]</a> </div><div  class="info"><span class="info-label">I </span>4. true</div><div  class="info"><span class="info-label">I </span>1. 4:00pm</div><div  class="info"><span class="info-label">I </span>2. 9:50am</div><div  class="info"><span class="info-label">I </span>3. 2 stops</div><div  class="pass"><span class="pass-label">P </span>Expected By.cssSelector: .tile-media visible : Actual By.cssSelector: .tile-media visible <a href="../img/orbizTestCases_mcsyhl1ealhw51998.png" target="_blank">[View Screenshot]</a> </div><div  class="info"><span class="info-label">I </span>4. true</div><div  class="info"><span class="info-label">I </span>1. 3:25am</div><div  class="info"><span class="info-label">I </span>2. 4:45pm</div><div  class="info"><span class="info-label">I </span>3. 2 stops</div><div  class="pass"><span class="pass-label">P </span>Expected By.cssSelector: .tile-media visible : Actual By.cssSelector: .tile-media visible <a href="../img/orbizTestCases_16xoum5ou218x51999.png" target="_blank">[View Screenshot]</a> </div><div  class="info"><span class="info-label">I </span>4. true</div><div  class="info"><span class="info-label">I </span>1. 5:55am</div><div  class="info"><span class="info-label">I </span>2. 4:45pm</div><div  class="info"><span class="info-label">I </span>3. 2 stops</div><div  class="pass"><span class="pass-label">P </span>Expected By.cssSelector: .tile-media visible : Actual By.cssSelector: .tile-media visible <a href="../img/orbizTestCases_1xg37ftzqhltn52000.png" target="_blank">[View Screenshot]</a> </div><div  class="info"><span class="info-label">I </span>4. true</div><div  class="info"><span class="info-label">I </span>1. 11:45pm</div><div  class="info"><span class="info-label">I </span>2. 4:50pm</div><div  class="info"><span class="info-label">I </span>3. 2 stops</div><div  class="pass"><span class="pass-label">P </span>Expected By.cssSelector: .tile-media visible : Actual By.cssSelector: .tile-media visible <a href="../img/orbizTestCases_wcjhd5nqvbhc52001.png" target="_blank">[View Screenshot]</a> </div><div  class="info"><span class="info-label">I </span>4. true</div><div  class="info"><span class="info-label">I </span>1. 3:25am</div><div  class="info"><span class="info-label">I </span>2. 4:50pm</div><div  class="info"><span class="info-label">I </span>3. 2 stops</div><div  class="pass"><span class="pass-label">P </span>Expected By.cssSelector: .tile-media visible : Actual By.cssSelector: .tile-media visible <a href="../img/orbizTestCases_15hbm1o622sya52002.png" target="_blank">[View Screenshot]</a> </div><div  class="info"><span class="info-label">I </span>4. true</div><div  class="info"><span class="info-label">I </span>1. 5:35pm</div><div  class="info"><span class="info-label">I </span>2. 8:15am</div><div  class="info"><span class="info-label">I </span>3. 2 stops</div><div  class="pass"><span class="pass-label">P </span>Expected By.cssSelector: .tile-media visible : Actual By.cssSelector: .tile-media visible <a href="../img/orbizTestCases_4gzolqapw33m52003.png" target="_blank">[View Screenshot]</a> </div><div  class="info"><span class="info-label">I </span>4. true</div><div  class="info"><span class="info-label">I </span>1. 5:35pm</div><div  class="info"><span class="info-label">I </span>2. 8:15am</div><div  class="info"><span class="info-label">I </span>3. 2 stops</div><div  class="pass"><span class="pass-label">P </span>Expected By.cssSelector: .tile-media visible : Actual By.cssSelector: .tile-media visible <a href="../img/orbizTestCases_q05xhezyt2cc52004.png" target="_blank">[View Screenshot]</a> </div><div  class="info"><span class="info-label">I </span>4. true</div><div  class="info"><span class="info-label">I </span>1. 8:25pm</div><div  class="info"><span class="info-label">I </span>2. 9:50am</div><div  class="info"><span class="info-label">I </span>3. 2 stops</div><div  class="pass"><span class="pass-label">P </span>Expected By.cssSelector: .tile-media visible : Actual By.cssSelector: .tile-media visible <a href="../img/orbizTestCases_f0x1p8jhhebn52005.png" target="_blank">[View Screenshot]</a> </div><div  class="info"><span class="info-label">I </span>4. true</div><div  class="info"><span class="info-label">I </span>1. 5:55am</div><div  class="info"><span class="info-label">I </span>2. 4:45pm</div><div  class="info"><span class="info-label">I </span>3. 2 stops</div><div  class="pass"><span class="pass-label">P </span>Expected By.cssSelector: .tile-media visible : Actual By.cssSelector: .tile-media visible <a href="../img/orbizTestCases_dcbizn6lnaak52006.png" target="_blank">[View Screenshot]</a> </div><div  class="info"><span class="info-label">I </span>4. true</div><div  class="info"><span class="info-label">I </span>1. 8:15pm</div><div  class="info"><span class="info-label">I </span>2. 9:50am</div><div  class="info"><span class="info-label">I </span>3. 2 stops</div><div  class="pass"><span class="pass-label">P </span>Expected By.cssSelector: .tile-media visible : Actual By.cssSelector: .tile-media visible <a href="../img/orbizTestCases_1134ny1jkbqzr52007.png" target="_blank">[View Screenshot]</a> </div><div  class="info"><span class="info-label">I </span>4. true</div><div  class="info"><span class="info-label">I </span>1. 7:35am</div><div  class="info"><span class="info-label">I </span>2. 4:50pm</div><div  class="info"><span class="info-label">I </span>3. 2 stops</div><div  class="pass"><span class="pass-label">P </span>Expected By.cssSelector: .tile-media visible : Actual By.cssSelector: .tile-media visible <a href="../img/orbizTestCases_172o06rxvund52008.png" target="_blank">[View Screenshot]</a> </div><div  class="info"><span class="info-label">I </span>4. true</div><div  class="info"><span class="info-label">I </span>1. 11:45pm</div><div  class="info"><span class="info-label">I </span>2. 4:45pm</div><div  class="info"><span class="info-label">I </span>3. 1 stop</div><div  class="pass"><span class="pass-label">P </span>Expected By.cssSelector: .tile-media visible : Actual By.cssSelector: .tile-media visible <a href="../img/orbizTestCases_1edu1gz1ub5c852009.png" target="_blank">[View Screenshot]</a> </div><div  class="info"><span class="info-label">I </span>4. true</div><div  class="info"><span class="info-label">I </span>1. 8:15pm</div><div  class="info"><span class="info-label">I </span>2. 4:45pm</div><div  class="info"><span class="info-label">I </span>3. 1 stop</div><div  class="pass"><span class="pass-label">P </span>Expected By.cssSelector: .tile-media visible : Actual By.cssSelector: .tile-media visible <a href="../img/orbizTestCases_1qlq1c2ck0wbu52010.png" target="_blank">[View Screenshot]</a> </div><div  class="info"><span class="info-label">I </span>4. true</div><div  class="info"><span class="info-label">I </span>1. 4:00pm</div><div  class="info"><span class="info-label">I </span>2. 9:50am</div><div  class="info"><span class="info-label">I </span>3. 2 stops</div><div  class="pass"><span class="pass-label">P </span>Expected By.cssSelector: .tile-media visible : Actual By.cssSelector: .tile-media visible <a href="../img/orbizTestCases_14bqbi07ieny252011.png" target="_blank">[View Screenshot]</a> </div><div  class="info"><span class="info-label">I </span>4. true</div><div  class="info"><span class="info-label">I </span>1. 4:00pm</div><div  class="info"><span class="info-label">I </span>2. 9:50am</div><div  class="info"><span class="info-label">I </span>3. 2 stops</div><div  class="pass"><span class="pass-label">P </span>Expected By.cssSelector: .tile-media visible : Actual By.cssSelector: .tile-media visible <a href="../img/orbizTestCases_1o94lf2fsuqrz52012.png" target="_blank">[View Screenshot]</a> </div><div  class="info"><span class="info-label">I </span>4. true</div><div  class="info"><span class="info-label">I </span>1. 3:25pm</div><div  class="info"><span class="info-label">I </span>2. 9:50am</div><div  class="info"><span class="info-label">I </span>3. 2 stops</div><div  class="pass"><span class="pass-label">P </span>Expected By.cssSelector: .tile-media visible : Actual By.cssSelector: .tile-media visible <a href="../img/orbizTestCases_bwjjipdyptu852013.png" target="_blank">[View Screenshot]</a> </div><div  class="info"><span class="info-label">I </span>4. true</div><div  class="info"><span class="info-label">I </span>1. 3:25pm</div><div  class="info"><span class="info-label">I </span>2. 9:50am</div><div  class="info"><span class="info-label">I </span>3. 2 stops</div><div  class="pass"><span class="pass-label">P </span>Expected By.cssSelector: .tile-media visible : Actual By.cssSelector: .tile-media visible <a href="../img/orbizTestCases_81v7bcz20vdb52014.png" target="_blank">[View Screenshot]</a> </div><div  class="info"><span class="info-label">I </span>4. true</div><div  class="info"><span class="info-label">I </span>1. 11:45pm</div><div  class="info"><span class="info-label">I </span>2. 4:50pm</div><div  class="info"><span class="info-label">I </span>3. 2 stops</div><div  class="pass"><span class="pass-label">P </span>Expected By.cssSelector: .tile-media visible : Actual By.cssSelector: .tile-media visible <a href="../img/orbizTestCases_rqauiq9dm9j752015.png" target="_blank">[View Screenshot]</a> </div><div  class="info"><span class="info-label">I </span>4. true</div><div  class="info"><span class="info-label">I </span>1. 11:45pm</div><div  class="info"><span class="info-label">I </span>2. 4:50pm</div><div  class="info"><span class="info-label">I </span>3. 2 stops</div><div  class="pass"><span class="pass-label">P </span>Expected By.cssSelector: .tile-media visible : Actual By.cssSelector: .tile-media visible <a href="../img/orbizTestCases_1lq7qwl34isco52016.png" target="_blank">[View Screenshot]</a> </div><div  class="info"><span class="info-label">I </span>4. true</div><div  class="info"><span class="info-label">I </span>1. 8:15pm</div><div  class="info"><span class="info-label">I </span>2. 9:50am</div><div  class="info"><span class="info-label">I </span>3. 2 stops</div><div  class="pass"><span class="pass-label">P </span>Expected By.cssSelector: .tile-media visible : Actual By.cssSelector: .tile-media visible <a href="../img/orbizTestCases_nved5nva5foa52017.png" target="_blank">[View Screenshot]</a> </div><div  class="info"><span class="info-label">I </span>4. true</div><div  class="info"><span class="info-label">I </span>1. 3:25pm</div><div  class="info"><span class="info-label">I </span>2. 4:45pm</div><div  class="info"><span class="info-label">I </span>3. 1 stop</div><div  class="pass"><span class="pass-label">P </span>Expected By.cssSelector: .tile-media visible : Actual By.cssSelector: .tile-media visible <a href="../img/orbizTestCases_f7xa8671b6x252018.png" target="_blank">[View Screenshot]</a> </div><div  class="info"><span class="info-label">I </span>4. true</div><div  class="info"><span class="info-label">I </span>1. 3:25pm</div><div  class="info"><span class="info-label">I </span>2. 9:50am</div><div  class="info"><span class="info-label">I </span>3. 2 stops</div><div  class="pass"><span class="pass-label">P </span>Expected By.cssSelector: .tile-media visible : Actual By.cssSelector: .tile-media visible <a href="../img/orbizTestCases_16gvetlvqxe7g52019.png" target="_blank">[View Screenshot]</a> </div><div  class="info"><span class="info-label">I </span>4. true</div><div  class="info"><span class="info-label">I </span>1. 4:00pm</div><div  class="info"><span class="info-label">I </span>2. 8:15am</div><div  class="info"><span class="info-label">I </span>3. 2 stops</div><div  class="pass"><span class="pass-label">P </span>Expected By.cssSelector: .tile-media visible : Actual By.cssSelector: .tile-media visible <a href="../img/orbizTestCases_1boaxgeush1va52020.png" target="_blank">[View Screenshot]</a> </div><div  class="info"><span class="info-label">I </span>4. true</div><div  class="info"><span class="info-label">I </span>1. 8:25pm</div><div  class="info"><span class="info-label">I </span>2. 9:50am</div><div  class="info"><span class="info-label">I </span>3. 2 stops</div><div  class="pass"><span class="pass-label">P </span>Expected By.cssSelector: .tile-media visible : Actual By.cssSelector: .tile-media visible <a href="../img/orbizTestCases_1nbn9wj6exuht52021.png" target="_blank">[View Screenshot]</a> </div><div  class="info"><span class="info-label">I </span>4. true</div><div  class="info"><span class="info-label">I </span>1. 7:35am</div><div  class="info"><span class="info-label">I </span>2. 4:50pm</div><div  class="info"><span class="info-label">I </span>3. 2 stops</div><div  class="pass"><span class="pass-label">P </span>Expected By.cssSelector: .tile-media visible : Actual By.cssSelector: .tile-media visible <a href="../img/orbizTestCases_1l4bn3fyf84852022.png" target="_blank">[View Screenshot]</a> </div><div  class="info"><span class="info-label">I </span>4. true</div><div  class="info"><span class="info-label">I </span>1. 7:35am</div><div  class="info"><span class="info-label">I </span>2. 4:50pm</div><div  class="info"><span class="info-label">I </span>3. 2 stops</div><div  class="pass"><span class="pass-label">P </span>Expected By.cssSelector: .tile-media visible : Actual By.cssSelector: .tile-media visible <a href="../img/orbizTestCases_4fqwu8s93rz552023.png" target="_blank">[View Screenshot]</a> </div><div  class="info"><span class="info-label">I </span>4. true</div><div  class="info"><span class="info-label">I </span>1. 5:55am</div><div  class="info"><span class="info-label">I </span>2. 4:50pm</div><div  class="info"><span class="info-label">I </span>3. 2 stops</div><div  class="pass"><span class="pass-label">P </span>Expected By.cssSelector: .tile-media visible : Actual By.cssSelector: .tile-media visible <a href="../img/orbizTestCases_nb8swj4taq1y52024.png" target="_blank">[View Screenshot]</a> </div><div  class="info"><span class="info-label">I </span>4. true</div><div  class="info"><span class="info-label">I </span>1. 8:25pm</div><div  class="info"><span class="info-label">I </span>2. 8:15am</div><div  class="info"><span class="info-label">I </span>3. 2 stops</div><div  class="pass"><span class="pass-label">P </span>Expected By.cssSelector: .tile-media visible : Actual By.cssSelector: .tile-media visible <a href="../img/orbizTestCases_2xk6549udcdf52025.png" target="_blank">[View Screenshot]</a> </div><div  class="info"><span class="info-label">I </span>4. true</div><div  class="info"><span class="info-label">I </span>1. 3:25am</div><div  class="info"><span class="info-label">I </span>2. 4:50pm</div><div  class="info"><span class="info-label">I </span>3. 2 stops</div><div  class="pass"><span class="pass-label">P </span>Expected By.cssSelector: .tile-media visible : Actual By.cssSelector: .tile-media visible <a href="../img/orbizTestCases_16jcoudrzvdy852026.png" target="_blank">[View Screenshot]</a> </div><div  class="info"><span class="info-label">I </span>4. true</div><div  class="info"><span class="info-label">I </span>1. 5:50am</div><div  class="info"><span class="info-label">I </span>2. 4:50pm</div><div  class="info"><span class="info-label">I </span>3. 2 stops</div><div  class="pass"><span class="pass-label">P </span>Expected By.cssSelector: .tile-media visible : Actual By.cssSelector: .tile-media visible <a href="../img/orbizTestCases_c7hd9xmynvgg52027.png" target="_blank">[View Screenshot]</a> </div><div  class="info"><span class="info-label">I </span>4. true</div><div  class="info"><span class="info-label">I </span>1. 5:50am</div><div  class="info"><span class="info-label">I </span>2. 4:50pm</div><div  class="info"><span class="info-label">I </span>3. 2 stops</div><div  class="pass"><span class="pass-label">P </span>Expected By.cssSelector: .tile-media visible : Actual By.cssSelector: .tile-media visible <a href="../img/orbizTestCases_zrnvlokpa81q52028.png" target="_blank">[View Screenshot]</a> </div><div  class="info"><span class="info-label">I </span>4. true</div><div  class="info"><span class="info-label">I </span>1. 4:00pm</div><div  class="info"><span class="info-label">I </span>2. 9:50am</div><div  class="info"><span class="info-label">I </span>3. 2 stops</div><div  class="pass"><span class="pass-label">P </span>Expected By.cssSelector: .tile-media visible : Actual By.cssSelector: .tile-media visible <a href="../img/orbizTestCases_1kij73aq6u96552029.png" target="_blank">[View Screenshot]</a> </div><div  class="info"><span class="info-label">I </span>4. true</div><div  class="info"><span class="info-label">I </span>1. 7:40am</div><div  class="info"><span class="info-label">I </span>2. 8:35pm</div><div  class="info"><span class="info-label">I </span>3. 2 stops</div><div  class="pass"><span class="pass-label">P </span>Expected By.cssSelector: .tile-media visible : Actual By.cssSelector: .tile-media visible <a href="../img/orbizTestCases_ruf6mbx94max52030.png" target="_blank">[View Screenshot]</a> </div><div  class="info"><span class="info-label">I </span>4. true</div><div  class="info"><span class="info-label">I </span>1. 5:50am</div><div  class="info"><span class="info-label">I </span>2. 4:50pm</div><div  class="info"><span class="info-label">I </span>3. 2 stops</div><div  class="pass"><span class="pass-label">P </span>Expected By.cssSelector: .tile-media visible : Actual By.cssSelector: .tile-media visible <a href="../img/orbizTestCases_61ie3tmmijxd52031.png" target="_blank">[View Screenshot]</a> </div><div  class="info"><span class="info-label">I </span>4. true</div><div  class="info"><span class="info-label">I </span>1. 5:50am</div><div  class="info"><span class="info-label">I </span>2. 4:50pm</div><div  class="info"><span class="info-label">I </span>3. 2 stops</div><div  class="pass"><span class="pass-label">P </span>Expected By.cssSelector: .tile-media visible : Actual By.cssSelector: .tile-media visible <a href="../img/orbizTestCases_np2mj6n5ldei52032.png" target="_blank">[View Screenshot]</a> </div><div  class="info"><span class="info-label">I </span>4. true</div><div  class="info"><span class="info-label">I </span>1. 6:50pm</div><div  class="info"><span class="info-label">I </span>2. 9:50am</div><div  class="info"><span class="info-label">I </span>3. 2 stops</div><div  class="pass"><span class="pass-label">P </span>Expected By.cssSelector: .tile-media visible : Actual By.cssSelector: .tile-media visible <a href="../img/orbizTestCases_rqsnazscuybx52033.png" target="_blank">[View Screenshot]</a> </div><div  class="info"><span class="info-label">I </span>4. true</div><div  class="info"><span class="info-label">I </span>1. 7:00pm</div><div  class="info"><span class="info-label">I </span>2. 7:15am</div><div  class="info"><span class="info-label">I </span>3. 2 stops</div><div  class="pass"><span class="pass-label">P </span>Expected By.cssSelector: .tile-media visible : Actual By.cssSelector: .tile-media visible <a href="../img/orbizTestCases_a1xglmj3dnko52034.png" target="_blank">[View Screenshot]</a> </div><div  class="info"><span class="info-label">I </span>4. true</div><div  class="info"><span class="info-label">I </span>1. 5:50am</div><div  class="info"><span class="info-label">I </span>2. 4:50pm</div><div  class="info"><span class="info-label">I </span>3. 4 stops</div><div  class="pass"><span class="pass-label">P </span>Expected By.cssSelector: .tile-media visible : Actual By.cssSelector: .tile-media visible <a href="../img/orbizTestCases_8y2fd5khrqty52035.png" target="_blank">[View Screenshot]</a> </div><div  class="info"><span class="info-label">I </span>4. true</div></div>]]>
    </line>
  </reporter-output>
  <suite name="Default suite" duration-ms="58139" started-at="2018-01-09T11:20:17Z" finished-at="2018-01-09T11:21:15Z">
    <groups>
    </groups>
    <test name="Default test" duration-ms="58139" started-at="2018-01-09T11:20:17Z" finished-at="2018-01-09T11:21:15Z">
      <class name="com.qaforbitzautomation.TestCases.QaforbitzTestCases">
        <test-method status="PASS" signature="orbizTestCases()[pri:0, instance:com.qaforbitzautomation.TestCases.QaforbitzTestCases@16150369]" name="orbizTestCases" duration-ms="58098" started-at="2018-01-09T16:50:17Z" finished-at="2018-01-09T16:51:15Z">
          <reporter-output>
            <line>
              <![CDATA[Webdriver Listener]]>
            </line>
            <line>
              <![CDATA[Webdriver Listener]]>
            </line>
            <line>
              <![CDATA[Webdriver Listener]]>
            </line>
            <line>
              <![CDATA[Webdriver Listener]]>
            </line>
            <line>
              <![CDATA[Webdriver Listener]]>
            </line>
            <line>
              <![CDATA[Webelement Listener]]>
            </line>
            <line>
              <![CDATA[Webdriver Listener]]>
            </line>
            <line>
              <![CDATA[Webelement Listener]]>
            </line>
            <line>
              <![CDATA[Webdriver Listener]]>
            </line>
            <line>
              <![CDATA[Webelement Listener]]>
            </line>
            <line>
              <![CDATA[Webdriver Listener]]>
            </line>
            <line>
              <![CDATA[Webelement Listener]]>
            </line>
            <line>
              <![CDATA[Webdriver Listener]]>
            </line>
            <line>
              <![CDATA[Webelement Listener]]>
            </line>
            <line>
              <![CDATA[Webdriver Listener]]>
            </line>
            <line>
              <![CDATA[Webelement Listener]]>
            </line>
            <line>
              <![CDATA[Webdriver Listener]]>
            </line>
            <line>
              <![CDATA[Webelement Listener]]>
            </line>
            <line>
              <![CDATA[Webdriver Listener]]>
            </line>
            <line>
              <![CDATA[Webelement Listener]]>
            </line>
            <line>
              <![CDATA[Webdriver Listener]]>
            </line>
            <line>
              <![CDATA[Webelement Listener]]>
            </line>
            <line>
              <![CDATA[Webdriver Listener]]>
            </line>
            <line>
              <![CDATA[Webelement Listener]]>
            </line>
            <line>
              <![CDATA[Webdriver Listener]]>
            </line>
            <line>
              <![CDATA[Webelement Listener]]>
            </line>
            <line>
              <![CDATA[Webdriver Listener]]>
            </line>
            <line>
              <![CDATA[Webelement Listener]]>
            </line>
            <line>
              <![CDATA[Webdriver Listener]]>
            </line>
            <line>
              <![CDATA[Webdriver Listener]]>
            </line>
            <line>
              <![CDATA[Webdriver Listener]]>
            </line>
            <line>
              <![CDATA[Webelement Listener]]>
            </line>
            <line>
              <![CDATA[Webelement Listener]]>
            </line>
            <line>
              <![CDATA[Webelement Listener]]>
            </line>
            <line>
              <![CDATA[Webelement Listener]]>
            </line>
            <line>
              <![CDATA[Webelement Listener]]>
            </line>
            <line>
              <![CDATA[Webelement Listener]]>
            </line>
            <line>
              <![CDATA[Webelement Listener]]>
            </line>
            <line>
              <![CDATA[Webelement Listener]]>
            </line>
            <line>
              <![CDATA[Webelement Listener]]>
            </line>
            <line>
              <![CDATA[Webdriver Listener]]>
            </line>
            <line>
              <![CDATA[Webelement Listener]]>
            </line>
            <line>
              <![CDATA[Webelement Listener]]>
            </line>
            <line>
              <![CDATA[Webelement Listener]]>
            </line>
            <line>
              <![CDATA[Webelement Listener]]>
            </line>
            <line>
              <![CDATA[Webelement Listener]]>
            </line>
            <line>
              <![CDATA[Webelement Listener]]>
            </line>
            <line>
              <![CDATA[Webelement Listener]]>
            </line>
            <line>
              <![CDATA[Webelement Listener]]>
            </line>
            <line>
              <![CDATA[Webelement Listener]]>
            </line>
            <line>
              <![CDATA[Webdriver Listener]]>
            </line>
            <line>
              <![CDATA[Webelement Listener]]>
            </line>
            <line>
              <![CDATA[Webelement Listener]]>
            </line>
            <line>
              <![CDATA[Webelement Listener]]>
            </line>
            <line>
              <![CDATA[Webelement Listener]]>
            </line>
            <line>
              <![CDATA[Webelement Listener]]>
            </line>
            <line>
              <![CDATA[Webelement Listener]]>
            </line>
            <line>
              <![CDATA[Webelement Listener]]>
            </line>
            <line>
              <![CDATA[Webelement Listener]]>
            </line>
            <line>
              <![CDATA[Webelement Listener]]>
            </line>
            <line>
              <![CDATA[Webdriver Listener]]>
            </line>
            <line>
              <![CDATA[Webelement Listener]]>
            </line>
            <line>
              <![CDATA[Webelement Listener]]>
            </line>
            <line>
              <![CDATA[Webelement Listener]]>
            </line>
            <line>
              <![CDATA[Webelement Listener]]>
            </line>
            <line>
              <![CDATA[Webelement Listener]]>
            </line>
            <line>
              <![CDATA[Webelement Listener]]>
            </line>
            <line>
              <![CDATA[Webelement Listener]]>
            </line>
            <line>
              <![CDATA[Webelement Listener]]>
            </line>
            <line>
              <![CDATA[Webelement Listener]]>
            </line>
            <line>
              <![CDATA[Webdriver Listener]]>
            </line>
            <line>
              <![CDATA[Webelement Listener]]>
            </line>
            <line>
              <![CDATA[Webelement Listener]]>
            </line>
            <line>
              <![CDATA[Webelement Listener]]>
            </line>
            <line>
              <![CDATA[Webelement Listener]]>
            </line>
            <line>
              <![CDATA[Webelement Listener]]>
            </line>
            <line>
              <![CDATA[Webelement Listener]]>
            </line>
            <line>
              <![CDATA[Webelement Listener]]>
            </line>
            <line>
              <![CDATA[Webelement Listener]]>
            </line>
            <line>
              <![CDATA[Webelement Listener]]>
            </line>
            <line>
              <![CDATA[Webdriver Listener]]>
            </line>
            <line>
              <![CDATA[Webelement Listener]]>
            </line>
            <line>
              <![CDATA[Webelement Listener]]>
            </line>
            <line>
              <![CDATA[Webelement Listener]]>
            </line>
            <line>
              <![CDATA[Webelement Listener]]>
            </line>
            <line>
              <![CDATA[Webelement Listener]]>
            </line>
            <line>
              <![CDATA[Webelement Listener]]>
            </line>
            <line>
              <![CDATA[Webelement Listener]]>
            </line>
            <line>
              <![CDATA[Webelement Listener]]>
            </line>
            <line>
              <![CDATA[Webelement Listener]]>
            </line>
            <line>
              <![CDATA[Webdriver Listener]]>
            </line>
            <line>
              <![CDATA[Webelement Listener]]>
            </line>
            <line>
              <![CDATA[Webelement Listener]]>
            </line>
            <line>
              <![CDATA[Webelement Listener]]>
            </line>
            <line>
              <![CDATA[Webelement Listener]]>
            </line>
            <line>
              <![CDATA[Webelement Listener]]>
            </line>
            <line>
              <![CDATA[Webelement Listener]]>
            </line>
            <line>
              <![CDATA[Webelement Listener]]>
            </line>
            <line>
              <![CDATA[Webelement Listener]]>
            </line>
            <line>
              <![CDATA[Webelement Listener]]>
            </line>
            <line>
              <![CDATA[Webdriver Listener]]>
            </line>
            <line>
              <![CDATA[Webelement Listener]]>
            </line>
            <line>
              <![CDATA[Webelement Listener]]>
            </line>
            <line>
              <![CDATA[Webelement Listener]]>
            </line>
            <line>
              <![CDATA[Webelement Listener]]>
            </line>
            <line>
              <![CDATA[Webelement Listener]]>
            </line>
            <line>
              <![CDATA[Webelement Listener]]>
            </line>
            <line>
              <![CDATA[Webelement Listener]]>
            </line>
            <line>
              <![CDATA[Webelement Listener]]>
            </line>
            <line>
              <![CDATA[Webelement Listener]]>
            </line>
            <line>
              <![CDATA[Webdriver Listener]]>
            </line>
            <line>
              <![CDATA[Webelement Listener]]>
            </line>
            <line>
              <![CDATA[Webelement Listener]]>
            </line>
            <line>
              <![CDATA[Webelement Listener]]>
            </line>
            <line>
              <![CDATA[Webelement Listener]]>
[...]
/span>Expected By.cssSelector: .tile-media visible : Actual By.cssSelector: .tile-media visible <a href="../img/orbizTestCases_xcar6rknxj2v51997.png" target="_blank">[View Screenshot]</a> </div><div  class="info"><span class="info-label">I </span>4. true</div><div  class="info"><span class="info-label">I </span>1. 4:00pm</div><div  class="info"><span class="info-label">I </span>2. 9:50am</div><div  class="info"><span class="info-label">I </span>3. 2 stops</div><div  class="pass"><span class="pass-label">P </span>Expected By.cssSelector: .tile-media visible : Actual By.cssSelector: .tile-media visible <a href="../img/orbizTestCases_mcsyhl1ealhw51998.png" target="_blank">[View Screenshot]</a> </div><div  class="info"><span class="info-label">I </span>4. true</div><div  class="info"><span class="info-label">I </span>1. 3:25am</div><div  class="info"><span class="info-label">I </span>2. 4:45pm</div><div  class="info"><span class="info-label">I </span>3. 2 stops</div><div  class="pass"><span class="pass-label">P </span>Expected By.cssSelector: .tile-media visible : Actual By.cssSelector: .tile-media visible <a href="../img/orbizTestCases_16xoum5ou218x51999.png" target="_blank">[View Screenshot]</a> </div><div  class="info"><span class="info-label">I </span>4. true</div><div  class="info"><span class="info-label">I </span>1. 5:55am</div><div  class="info"><span class="info-label">I </span>2. 4:45pm</div><div  class="info"><span class="info-label">I </span>3. 2 stops</div><div  class="pass"><span class="pass-label">P </span>Expected By.cssSelector: .tile-media visible : Actual By.cssSelector: .tile-media visible <a href="../img/orbizTestCases_1xg37ftzqhltn52000.png" target="_blank">[View Screenshot]</a> </div><div  class="info"><span class="info-label">I </span>4. true</div><div  class="info"><span class="info-label">I </span>1. 11:45pm</div><div  class="info"><span class="info-label">I </span>2. 4:50pm</div><div  class="info"><span class="info-label">I </span>3. 2 stops</div><div  class="pass"><span class="pass-label">P </span>Expected By.cssSelector: .tile-media visible : Actual By.cssSelector: .tile-media visible <a href="../img/orbizTestCases_wcjhd5nqvbhc52001.png" target="_blank">[View Screenshot]</a> </div><div  class="info"><span class="info-label">I </span>4. true</div><div  class="info"><span class="info-label">I </span>1. 3:25am</div><div  class="info"><span class="info-label">I </span>2. 4:50pm</div><div  class="info"><span class="info-label">I </span>3. 2 stops</div><div  class="pass"><span class="pass-label">P </span>Expected By.cssSelector: .tile-media visible : Actual By.cssSelector: .tile-media visible <a href="../img/orbizTestCases_15hbm1o622sya52002.png" target="_blank">[View Screenshot]</a> </div><div  class="info"><span class="info-label">I </span>4. true</div><div  class="info"><span class="info-label">I </span>1. 5:35pm</div><div  class="info"><span class="info-label">I </span>2. 8:15am</div><div  class="info"><span class="info-label">I </span>3. 2 stops</div><div  class="pass"><span class="pass-label">P </span>Expected By.cssSelector: .tile-media visible : Actual By.cssSelector: .tile-media visible <a href="../img/orbizTestCases_4gzolqapw33m52003.png" target="_blank">[View Screenshot]</a> </div><div  class="info"><span class="info-label">I </span>4. true</div><div  class="info"><span class="info-label">I </span>1. 5:35pm</div><div  class="info"><span class="info-label">I </span>2. 8:15am</div><div  class="info"><span class="info-label">I </span>3. 2 stops</div><div  class="pass"><span class="pass-label">P </span>Expected By.cssSelector: .tile-media visible : Actual By.cssSelector: .tile-media visible <a href="../img/orbizTestCases_q05xhezyt2cc52004.png" target="_blank">[View Screenshot]</a> </div><div  class="info"><span class="info-label">I </span>4. true</div><div  class="info"><span class="info-label">I </span>1. 8:25pm</div><div  class="info"><span class="info-label">I </span>2. 9:50am</div><div  class="info"><span class="info-label">I </span>3. 2 stops</div><div  class="pass"><span class="pass-label">P </span>Expected By.cssSelector: .tile-media visible : Actual By.cssSelector: .tile-media visible <a href="../img/orbizTestCases_f0x1p8jhhebn52005.png" target="_blank">[View Screenshot]</a> </div><div  class="info"><span class="info-label">I </span>4. true</div><div  class="info"><span class="info-label">I </span>1. 5:55am</div><div  class="info"><span class="info-label">I </span>2. 4:45pm</div><div  class="info"><span class="info-label">I </span>3. 2 stops</div><div  class="pass"><span class="pass-label">P </span>Expected By.cssSelector: .tile-media visible : Actual By.cssSelector: .tile-media visible <a href="../img/orbizTestCases_dcbizn6lnaak52006.png" target="_blank">[View Screenshot]</a> </div><div  class="info"><span class="info-label">I </span>4. true</div><div  class="info"><span class="info-label">I </span>1. 8:15pm</div><div  class="info"><span class="info-label">I </span>2. 9:50am</div><div  class="info"><span class="info-label">I </span>3. 2 stops</div><div  class="pass"><span class="pass-label">P </span>Expected By.cssSelector: .tile-media visible : Actual By.cssSelector: .tile-media visible <a href="../img/orbizTestCases_1134ny1jkbqzr52007.png" target="_blank">[View Screenshot]</a> </div><div  class="info"><span class="info-label">I </span>4. true</div><div  class="info"><span class="info-label">I </span>1. 7:35am</div><div  class="info"><span class="info-label">I </span>2. 4:50pm</div><div  class="info"><span class="info-label">I </span>3. 2 stops</div><div  class="pass"><span class="pass-label">P </span>Expected By.cssSelector: .tile-media visible : Actual By.cssSelector: .tile-media visible <a href="../img/orbizTestCases_172o06rxvund52008.png" target="_blank">[View Screenshot]</a> </div><div  class="info"><span class="info-label">I </span>4. true</div><div  class="info"><span class="info-label">I </span>1. 11:45pm</div><div  class="info"><span class="info-label">I </span>2. 4:45pm</div><div  class="info"><span class="info-label">I </span>3. 1 stop</div><div  class="pass"><span class="pass-label">P </span>Expected By.cssSelector: .tile-media visible : Actual By.cssSelector: .tile-media visible <a href="../img/orbizTestCases_1edu1gz1ub5c852009.png" target="_blank">[View Screenshot]</a> </div><div  class="info"><span class="info-label">I </span>4. true</div><div  class="info"><span class="info-label">I </span>1. 8:15pm</div><div  class="info"><span class="info-label">I </span>2. 4:45pm</div><div  class="info"><span class="info-label">I </span>3. 1 stop</div><div  class="pass"><span class="pass-label">P </span>Expected By.cssSelector: .tile-media visible : Actual By.cssSelector: .tile-media visible <a href="../img/orbizTestCases_1qlq1c2ck0wbu52010.png" target="_blank">[View Screenshot]</a> </div><div  class="info"><span class="info-label">I </span>4. true</div><div  class="info"><span class="info-label">I </span>1. 4:00pm</div><div  class="info"><span class="info-label">I </span>2. 9:50am</div><div  class="info"><span class="info-label">I </span>3. 2 stops</div><div  class="pass"><span class="pass-label">P </span>Expected By.cssSelector: .tile-media visible : Actual By.cssSelector: .tile-media visible <a href="../img/orbizTestCases_14bqbi07ieny252011.png" target="_blank">[View Screenshot]</a> </div><div  class="info"><span class="info-label">I </span>4. true</div><div  class="info"><span class="info-label">I </span>1. 4:00pm</div><div  class="info"><span class="info-label">I </span>2. 9:50am</div><div  class="info"><span class="info-label">I </span>3. 2 stops</div><div  class="pass"><span class="pass-label">P </span>Expected By.cssSelector: .tile-media visible : Actual By.cssSelector: .tile-media visible <a href="../img/orbizTestCases_1o94lf2fsuqrz52012.png" target="_blank">[View Screenshot]</a> </div><div  class="info"><span class="info-label">I </span>4. true</div><div  class="info"><span class="info-label">I </span>1. 3:25pm</div><div  class="info"><span class="info-label">I </span>2. 9:50am</div><div  class="info"><span class="info-label">I </span>3. 2 stops</div><div  class="pass"><span class="pass-label">P </span>Expected By.cssSelector: .tile-media visible : Actual By.cssSelector: .tile-media visible <a href="../img/orbizTestCases_bwjjipdyptu852013.png" target="_blank">[View Screenshot]</a> </div><div  class="info"><span class="info-label">I </span>4. true</div><div  class="info"><span class="info-label">I </span>1. 3:25pm</div><div  class="info"><span class="info-label">I </span>2. 9:50am</div><div  class="info"><span class="info-label">I </span>3. 2 stops</div><div  class="pass"><span class="pass-label">P </span>Expected By.cssSelector: .tile-media visible : Actual By.cssSelector: .tile-media visible <a href="../img/orbizTestCases_81v7bcz20vdb52014.png" target="_blank">[View Screenshot]</a> </div><div  class="info"><span class="info-label">I </span>4. true</div><div  class="info"><span class="info-label">I </span>1. 11:45pm</div><div  class="info"><span class="info-label">I </span>2. 4:50pm</div><div  class="info"><span class="info-label">I </span>3. 2 stops</div><div  class="pass"><span class="pass-label">P </span>Expected By.cssSelector: .tile-media visible : Actual By.cssSelector: .tile-media visible <a href="../img/orbizTestCases_rqauiq9dm9j752015.png" target="_blank">[View Screenshot]</a> </div><div  class="info"><span class="info-label">I </span>4. true</div><div  class="info"><span class="info-label">I </span>1. 11:45pm</div><div  class="info"><span class="info-label">I </span>2. 4:50pm</div><div  class="info"><span class="info-label">I </span>3. 2 stops</div><div  class="pass"><span class="pass-label">P </span>Expected By.cssSelector: .tile-media visible : Actual By.cssSelector: .tile-media visible <a href="../img/orbizTestCases_1lq7qwl34isco52016.png" target="_blank">[View Screenshot]</a> </div><div  class="info"><span class="info-label">I </span>4. true</div><div  class="info"><span class="info-label">I </span>1. 8:15pm</div><div  class="info"><span class="info-label">I </span>2. 9:50am</div><div  class="info"><span class="info-label">I </span>3. 2 stops</div><div  class="pass"><span class="pass-label">P </span>Expected By.cssSelector: .tile-media visible : Actual By.cssSelector: .tile-media visible <a href="../img/orbizTestCases_nved5nva5foa52017.png" target="_blank">[View Screenshot]</a> </div><div  class="info"><span class="info-label">I </span>4. true</div><div  class="info"><span class="info-label">I </span>1. 3:25pm</div><div  class="info"><span class="info-label">I </span>2. 4:45pm</div><div  class="info"><span class="info-label">I </span>3. 1 stop</div><div  class="pass"><span class="pass-label">P </span>Expected By.cssSelector: .tile-media visible : Actual By.cssSelector: .tile-media visible <a href="../img/orbizTestCases_f7xa8671b6x252018.png" target="_blank">[View Screenshot]</a> </div><div  class="info"><span class="info-label">I </span>4. true</div><div  class="info"><span class="info-label">I </span>1. 3:25pm</div><div  class="info"><span class="info-label">I </span>2. 9:50am</div><div  class="info"><span class="info-label">I </span>3. 2 stops</div><div  class="pass"><span class="pass-label">P </span>Expected By.cssSelector: .tile-media visible : Actual By.cssSelector: .tile-media visible <a href="../img/orbizTestCases_16gvetlvqxe7g52019.png" target="_blank">[View Screenshot]</a> </div><div  class="info"><span class="info-label">I </span>4. true</div><div  class="info"><span class="info-label">I </span>1. 4:00pm</div><div  class="info"><span class="info-label">I </span>2. 8:15am</div><div  class="info"><span class="info-label">I </span>3. 2 stops</div><div  class="pass"><span class="pass-label">P </span>Expected By.cssSelector: .tile-media visible : Actual By.cssSelector: .tile-media visible <a href="../img/orbizTestCases_1boaxgeush1va52020.png" target="_blank">[View Screenshot]</a> </div><div  class="info"><span class="info-label">I </span>4. true</div><div  class="info"><span class="info-label">I </span>1. 8:25pm</div><div  class="info"><span class="info-label">I </span>2. 9:50am</div><div  class="info"><span class="info-label">I </span>3. 2 stops</div><div  class="pass"><span class="pass-label">P </span>Expected By.cssSelector: .tile-media visible : Actual By.cssSelector: .tile-media visible <a href="../img/orbizTestCases_1nbn9wj6exuht52021.png" target="_blank">[View Screenshot]</a> </div><div  class="info"><span class="info-label">I </span>4. true</div><div  class="info"><span class="info-label">I </span>1. 7:35am</div><div  class="info"><span class="info-label">I </span>2. 4:50pm</div><div  class="info"><span class="info-label">I </span>3. 2 stops</div><div  class="pass"><span class="pass-label">P </span>Expected By.cssSelector: .tile-media visible : Actual By.cssSelector: .tile-media visible <a href="../img/orbizTestCases_1l4bn3fyf84852022.png" target="_blank">[View Screenshot]</a> </div><div  class="info"><span class="info-label">I </span>4. true</div><div  class="info"><span class="info-label">I </span>1. 7:35am</div><div  class="info"><span class="info-label">I </span>2. 4:50pm</div><div  class="info"><span class="info-label">I </span>3. 2 stops</div><div  class="pass"><span class="pass-label">P </span>Expected By.cssSelector: .tile-media visible : Actual By.cssSelector: .tile-media visible <a href="../img/orbizTestCases_4fqwu8s93rz552023.png" target="_blank">[View Screenshot]</a> </div><div  class="info"><span class="info-label">I </span>4. true</div><div  class="info"><span class="info-label">I </span>1. 5:55am</div><div  class="info"><span class="info-label">I </span>2. 4:50pm</div><div  class="info"><span class="info-label">I </span>3. 2 stops</div><div  class="pass"><span class="pass-label">P </span>Expected By.cssSelector: .tile-media visible : Actual By.cssSelector: .tile-media visible <a href="../img/orbizTestCases_nb8swj4taq1y52024.png" target="_blank">[View Screenshot]</a> </div><div  class="info"><span class="info-label">I </span>4. true</div><div  class="info"><span class="info-label">I </span>1. 8:25pm</div><div  class="info"><span class="info-label">I </span>2. 8:15am</div><div  class="info"><span class="info-label">I </span>3. 2 stops</div><div  class="pass"><span class="pass-label">P </span>Expected By.cssSelector: .tile-media visible : Actual By.cssSelector: .tile-media visible <a href="../img/orbizTestCases_2xk6549udcdf52025.png" target="_blank">[View Screenshot]</a> </div><div  class="info"><span class="info-label">I </span>4. true</div><div  class="info"><span class="info-label">I </span>1. 3:25am</div><div  class="info"><span class="info-label">I </span>2. 4:50pm</div><div  class="info"><span class="info-label">I </span>3. 2 stops</div><div  class="pass"><span class="pass-label">P </span>Expected By.cssSelector: .tile-media visible : Actual By.cssSelector: .tile-media visible <a href="../img/orbizTestCases_16jcoudrzvdy852026.png" target="_blank">[View Screenshot]</a> </div><div  class="info"><span class="info-label">I </span>4. true</div><div  class="info"><span class="info-label">I </span>1. 5:50am</div><div  class="info"><span class="info-label">I </span>2. 4:50pm</div><div  class="info"><span class="info-label">I </span>3. 2 stops</div><div  class="pass"><span class="pass-label">P </span>Expected By.cssSelector: .tile-media visible : Actual By.cssSelector: .tile-media visible <a href="../img/orbizTestCases_c7hd9xmynvgg52027.png" target="_blank">[View Screenshot]</a> </div><div  class="info"><span class="info-label">I </span>4. true</div><div  class="info"><span class="info-label">I </span>1. 5:50am</div><div  class="info"><span class="info-label">I </span>2. 4:50pm</div><div  class="info"><span class="info-label">I </span>3. 2 stops</div><div  class="pass"><span class="pass-label">P </span>Expected By.cssSelector: .tile-media visible : Actual By.cssSelector: .tile-media visible <a href="../img/orbizTestCases_zrnvlokpa81q52028.png" target="_blank">[View Screenshot]</a> </div><div  class="info"><span class="info-label">I </span>4. true</div><div  class="info"><span class="info-label">I </span>1. 4:00pm</div><div  class="info"><span class="info-label">I </span>2. 9:50am</div><div  class="info"><span class="info-label">I </span>3. 2 stops</div><div  class="pass"><span class="pass-label">P </span>Expected By.cssSelector: .tile-media visible : Actual By.cssSelector: .tile-media visible <a href="../img/orbizTestCases_1kij73aq6u96552029.png" target="_blank">[View Screenshot]</a> </div><div  class="info"><span class="info-label">I </span>4. true</div><div  class="info"><span class="info-label">I </span>1. 7:40am</div><div  class="info"><span class="info-label">I </span>2. 8:35pm</div><div  class="info"><span class="info-label">I </span>3. 2 stops</div><div  class="pass"><span class="pass-label">P </span>Expected By.cssSelector: .tile-media visible : Actual By.cssSelector: .tile-media visible <a href="../img/orbizTestCases_ruf6mbx94max52030.png" target="_blank">[View Screenshot]</a> </div><div  class="info"><span class="info-label">I </span>4. true</div><div  class="info"><span class="info-label">I </span>1. 5:50am</div><div  class="info"><span class="info-label">I </span>2. 4:50pm</div><div  class="info"><span class="info-label">I </span>3. 2 stops</div><div  class="pass"><span class="pass-label">P </span>Expected By.cssSelector: .tile-media visible : Actual By.cssSelector: .tile-media visible <a href="../img/orbizTestCases_61ie3tmmijxd52031.png" target="_blank">[View Screenshot]</a> </div><div  class="info"><span class="info-label">I </span>4. true</div><div  class="info"><span class="info-label">I </span>1. 5:50am</div><div  class="info"><span class="info-label">I </span>2. 4:50pm</div><div  class="info"><span class="info-label">I </span>3. 2 stops</div><div  class="pass"><span class="pass-label">P </span>Expected By.cssSelector: .tile-media visible : Actual By.cssSelector: .tile-media visible <a href="../img/orbizTestCases_np2mj6n5ldei52032.png" target="_blank">[View Screenshot]</a> </div><div  class="info"><span class="info-label">I </span>4. true</div><div  class="info"><span class="info-label">I </span>1. 6:50pm</div><div  class="info"><span class="info-label">I </span>2. 9:50am</div><div  class="info"><span class="info-label">I </span>3. 2 stops</div><div  class="pass"><span class="pass-label">P </span>Expected By.cssSelector: .tile-media visible : Actual By.cssSelector: .tile-media visible <a href="../img/orbizTestCases_rqsnazscuybx52033.png" target="_blank">[View Screenshot]</a> </div><div  class="info"><span class="info-label">I </span>4. true</div><div  class="info"><span class="info-label">I </span>1. 7:00pm</div><div  class="info"><span class="info-label">I </span>2. 7:15am</div><div  class="info"><span class="info-label">I </span>3. 2 stops</div><div  class="pass"><span class="pass-label">P </span>Expected By.cssSelector: .tile-media visible : Actual By.cssSelector: .tile-media visible <a href="../img/orbizTestCases_a1xglmj3dnko52034.png" target="_blank">[View Screenshot]</a> </div><div  class="info"><span class="info-label">I </span>4. true</div><div  class="info"><span class="info-label">I </span>1. 5:50am</div><div  class="info"><span class="info-label">I </span>2. 4:50pm</div><div  class="info"><span class="info-label">I </span>3. 4 stops</div><div  class="pass"><span class="pass-label">P </span>Expected By.cssSelector: .tile-media visible : Actual By.cssSelector: .tile-media visible <a href="../img/orbizTestCases_8y2fd5khrqty52035.png" target="_blank">[View Screenshot]</a> </div><div  class="info"><span class="info-label">I </span>4. true</div></div>]]>
            </line>
          </reporter-output>
        </test-method> <!-- orbizTestCases -->
      </class> <!-- com.qaforbitzautomation.TestCases.QaforbitzTestCases -->
    </test> <!-- Default test -->
  </suite> <!-- Default suite -->
</testng-results>
